
================
== TensorFlow ==
================

NVIDIA Release 22.03-tf2 (build 33659467)
TensorFlow Version 2.8.0

Container image Copyright (c) 2022, NVIDIA CORPORATION & AFFILIATES. All rights reserved.
Copyright 2017-2022 The TensorFlow Authors.  All rights reserved.

Various files include modifications (c) NVIDIA CORPORATION & AFFILIATES.  All rights reserved.

This container image and its contents are governed by the NVIDIA Deep Learning Container License.
By pulling and using the container, you accept the terms and conditions of this license:
https://developer.nvidia.com/ngc/nvidia-deep-learning-container-license

NOTE: CUDA Forward Compatibility mode ENABLED.
  Using CUDA 11.6 driver version 510.47.03 with kernel driver version 470.82.01.
  See https://docs.nvidia.com/deploy/cuda-compatibility/ for details.

NOTE: Mellanox network driver detected, but NVIDIA peer memory driver not
      detected.  Multi-node communication performance may be reduced.

Loaded checkpoint from ./BLM_HPC_v1_lr2e-5_Bahdanau_15EP/ckpt-1
[[3, 173, 7375, 414, 287, 371, 2626, 26972, 4]]
[[  173  7375   414   287   371 26972 26972 26972 26972 26972 26972 26972
  26972 26972 26972 26972 26972     4     4     4     4     4     4     4
      4     4     4     4     4     4     4     4     4     4     4     4
      4     4     4     4     4     4     4     4     4     4     4     4
      4     4     4     4     4     4     4     4     4     4     4     4
      4     4     4     4     4     4     4     4     4     4     4     4
      4     4     4     4     4     4     4     4     4     4     4     4
      4     4     4     4     4     4     4     4     4     4     4     4
      4     4     4     4     4     4     4     4     4     4     4     4
      4     4     4     4     4     4     4     4     4     4     4     4
      4     4     4     4     4     4     4     4]]
In welchem Land sind Sie???????????? [SEP] [SEP] [SEP] [SEP] [SEP] [SEP] [SEP] [SEP] [SEP] [SEP] [SEP] [SEP] [SEP] [SEP] [SEP] [SEP] [SEP] [SEP] [SEP] [SEP] [SEP] [SEP] [SEP] [SEP] [SEP] [SEP] [SEP] [SEP] [SEP] [SEP] [SEP] [SEP] [SEP] [SEP] [SEP] [SEP] [SEP] [SEP] [SEP] [SEP] [SEP] [SEP] [SEP] [SEP] [SEP] [SEP] [SEP] [SEP] [SEP] [SEP] [SEP] [SEP] [SEP] [SEP] [SEP] [SEP] [SEP] [SEP] [SEP] [SEP] [SEP] [SEP] [SEP] [SEP] [SEP] [SEP] [SEP] [SEP] [SEP] [SEP] [SEP] [SEP] [SEP] [SEP] [SEP] [SEP] [SEP] [SEP] [SEP] [SEP] [SEP] [SEP] [SEP] [SEP] [SEP] [SEP] [SEP] [SEP] [SEP] [SEP] [SEP] [SEP] [SEP] [SEP] [SEP] [SEP] [SEP] [SEP] [SEP] [SEP] [SEP] [SEP] [SEP] [SEP] [SEP] [SEP] [SEP] [SEP] [SEP] [SEP] [SEP]
Model: "bert_language_model"
_________________________________________________________________
 Layer (type)                Output Shape              Param #   
=================================================================
 tf_bert_model (TFBertModel)  multiple                 109081344 
                                                                 
 bert_language_decoder (Bert  multiple                 52015152  
 LanguageDecoder)                                                
                                                                 
=================================================================
Total params: 161,096,496
Trainable params: 161,096,496
Non-trainable params: 0
_________________________________________________________________
{'batch_loss': <tf.Tensor: shape=(), dtype=float32, numpy=0.033618625>}
{'batch_loss': <tf.Tensor: shape=(), dtype=float32, numpy=0.056387044>}
{'batch_loss': <tf.Tensor: shape=(), dtype=float32, numpy=0.03644114>}
{'batch_loss': <tf.Tensor: shape=(), dtype=float32, numpy=0.5974156>}
{'batch_loss': <tf.Tensor: shape=(), dtype=float32, numpy=0.08427144>}
{'batch_loss': <tf.Tensor: shape=(), dtype=float32, numpy=0.0868901>}
{'batch_loss': <tf.Tensor: shape=(), dtype=float32, numpy=0.08330157>}
{'batch_loss': <tf.Tensor: shape=(), dtype=float32, numpy=0.5392933>}
{'batch_loss': <tf.Tensor: shape=(), dtype=float32, numpy=0.12175397>}
{'batch_loss': <tf.Tensor: shape=(), dtype=float32, numpy=0.5859122>}
{'batch_loss': <tf.Tensor: shape=(), dtype=float32, numpy=0.020034747>}
{'batch_loss': <tf.Tensor: shape=(), dtype=float32, numpy=0.04873359>}
{'batch_loss': <tf.Tensor: shape=(), dtype=float32, numpy=0.79090405>}
{'batch_loss': <tf.Tensor: shape=(), dtype=float32, numpy=0.74103844>}
{'batch_loss': <tf.Tensor: shape=(), dtype=float32, numpy=0.213148>}
{'batch_loss': <tf.Tensor: shape=(), dtype=float32, numpy=0.739699>}
{'batch_loss': <tf.Tensor: shape=(), dtype=float32, numpy=0.19220926>}
{'batch_loss': <tf.Tensor: shape=(), dtype=float32, numpy=0.15476939>}
{'batch_loss': <tf.Tensor: shape=(), dtype=float32, numpy=0.13168581>}
{'batch_loss': <tf.Tensor: shape=(), dtype=float32, numpy=0.077711366>}
{'batch_loss': <tf.Tensor: shape=(), dtype=float32, numpy=8.058841>}
{'batch_loss': <tf.Tensor: shape=(), dtype=float32, numpy=0.42062408>}
{'batch_loss': <tf.Tensor: shape=(), dtype=float32, numpy=8.723361>}
{'batch_loss': <tf.Tensor: shape=(), dtype=float32, numpy=1.2526343>}
{'batch_loss': <tf.Tensor: shape=(), dtype=float32, numpy=0.12729812>}
{'batch_loss': <tf.Tensor: shape=(), dtype=float32, numpy=4.572049>}
{'batch_loss': <tf.Tensor: shape=(), dtype=float32, numpy=0.5731992>}
{'batch_loss': <tf.Tensor: shape=(), dtype=float32, numpy=0.4159253>}
{'batch_loss': <tf.Tensor: shape=(), dtype=float32, numpy=1.8098196>}
{'batch_loss': <tf.Tensor: shape=(), dtype=float32, numpy=0.822124>}
{'batch_loss': <tf.Tensor: shape=(), dtype=float32, numpy=0.698109>}
{'batch_loss': <tf.Tensor: shape=(), dtype=float32, numpy=1.3597528>}
{'batch_loss': <tf.Tensor: shape=(), dtype=float32, numpy=0.8229013>}
{'batch_loss': <tf.Tensor: shape=(), dtype=float32, numpy=0.5555106>}
{'batch_loss': <tf.Tensor: shape=(), dtype=float32, numpy=1.7168106>}
{'batch_loss': <tf.Tensor: shape=(), dtype=float32, numpy=1.9007676>}
{'batch_loss': <tf.Tensor: shape=(), dtype=float32, numpy=0.8232049>}
{'batch_loss': <tf.Tensor: shape=(), dtype=float32, numpy=0.30323175>}
{'batch_loss': <tf.Tensor: shape=(), dtype=float32, numpy=0.057467055>}
{'batch_loss': <tf.Tensor: shape=(), dtype=float32, numpy=1.4936378>}
{'batch_loss': <tf.Tensor: shape=(), dtype=float32, numpy=1.1816167>}
{'batch_loss': <tf.Tensor: shape=(), dtype=float32, numpy=1.7315111>}
{'batch_loss': <tf.Tensor: shape=(), dtype=float32, numpy=6.060436>}
{'batch_loss': <tf.Tensor: shape=(), dtype=float32, numpy=0.7174779>}
{'batch_loss': <tf.Tensor: shape=(), dtype=float32, numpy=1.9695892>}
{'batch_loss': <tf.Tensor: shape=(), dtype=float32, numpy=1.3833921>}
{'batch_loss': <tf.Tensor: shape=(), dtype=float32, numpy=1.5999855>}
{'batch_loss': <tf.Tensor: shape=(), dtype=float32, numpy=1.2574441>}
{'batch_loss': <tf.Tensor: shape=(), dtype=float32, numpy=2.9487443>}
{'batch_loss': <tf.Tensor: shape=(), dtype=float32, numpy=0.96318394>}
{'batch_loss': <tf.Tensor: shape=(), dtype=float32, numpy=1.0031915>}
{'batch_loss': <tf.Tensor: shape=(), dtype=float32, numpy=0.64294285>}
{'batch_loss': <tf.Tensor: shape=(), dtype=float32, numpy=0.075005226>}
{'batch_loss': <tf.Tensor: shape=(), dtype=float32, numpy=0.7139892>}
{'batch_loss': <tf.Tensor: shape=(), dtype=float32, numpy=10.420011>}
{'batch_loss': <tf.Tensor: shape=(), dtype=float32, numpy=0.60405165>}
{'batch_loss': <tf.Tensor: shape=(), dtype=float32, numpy=0.45839494>}
{'batch_loss': <tf.Tensor: shape=(), dtype=float32, numpy=0.50748575>}
{'batch_loss': <tf.Tensor: shape=(), dtype=float32, numpy=0.33552128>}
{'batch_loss': <tf.Tensor: shape=(), dtype=float32, numpy=1.5191469>}
{'batch_loss': <tf.Tensor: shape=(), dtype=float32, numpy=1.1243899>}
{'batch_loss': <tf.Tensor: shape=(), dtype=float32, numpy=1.3540162>}
{'batch_loss': <tf.Tensor: shape=(), dtype=float32, numpy=0.89864784>}
{'batch_loss': <tf.Tensor: shape=(), dtype=float32, numpy=9.691834>}
{'batch_loss': <tf.Tensor: shape=(), dtype=float32, numpy=0.4609123>}
{'batch_loss': <tf.Tensor: shape=(), dtype=float32, numpy=0.47404307>}
{'batch_loss': <tf.Tensor: shape=(), dtype=float32, numpy=0.057208598>}
{'batch_loss': <tf.Tensor: shape=(), dtype=float32, numpy=0.145689>}
{'batch_loss': <tf.Tensor: shape=(), dtype=float32, numpy=0.04952296>}
{'batch_loss': <tf.Tensor: shape=(), dtype=float32, numpy=0.042978473>}
{'batch_loss': <tf.Tensor: shape=(), dtype=float32, numpy=0.016675735>}
{'batch_loss': <tf.Tensor: shape=(), dtype=float32, numpy=0.63875574>}
{'batch_loss': <tf.Tensor: shape=(), dtype=float32, numpy=0.17593902>}
{'batch_loss': <tf.Tensor: shape=(), dtype=float32, numpy=0.057756297>}
{'batch_loss': <tf.Tensor: shape=(), dtype=float32, numpy=0.20605282>}
{'batch_loss': <tf.Tensor: shape=(), dtype=float32, numpy=0.042493872>}
{'batch_loss': <tf.Tensor: shape=(), dtype=float32, numpy=1.3401237>}
{'batch_loss': <tf.Tensor: shape=(), dtype=float32, numpy=1.8873937>}
{'batch_loss': <tf.Tensor: shape=(), dtype=float32, numpy=1.0088247>}
{'batch_loss': <tf.Tensor: shape=(), dtype=float32, numpy=0.39425558>}
{'batch_loss': <tf.Tensor: shape=(), dtype=float32, numpy=1.6126947>}
{'batch_loss': <tf.Tensor: shape=(), dtype=float32, numpy=1.3645008>}
{'batch_loss': <tf.Tensor: shape=(), dtype=float32, numpy=0.82208616>}
{'batch_loss': <tf.Tensor: shape=(), dtype=float32, numpy=0.55099994>}
{'batch_loss': <tf.Tensor: shape=(), dtype=float32, numpy=7.77499>}
{'batch_loss': <tf.Tensor: shape=(), dtype=float32, numpy=9.071688>}
{'batch_loss': <tf.Tensor: shape=(), dtype=float32, numpy=0.8008504>}
{'batch_loss': <tf.Tensor: shape=(), dtype=float32, numpy=0.76008177>}
{'batch_loss': <tf.Tensor: shape=(), dtype=float32, numpy=0.9677931>}
{'batch_loss': <tf.Tensor: shape=(), dtype=float32, numpy=1.3694118>}
{'batch_loss': <tf.Tensor: shape=(), dtype=float32, numpy=1.0993582>}
{'batch_loss': <tf.Tensor: shape=(), dtype=float32, numpy=1.5795517>}
{'batch_loss': <tf.Tensor: shape=(), dtype=float32, numpy=2.248626>}
{'batch_loss': <tf.Tensor: shape=(), dtype=float32, numpy=0.6672591>}
{'batch_loss': <tf.Tensor: shape=(), dtype=float32, numpy=0.42762727>}
{'batch_loss': <tf.Tensor: shape=(), dtype=float32, numpy=2.4173477>}
{'batch_loss': <tf.Tensor: shape=(), dtype=float32, numpy=2.0769076>}
{'batch_loss': <tf.Tensor: shape=(), dtype=float32, numpy=2.2919729>}
{'batch_loss': <tf.Tensor: shape=(), dtype=float32, numpy=3.0817876>}
{'batch_loss': <tf.Tensor: shape=(), dtype=float32, numpy=1.5133492>}
{'batch_loss': <tf.Tensor: shape=(), dtype=float32, numpy=2.3996665>}
{'batch_loss': <tf.Tensor: shape=(), dtype=float32, numpy=0.9279804>}
{'batch_loss': <tf.Tensor: shape=(), dtype=float32, numpy=7.4494543>}
{'batch_loss': <tf.Tensor: shape=(), dtype=float32, numpy=7.939781>}
{'batch_loss': <tf.Tensor: shape=(), dtype=float32, numpy=1.7919369>}
{'batch_loss': <tf.Tensor: shape=(), dtype=float32, numpy=0.86021876>}
{'batch_loss': <tf.Tensor: shape=(), dtype=float32, numpy=4.6831665>}
{'batch_loss': <tf.Tensor: shape=(), dtype=float32, numpy=1.544144>}
{'batch_loss': <tf.Tensor: shape=(), dtype=float32, numpy=0.34454393>}
{'batch_loss': <tf.Tensor: shape=(), dtype=float32, numpy=2.1385665>}
{'batch_loss': <tf.Tensor: shape=(), dtype=float32, numpy=1.9468167>}
{'batch_loss': <tf.Tensor: shape=(), dtype=float32, numpy=2.6048927>}
{'batch_loss': <tf.Tensor: shape=(), dtype=float32, numpy=3.1472642>}
{'batch_loss': <tf.Tensor: shape=(), dtype=float32, numpy=1.1793368>}
{'batch_loss': <tf.Tensor: shape=(), dtype=float32, numpy=1.0150353>}
{'batch_loss': <tf.Tensor: shape=(), dtype=float32, numpy=0.72177356>}
{'batch_loss': <tf.Tensor: shape=(), dtype=float32, numpy=7.8298225>}
{'batch_loss': <tf.Tensor: shape=(), dtype=float32, numpy=1.2832909>}
{'batch_loss': <tf.Tensor: shape=(), dtype=float32, numpy=2.3768334>}
{'batch_loss': <tf.Tensor: shape=(), dtype=float32, numpy=0.7543858>}
{'batch_loss': <tf.Tensor: shape=(), dtype=float32, numpy=0.8607598>}
{'batch_loss': <tf.Tensor: shape=(), dtype=float32, numpy=0.18080662>}
{'batch_loss': <tf.Tensor: shape=(), dtype=float32, numpy=1.9055752>}
{'batch_loss': <tf.Tensor: shape=(), dtype=float32, numpy=1.0768296>}
{'batch_loss': <tf.Tensor: shape=(), dtype=float32, numpy=2.0705657>}
{'batch_loss': <tf.Tensor: shape=(), dtype=float32, numpy=0.42557693>}
{'batch_loss': <tf.Tensor: shape=(), dtype=float32, numpy=2.028441>}
{'batch_loss': <tf.Tensor: shape=(), dtype=float32, numpy=0.2139954>}
{'batch_loss': <tf.Tensor: shape=(), dtype=float32, numpy=1.2200593>}
{'batch_loss': <tf.Tensor: shape=(), dtype=float32, numpy=0.15655755>}
{'batch_loss': <tf.Tensor: shape=(), dtype=float32, numpy=0.044957407>}
{'batch_loss': <tf.Tensor: shape=(), dtype=float32, numpy=0.14760742>}
{'batch_loss': <tf.Tensor: shape=(), dtype=float32, numpy=11.435862>}
{'batch_loss': <tf.Tensor: shape=(), dtype=float32, numpy=1.2474128>}
{'batch_loss': <tf.Tensor: shape=(), dtype=float32, numpy=0.58193725>}
{'batch_loss': <tf.Tensor: shape=(), dtype=float32, numpy=1.4812415>}
{'batch_loss': <tf.Tensor: shape=(), dtype=float32, numpy=0.4786604>}
{'batch_loss': <tf.Tensor: shape=(), dtype=float32, numpy=0.88777554>}
{'batch_loss': <tf.Tensor: shape=(), dtype=float32, numpy=1.134835>}
{'batch_loss': <tf.Tensor: shape=(), dtype=float32, numpy=1.9425247>}
{'batch_loss': <tf.Tensor: shape=(), dtype=float32, numpy=1.6461868>}
{'batch_loss': <tf.Tensor: shape=(), dtype=float32, numpy=1.7489274>}
{'batch_loss': <tf.Tensor: shape=(), dtype=float32, numpy=2.1785414>}
Step 1
{'batch_loss': <tf.Tensor: shape=(), dtype=float32, numpy=0.047985613>}
{'batch_loss': <tf.Tensor: shape=(), dtype=float32, numpy=0.03519117>}
{'batch_loss': <tf.Tensor: shape=(), dtype=float32, numpy=0.032718692>}
{'batch_loss': <tf.Tensor: shape=(), dtype=float32, numpy=0.6237149>}
{'batch_loss': <tf.Tensor: shape=(), dtype=float32, numpy=0.10265137>}
{'batch_loss': <tf.Tensor: shape=(), dtype=float32, numpy=0.11210757>}
{'batch_loss': <tf.Tensor: shape=(), dtype=float32, numpy=0.09576142>}
{'batch_loss': <tf.Tensor: shape=(), dtype=float32, numpy=0.54390913>}
{'batch_loss': <tf.Tensor: shape=(), dtype=float32, numpy=0.12028847>}
{'batch_loss': <tf.Tensor: shape=(), dtype=float32, numpy=0.58211255>}
{'batch_loss': <tf.Tensor: shape=(), dtype=float32, numpy=0.023761386>}
{'batch_loss': <tf.Tensor: shape=(), dtype=float32, numpy=0.049006626>}
{'batch_loss': <tf.Tensor: shape=(), dtype=float32, numpy=0.81105053>}
{'batch_loss': <tf.Tensor: shape=(), dtype=float32, numpy=0.76415825>}
{'batch_loss': <tf.Tensor: shape=(), dtype=float32, numpy=0.22183268>}
{'batch_loss': <tf.Tensor: shape=(), dtype=float32, numpy=0.8021991>}
{'batch_loss': <tf.Tensor: shape=(), dtype=float32, numpy=0.29803643>}
{'batch_loss': <tf.Tensor: shape=(), dtype=float32, numpy=0.1583764>}
{'batch_loss': <tf.Tensor: shape=(), dtype=float32, numpy=0.15449598>}
{'batch_loss': <tf.Tensor: shape=(), dtype=float32, numpy=1.4326371>}
{'batch_loss': <tf.Tensor: shape=(), dtype=float32, numpy=6.435842>}
{'batch_loss': <tf.Tensor: shape=(), dtype=float32, numpy=0.44958752>}
{'batch_loss': <tf.Tensor: shape=(), dtype=float32, numpy=7.167705>}
{'batch_loss': <tf.Tensor: shape=(), dtype=float32, numpy=1.3124746>}
{'batch_loss': <tf.Tensor: shape=(), dtype=float32, numpy=0.3257785>}
{'batch_loss': <tf.Tensor: shape=(), dtype=float32, numpy=3.3986652>}
{'batch_loss': <tf.Tensor: shape=(), dtype=float32, numpy=0.5557649>}
{'batch_loss': <tf.Tensor: shape=(), dtype=float32, numpy=0.40303326>}
{'batch_loss': <tf.Tensor: shape=(), dtype=float32, numpy=1.8884013>}
{'batch_loss': <tf.Tensor: shape=(), dtype=float32, numpy=0.8467744>}
{'batch_loss': <tf.Tensor: shape=(), dtype=float32, numpy=0.7247543>}
{'batch_loss': <tf.Tensor: shape=(), dtype=float32, numpy=2.9115427>}
{'batch_loss': <tf.Tensor: shape=(), dtype=float32, numpy=0.9201277>}
{'batch_loss': <tf.Tensor: shape=(), dtype=float32, numpy=0.5000543>}
{'batch_loss': <tf.Tensor: shape=(), dtype=float32, numpy=1.7085763>}
{'batch_loss': <tf.Tensor: shape=(), dtype=float32, numpy=1.9606452>}
{'batch_loss': <tf.Tensor: shape=(), dtype=float32, numpy=0.96024704>}
{'batch_loss': <tf.Tensor: shape=(), dtype=float32, numpy=0.26964065>}
{'batch_loss': <tf.Tensor: shape=(), dtype=float32, numpy=1.1080941>}
{'batch_loss': <tf.Tensor: shape=(), dtype=float32, numpy=1.5419214>}
{'batch_loss': <tf.Tensor: shape=(), dtype=float32, numpy=1.2292235>}
{'batch_loss': <tf.Tensor: shape=(), dtype=float32, numpy=1.7951949>}
{'batch_loss': <tf.Tensor: shape=(), dtype=float32, numpy=5.4911146>}
{'batch_loss': <tf.Tensor: shape=(), dtype=float32, numpy=1.2369761>}
{'batch_loss': <tf.Tensor: shape=(), dtype=float32, numpy=2.0559042>}
{'batch_loss': <tf.Tensor: shape=(), dtype=float32, numpy=1.4934235>}
{'batch_loss': <tf.Tensor: shape=(), dtype=float32, numpy=1.6296545>}
{'batch_loss': <tf.Tensor: shape=(), dtype=float32, numpy=1.2647268>}
{'batch_loss': <tf.Tensor: shape=(), dtype=float32, numpy=2.9537168>}
{'batch_loss': <tf.Tensor: shape=(), dtype=float32, numpy=1.0722705>}
{'batch_loss': <tf.Tensor: shape=(), dtype=float32, numpy=0.9724691>}
{'batch_loss': <tf.Tensor: shape=(), dtype=float32, numpy=0.66099864>}
{'batch_loss': <tf.Tensor: shape=(), dtype=float32, numpy=0.057214852>}
{'batch_loss': <tf.Tensor: shape=(), dtype=float32, numpy=0.72075266>}
{'batch_loss': <tf.Tensor: shape=(), dtype=float32, numpy=7.788617>}
{'batch_loss': <tf.Tensor: shape=(), dtype=float32, numpy=0.63838446>}
{'batch_loss': <tf.Tensor: shape=(), dtype=float32, numpy=0.5168941>}
{'batch_loss': <tf.Tensor: shape=(), dtype=float32, numpy=0.5535955>}
{'batch_loss': <tf.Tensor: shape=(), dtype=float32, numpy=0.39307386>}
{'batch_loss': <tf.Tensor: shape=(), dtype=float32, numpy=1.5025796>}
{'batch_loss': <tf.Tensor: shape=(), dtype=float32, numpy=1.0087354>}
{'batch_loss': <tf.Tensor: shape=(), dtype=float32, numpy=1.3576086>}
{'batch_loss': <tf.Tensor: shape=(), dtype=float32, numpy=0.8982004>}
{'batch_loss': <tf.Tensor: shape=(), dtype=float32, numpy=7.656659>}
{'batch_loss': <tf.Tensor: shape=(), dtype=float32, numpy=0.45165244>}
{'batch_loss': <tf.Tensor: shape=(), dtype=float32, numpy=0.44232804>}
{'batch_loss': <tf.Tensor: shape=(), dtype=float32, numpy=0.051148336>}
{'batch_loss': <tf.Tensor: shape=(), dtype=float32, numpy=0.13234994>}
{'batch_loss': <tf.Tensor: shape=(), dtype=float32, numpy=0.058710903>}
{'batch_loss': <tf.Tensor: shape=(), dtype=float32, numpy=0.04548508>}
{'batch_loss': <tf.Tensor: shape=(), dtype=float32, numpy=0.03388347>}
{'batch_loss': <tf.Tensor: shape=(), dtype=float32, numpy=0.57502264>}
{'batch_loss': <tf.Tensor: shape=(), dtype=float32, numpy=0.15686029>}
{'batch_loss': <tf.Tensor: shape=(), dtype=float32, numpy=0.06103606>}
{'batch_loss': <tf.Tensor: shape=(), dtype=float32, numpy=0.22021393>}
{'batch_loss': <tf.Tensor: shape=(), dtype=float32, numpy=0.35948607>}
{'batch_loss': <tf.Tensor: shape=(), dtype=float32, numpy=1.3256232>}
{'batch_loss': <tf.Tensor: shape=(), dtype=float32, numpy=1.914107>}
{'batch_loss': <tf.Tensor: shape=(), dtype=float32, numpy=1.0349225>}
{'batch_loss': <tf.Tensor: shape=(), dtype=float32, numpy=0.36723873>}
{'batch_loss': <tf.Tensor: shape=(), dtype=float32, numpy=1.6053784>}
{'batch_loss': <tf.Tensor: shape=(), dtype=float32, numpy=1.3291081>}
{'batch_loss': <tf.Tensor: shape=(), dtype=float32, numpy=0.7718451>}
{'batch_loss': <tf.Tensor: shape=(), dtype=float32, numpy=0.5738791>}
{'batch_loss': <tf.Tensor: shape=(), dtype=float32, numpy=7.721438>}
{'batch_loss': <tf.Tensor: shape=(), dtype=float32, numpy=7.239079>}
{'batch_loss': <tf.Tensor: shape=(), dtype=float32, numpy=0.8720839>}
{'batch_loss': <tf.Tensor: shape=(), dtype=float32, numpy=0.7358565>}
{'batch_loss': <tf.Tensor: shape=(), dtype=float32, numpy=0.9627347>}
{'batch_loss': <tf.Tensor: shape=(), dtype=float32, numpy=1.3458115>}
{'batch_loss': <tf.Tensor: shape=(), dtype=float32, numpy=1.1038144>}
{'batch_loss': <tf.Tensor: shape=(), dtype=float32, numpy=1.4920557>}
{'batch_loss': <tf.Tensor: shape=(), dtype=float32, numpy=2.19425>}
{'batch_loss': <tf.Tensor: shape=(), dtype=float32, numpy=0.6129484>}
{'batch_loss': <tf.Tensor: shape=(), dtype=float32, numpy=0.41514397>}
{'batch_loss': <tf.Tensor: shape=(), dtype=float32, numpy=2.1680143>}
{'batch_loss': <tf.Tensor: shape=(), dtype=float32, numpy=1.9780629>}
{'batch_loss': <tf.Tensor: shape=(), dtype=float32, numpy=2.030258>}
{'batch_loss': <tf.Tensor: shape=(), dtype=float32, numpy=3.0526323>}
{'batch_loss': <tf.Tensor: shape=(), dtype=float32, numpy=1.345618>}
{'batch_loss': <tf.Tensor: shape=(), dtype=float32, numpy=2.314295>}
{'batch_loss': <tf.Tensor: shape=(), dtype=float32, numpy=0.8492067>}
{'batch_loss': <tf.Tensor: shape=(), dtype=float32, numpy=6.433817>}
{'batch_loss': <tf.Tensor: shape=(), dtype=float32, numpy=6.693562>}
{'batch_loss': <tf.Tensor: shape=(), dtype=float32, numpy=1.8256055>}
{'batch_loss': <tf.Tensor: shape=(), dtype=float32, numpy=0.84009916>}
{'batch_loss': <tf.Tensor: shape=(), dtype=float32, numpy=3.9601023>}
{'batch_loss': <tf.Tensor: shape=(), dtype=float32, numpy=1.4597138>}
{'batch_loss': <tf.Tensor: shape=(), dtype=float32, numpy=0.33711293>}
{'batch_loss': <tf.Tensor: shape=(), dtype=float32, numpy=2.0757291>}
{'batch_loss': <tf.Tensor: shape=(), dtype=float32, numpy=1.8770105>}
{'batch_loss': <tf.Tensor: shape=(), dtype=float32, numpy=2.5600026>}
{'batch_loss': <tf.Tensor: shape=(), dtype=float32, numpy=2.327046>}
{'batch_loss': <tf.Tensor: shape=(), dtype=float32, numpy=1.1243943>}
{'batch_loss': <tf.Tensor: shape=(), dtype=float32, numpy=0.9408686>}
{'batch_loss': <tf.Tensor: shape=(), dtype=float32, numpy=0.70277613>}
{'batch_loss': <tf.Tensor: shape=(), dtype=float32, numpy=6.7532625>}
{'batch_loss': <tf.Tensor: shape=(), dtype=float32, numpy=0.89949346>}
{'batch_loss': <tf.Tensor: shape=(), dtype=float32, numpy=1.2687978>}
{'batch_loss': <tf.Tensor: shape=(), dtype=float32, numpy=0.7581674>}
{'batch_loss': <tf.Tensor: shape=(), dtype=float32, numpy=0.77083504>}
{'batch_loss': <tf.Tensor: shape=(), dtype=float32, numpy=0.1631609>}
{'batch_loss': <tf.Tensor: shape=(), dtype=float32, numpy=1.6752551>}
{'batch_loss': <tf.Tensor: shape=(), dtype=float32, numpy=0.9470619>}
{'batch_loss': <tf.Tensor: shape=(), dtype=float32, numpy=1.9429324>}
{'batch_loss': <tf.Tensor: shape=(), dtype=float32, numpy=0.39133584>}
{'batch_loss': <tf.Tensor: shape=(), dtype=float32, numpy=1.93446>}
{'batch_loss': <tf.Tensor: shape=(), dtype=float32, numpy=0.20063783>}
{'batch_loss': <tf.Tensor: shape=(), dtype=float32, numpy=1.1833496>}
{'batch_loss': <tf.Tensor: shape=(), dtype=float32, numpy=0.14957324>}
{'batch_loss': <tf.Tensor: shape=(), dtype=float32, numpy=0.047420498>}
{'batch_loss': <tf.Tensor: shape=(), dtype=float32, numpy=0.14951973>}
{'batch_loss': <tf.Tensor: shape=(), dtype=float32, numpy=9.578585>}
{'batch_loss': <tf.Tensor: shape=(), dtype=float32, numpy=1.2184801>}
{'batch_loss': <tf.Tensor: shape=(), dtype=float32, numpy=0.5153342>}
{'batch_loss': <tf.Tensor: shape=(), dtype=float32, numpy=1.4363254>}
{'batch_loss': <tf.Tensor: shape=(), dtype=float32, numpy=0.4501169>}
{'batch_loss': <tf.Tensor: shape=(), dtype=float32, numpy=0.8131237>}
{'batch_loss': <tf.Tensor: shape=(), dtype=float32, numpy=1.1409233>}
{'batch_loss': <tf.Tensor: shape=(), dtype=float32, numpy=1.8951337>}
{'batch_loss': <tf.Tensor: shape=(), dtype=float32, numpy=1.5702486>}
{'batch_loss': <tf.Tensor: shape=(), dtype=float32, numpy=1.221042>}
{'batch_loss': <tf.Tensor: shape=(), dtype=float32, numpy=2.041494>}
Step 2
{'batch_loss': <tf.Tensor: shape=(), dtype=float32, numpy=0.037634134>}
{'batch_loss': <tf.Tensor: shape=(), dtype=float32, numpy=0.04104804>}
{'batch_loss': <tf.Tensor: shape=(), dtype=float32, numpy=0.03731496>}
{'batch_loss': <tf.Tensor: shape=(), dtype=float32, numpy=0.57999456>}
{'batch_loss': <tf.Tensor: shape=(), dtype=float32, numpy=0.08387914>}
{'batch_loss': <tf.Tensor: shape=(), dtype=float32, numpy=0.089574754>}
{'batch_loss': <tf.Tensor: shape=(), dtype=float32, numpy=0.08246262>}
{'batch_loss': <tf.Tensor: shape=(), dtype=float32, numpy=0.51960415>}
{'batch_loss': <tf.Tensor: shape=(), dtype=float32, numpy=0.13028084>}
{'batch_loss': <tf.Tensor: shape=(), dtype=float32, numpy=0.593343>}
{'batch_loss': <tf.Tensor: shape=(), dtype=float32, numpy=0.8826506>}
{'batch_loss': <tf.Tensor: shape=(), dtype=float32, numpy=0.052502934>}
{'batch_loss': <tf.Tensor: shape=(), dtype=float32, numpy=0.778388>}
{'batch_loss': <tf.Tensor: shape=(), dtype=float32, numpy=0.7534051>}
{'batch_loss': <tf.Tensor: shape=(), dtype=float32, numpy=0.20832396>}
{'batch_loss': <tf.Tensor: shape=(), dtype=float32, numpy=0.78059304>}
{'batch_loss': <tf.Tensor: shape=(), dtype=float32, numpy=0.20504946>}
{'batch_loss': <tf.Tensor: shape=(), dtype=float32, numpy=0.15471481>}
{'batch_loss': <tf.Tensor: shape=(), dtype=float32, numpy=0.13486801>}
{'batch_loss': <tf.Tensor: shape=(), dtype=float32, numpy=0.1545386>}
{'batch_loss': <tf.Tensor: shape=(), dtype=float32, numpy=6.640035>}
{'batch_loss': <tf.Tensor: shape=(), dtype=float32, numpy=0.89249516>}
{'batch_loss': <tf.Tensor: shape=(), dtype=float32, numpy=6.5740695>}
{'batch_loss': <tf.Tensor: shape=(), dtype=float32, numpy=1.383783>}
{'batch_loss': <tf.Tensor: shape=(), dtype=float32, numpy=0.15731935>}
{'batch_loss': <tf.Tensor: shape=(), dtype=float32, numpy=3.353614>}
{'batch_loss': <tf.Tensor: shape=(), dtype=float32, numpy=0.5603354>}
{'batch_loss': <tf.Tensor: shape=(), dtype=float32, numpy=0.38416728>}
{'batch_loss': <tf.Tensor: shape=(), dtype=float32, numpy=1.795407>}
{'batch_loss': <tf.Tensor: shape=(), dtype=float32, numpy=0.82315165>}
{'batch_loss': <tf.Tensor: shape=(), dtype=float32, numpy=0.63670945>}
{'batch_loss': <tf.Tensor: shape=(), dtype=float32, numpy=1.6534986>}
{'batch_loss': <tf.Tensor: shape=(), dtype=float32, numpy=0.85264224>}
{'batch_loss': <tf.Tensor: shape=(), dtype=float32, numpy=0.48148823>}
{'batch_loss': <tf.Tensor: shape=(), dtype=float32, numpy=1.6814129>}
{'batch_loss': <tf.Tensor: shape=(), dtype=float32, numpy=1.8858131>}
{'batch_loss': <tf.Tensor: shape=(), dtype=float32, numpy=0.7830932>}
{'batch_loss': <tf.Tensor: shape=(), dtype=float32, numpy=0.20736739>}
{'batch_loss': <tf.Tensor: shape=(), dtype=float32, numpy=0.5433766>}
{'batch_loss': <tf.Tensor: shape=(), dtype=float32, numpy=1.4383886>}
{'batch_loss': <tf.Tensor: shape=(), dtype=float32, numpy=1.1728506>}
{'batch_loss': <tf.Tensor: shape=(), dtype=float32, numpy=1.655994>}
{'batch_loss': <tf.Tensor: shape=(), dtype=float32, numpy=5.182387>}
{'batch_loss': <tf.Tensor: shape=(), dtype=float32, numpy=0.8684905>}
{'batch_loss': <tf.Tensor: shape=(), dtype=float32, numpy=2.0597827>}
{'batch_loss': <tf.Tensor: shape=(), dtype=float32, numpy=1.4518229>}
{'batch_loss': <tf.Tensor: shape=(), dtype=float32, numpy=1.5832384>}
{'batch_loss': <tf.Tensor: shape=(), dtype=float32, numpy=1.2082425>}
{'batch_loss': <tf.Tensor: shape=(), dtype=float32, numpy=2.9377544>}
{'batch_loss': <tf.Tensor: shape=(), dtype=float32, numpy=0.9364648>}
{'batch_loss': <tf.Tensor: shape=(), dtype=float32, numpy=0.9443883>}
{'batch_loss': <tf.Tensor: shape=(), dtype=float32, numpy=0.60656273>}
{'batch_loss': <tf.Tensor: shape=(), dtype=float32, numpy=0.047535077>}
{'batch_loss': <tf.Tensor: shape=(), dtype=float32, numpy=0.6916742>}
{'batch_loss': <tf.Tensor: shape=(), dtype=float32, numpy=7.6618996>}
{'batch_loss': <tf.Tensor: shape=(), dtype=float32, numpy=0.5784628>}
{'batch_loss': <tf.Tensor: shape=(), dtype=float32, numpy=0.41838226>}
{'batch_loss': <tf.Tensor: shape=(), dtype=float32, numpy=0.48021886>}
{'batch_loss': <tf.Tensor: shape=(), dtype=float32, numpy=0.29211935>}
{'batch_loss': <tf.Tensor: shape=(), dtype=float32, numpy=1.3337462>}
{'batch_loss': <tf.Tensor: shape=(), dtype=float32, numpy=6.6066985>}
{'batch_loss': <tf.Tensor: shape=(), dtype=float32, numpy=1.2222874>}
{'batch_loss': <tf.Tensor: shape=(), dtype=float32, numpy=0.83418185>}
{'batch_loss': <tf.Tensor: shape=(), dtype=float32, numpy=7.408833>}
{'batch_loss': <tf.Tensor: shape=(), dtype=float32, numpy=0.43583468>}
{'batch_loss': <tf.Tensor: shape=(), dtype=float32, numpy=0.4132587>}
{'batch_loss': <tf.Tensor: shape=(), dtype=float32, numpy=0.042802114>}
{'batch_loss': <tf.Tensor: shape=(), dtype=float32, numpy=0.09891106>}
{'batch_loss': <tf.Tensor: shape=(), dtype=float32, numpy=0.040335327>}
{'batch_loss': <tf.Tensor: shape=(), dtype=float32, numpy=0.03927421>}
{'batch_loss': <tf.Tensor: shape=(), dtype=float32, numpy=0.032167915>}
{'batch_loss': <tf.Tensor: shape=(), dtype=float32, numpy=0.21551812>}
{'batch_loss': <tf.Tensor: shape=(), dtype=float32, numpy=0.14351596>}
{'batch_loss': <tf.Tensor: shape=(), dtype=float32, numpy=0.056618404>}
{'batch_loss': <tf.Tensor: shape=(), dtype=float32, numpy=0.19679283>}
{'batch_loss': <tf.Tensor: shape=(), dtype=float32, numpy=0.2865862>}
{'batch_loss': <tf.Tensor: shape=(), dtype=float32, numpy=1.2877206>}
{'batch_loss': <tf.Tensor: shape=(), dtype=float32, numpy=1.7969602>}
{'batch_loss': <tf.Tensor: shape=(), dtype=float32, numpy=0.9405708>}
{'batch_loss': <tf.Tensor: shape=(), dtype=float32, numpy=0.36598077>}
{'batch_loss': <tf.Tensor: shape=(), dtype=float32, numpy=1.4439201>}
{'batch_loss': <tf.Tensor: shape=(), dtype=float32, numpy=1.2638862>}
{'batch_loss': <tf.Tensor: shape=(), dtype=float32, numpy=0.7317211>}
{'batch_loss': <tf.Tensor: shape=(), dtype=float32, numpy=0.5204434>}
{'batch_loss': <tf.Tensor: shape=(), dtype=float32, numpy=7.2815194>}
{'batch_loss': <tf.Tensor: shape=(), dtype=float32, numpy=6.9351>}
{'batch_loss': <tf.Tensor: shape=(), dtype=float32, numpy=0.7614771>}
{'batch_loss': <tf.Tensor: shape=(), dtype=float32, numpy=0.6810808>}
{'batch_loss': <tf.Tensor: shape=(), dtype=float32, numpy=0.9457291>}
{'batch_loss': <tf.Tensor: shape=(), dtype=float32, numpy=1.2410244>}
{'batch_loss': <tf.Tensor: shape=(), dtype=float32, numpy=1.016414>}
{'batch_loss': <tf.Tensor: shape=(), dtype=float32, numpy=1.2859169>}
{'batch_loss': <tf.Tensor: shape=(), dtype=float32, numpy=2.050903>}
{'batch_loss': <tf.Tensor: shape=(), dtype=float32, numpy=0.58575183>}
{'batch_loss': <tf.Tensor: shape=(), dtype=float32, numpy=0.38122997>}
{'batch_loss': <tf.Tensor: shape=(), dtype=float32, numpy=2.092312>}
{'batch_loss': <tf.Tensor: shape=(), dtype=float32, numpy=1.909295>}
{'batch_loss': <tf.Tensor: shape=(), dtype=float32, numpy=1.8826699>}
{'batch_loss': <tf.Tensor: shape=(), dtype=float32, numpy=2.8238735>}
{'batch_loss': <tf.Tensor: shape=(), dtype=float32, numpy=1.2556038>}
{'batch_loss': <tf.Tensor: shape=(), dtype=float32, numpy=2.363202>}
{'batch_loss': <tf.Tensor: shape=(), dtype=float32, numpy=0.8600598>}
{'batch_loss': <tf.Tensor: shape=(), dtype=float32, numpy=6.716496>}
{'batch_loss': <tf.Tensor: shape=(), dtype=float32, numpy=5.790428>}
{'batch_loss': <tf.Tensor: shape=(), dtype=float32, numpy=1.7551957>}
{'batch_loss': <tf.Tensor: shape=(), dtype=float32, numpy=0.9467431>}
{'batch_loss': <tf.Tensor: shape=(), dtype=float32, numpy=3.765507>}
{'batch_loss': <tf.Tensor: shape=(), dtype=float32, numpy=1.3754749>}
{'batch_loss': <tf.Tensor: shape=(), dtype=float32, numpy=0.30496788>}
{'batch_loss': <tf.Tensor: shape=(), dtype=float32, numpy=1.9994594>}
{'batch_loss': <tf.Tensor: shape=(), dtype=float32, numpy=1.7986515>}
{'batch_loss': <tf.Tensor: shape=(), dtype=float32, numpy=2.5020955>}
{'batch_loss': <tf.Tensor: shape=(), dtype=float32, numpy=2.289642>}
{'batch_loss': <tf.Tensor: shape=(), dtype=float32, numpy=1.0791106>}
{'batch_loss': <tf.Tensor: shape=(), dtype=float32, numpy=0.9106678>}
{'batch_loss': <tf.Tensor: shape=(), dtype=float32, numpy=0.7035263>}
{'batch_loss': <tf.Tensor: shape=(), dtype=float32, numpy=6.5757093>}
{'batch_loss': <tf.Tensor: shape=(), dtype=float32, numpy=0.7182877>}
{'batch_loss': <tf.Tensor: shape=(), dtype=float32, numpy=1.1364628>}
{'batch_loss': <tf.Tensor: shape=(), dtype=float32, numpy=0.84525186>}
{'batch_loss': <tf.Tensor: shape=(), dtype=float32, numpy=0.6936482>}
{'batch_loss': <tf.Tensor: shape=(), dtype=float32, numpy=0.15800165>}
{'batch_loss': <tf.Tensor: shape=(), dtype=float32, numpy=1.6202497>}
{'batch_loss': <tf.Tensor: shape=(), dtype=float32, numpy=0.8735407>}
{'batch_loss': <tf.Tensor: shape=(), dtype=float32, numpy=1.9378097>}
{'batch_loss': <tf.Tensor: shape=(), dtype=float32, numpy=0.36173832>}
{'batch_loss': <tf.Tensor: shape=(), dtype=float32, numpy=1.8738242>}
{'batch_loss': <tf.Tensor: shape=(), dtype=float32, numpy=0.20932165>}
{'batch_loss': <tf.Tensor: shape=(), dtype=float32, numpy=1.0874661>}
{'batch_loss': <tf.Tensor: shape=(), dtype=float32, numpy=0.13300297>}
{'batch_loss': <tf.Tensor: shape=(), dtype=float32, numpy=0.04574402>}
{'batch_loss': <tf.Tensor: shape=(), dtype=float32, numpy=0.13379881>}
{'batch_loss': <tf.Tensor: shape=(), dtype=float32, numpy=8.0727625>}
{'batch_loss': <tf.Tensor: shape=(), dtype=float32, numpy=1.1410366>}
{'batch_loss': <tf.Tensor: shape=(), dtype=float32, numpy=0.44332498>}
{'batch_loss': <tf.Tensor: shape=(), dtype=float32, numpy=1.3418862>}
{'batch_loss': <tf.Tensor: shape=(), dtype=float32, numpy=0.39680266>}
{'batch_loss': <tf.Tensor: shape=(), dtype=float32, numpy=0.6758039>}
{'batch_loss': <tf.Tensor: shape=(), dtype=float32, numpy=0.94459814>}
{'batch_loss': <tf.Tensor: shape=(), dtype=float32, numpy=1.786588>}
{'batch_loss': <tf.Tensor: shape=(), dtype=float32, numpy=1.423308>}
{'batch_loss': <tf.Tensor: shape=(), dtype=float32, numpy=1.0861542>}
{'batch_loss': <tf.Tensor: shape=(), dtype=float32, numpy=1.9847941>}
Step 3
{'batch_loss': <tf.Tensor: shape=(), dtype=float32, numpy=0.046364415>}
{'batch_loss': <tf.Tensor: shape=(), dtype=float32, numpy=0.03817292>}
{'batch_loss': <tf.Tensor: shape=(), dtype=float32, numpy=0.03919155>}
{'batch_loss': <tf.Tensor: shape=(), dtype=float32, numpy=0.5475494>}
{'batch_loss': <tf.Tensor: shape=(), dtype=float32, numpy=0.0781146>}
{'batch_loss': <tf.Tensor: shape=(), dtype=float32, numpy=0.10504521>}
{'batch_loss': <tf.Tensor: shape=(), dtype=float32, numpy=0.07749439>}
{'batch_loss': <tf.Tensor: shape=(), dtype=float32, numpy=0.4985467>}
{'batch_loss': <tf.Tensor: shape=(), dtype=float32, numpy=0.13395509>}
{'batch_loss': <tf.Tensor: shape=(), dtype=float32, numpy=0.5710209>}
{'batch_loss': <tf.Tensor: shape=(), dtype=float32, numpy=0.29116112>}
{'batch_loss': <tf.Tensor: shape=(), dtype=float32, numpy=0.05769305>}
{'batch_loss': <tf.Tensor: shape=(), dtype=float32, numpy=0.7357269>}
{'batch_loss': <tf.Tensor: shape=(), dtype=float32, numpy=0.70741194>}
{'batch_loss': <tf.Tensor: shape=(), dtype=float32, numpy=0.19633552>}
{'batch_loss': <tf.Tensor: shape=(), dtype=float32, numpy=0.70144486>}
{'batch_loss': <tf.Tensor: shape=(), dtype=float32, numpy=0.18652263>}
{'batch_loss': <tf.Tensor: shape=(), dtype=float32, numpy=0.13932309>}
{'batch_loss': <tf.Tensor: shape=(), dtype=float32, numpy=0.12410211>}
{'batch_loss': <tf.Tensor: shape=(), dtype=float32, numpy=0.6650883>}
{'batch_loss': <tf.Tensor: shape=(), dtype=float32, numpy=5.933706>}
{'batch_loss': <tf.Tensor: shape=(), dtype=float32, numpy=0.4402127>}
{'batch_loss': <tf.Tensor: shape=(), dtype=float32, numpy=6.4274764>}
{'batch_loss': <tf.Tensor: shape=(), dtype=float32, numpy=1.2187952>}
{'batch_loss': <tf.Tensor: shape=(), dtype=float32, numpy=0.12684195>}
{'batch_loss': <tf.Tensor: shape=(), dtype=float32, numpy=2.3341408>}
{'batch_loss': <tf.Tensor: shape=(), dtype=float32, numpy=0.5137788>}
{'batch_loss': <tf.Tensor: shape=(), dtype=float32, numpy=0.32507062>}
{'batch_loss': <tf.Tensor: shape=(), dtype=float32, numpy=1.742185>}
{'batch_loss': <tf.Tensor: shape=(), dtype=float32, numpy=0.7367374>}
{'batch_loss': <tf.Tensor: shape=(), dtype=float32, numpy=0.6031349>}
{'batch_loss': <tf.Tensor: shape=(), dtype=float32, numpy=1.3731037>}
{'batch_loss': <tf.Tensor: shape=(), dtype=float32, numpy=0.76038367>}
{'batch_loss': <tf.Tensor: shape=(), dtype=float32, numpy=0.4450211>}
{'batch_loss': <tf.Tensor: shape=(), dtype=float32, numpy=1.6028935>}
{'batch_loss': <tf.Tensor: shape=(), dtype=float32, numpy=1.8104936>}
{'batch_loss': <tf.Tensor: shape=(), dtype=float32, numpy=0.7228895>}
{'batch_loss': <tf.Tensor: shape=(), dtype=float32, numpy=0.17673656>}
{'batch_loss': <tf.Tensor: shape=(), dtype=float32, numpy=1.3514013>}
{'batch_loss': <tf.Tensor: shape=(), dtype=float32, numpy=1.3581011>}
{'batch_loss': <tf.Tensor: shape=(), dtype=float32, numpy=1.1064628>}
{'batch_loss': <tf.Tensor: shape=(), dtype=float32, numpy=1.571407>}
{'batch_loss': <tf.Tensor: shape=(), dtype=float32, numpy=5.212466>}
{'batch_loss': <tf.Tensor: shape=(), dtype=float32, numpy=0.6968315>}
{'batch_loss': <tf.Tensor: shape=(), dtype=float32, numpy=1.9353321>}
{'batch_loss': <tf.Tensor: shape=(), dtype=float32, numpy=1.31849>}
{'batch_loss': <tf.Tensor: shape=(), dtype=float32, numpy=1.5458626>}
{'batch_loss': <tf.Tensor: shape=(), dtype=float32, numpy=1.2036906>}
{'batch_loss': <tf.Tensor: shape=(), dtype=float32, numpy=2.8301773>}
{'batch_loss': <tf.Tensor: shape=(), dtype=float32, numpy=0.90467805>}
{'batch_loss': <tf.Tensor: shape=(), dtype=float32, numpy=0.8969757>}
{'batch_loss': <tf.Tensor: shape=(), dtype=float32, numpy=0.6024406>}
{'batch_loss': <tf.Tensor: shape=(), dtype=float32, numpy=0.3659617>}
{'batch_loss': <tf.Tensor: shape=(), dtype=float32, numpy=0.66185814>}
{'batch_loss': <tf.Tensor: shape=(), dtype=float32, numpy=6.334933>}
{'batch_loss': <tf.Tensor: shape=(), dtype=float32, numpy=0.5584414>}
{'batch_loss': <tf.Tensor: shape=(), dtype=float32, numpy=0.40348104>}
{'batch_loss': <tf.Tensor: shape=(), dtype=float32, numpy=0.43455583>}
{'batch_loss': <tf.Tensor: shape=(), dtype=float32, numpy=0.2766292>}
{'batch_loss': <tf.Tensor: shape=(), dtype=float32, numpy=1.3132919>}
{'batch_loss': <tf.Tensor: shape=(), dtype=float32, numpy=0.8973583>}
{'batch_loss': <tf.Tensor: shape=(), dtype=float32, numpy=1.1565093>}
{'batch_loss': <tf.Tensor: shape=(), dtype=float32, numpy=0.7921701>}
{'batch_loss': <tf.Tensor: shape=(), dtype=float32, numpy=7.075953>}
{'batch_loss': <tf.Tensor: shape=(), dtype=float32, numpy=0.39856786>}
{'batch_loss': <tf.Tensor: shape=(), dtype=float32, numpy=0.4073952>}
{'batch_loss': <tf.Tensor: shape=(), dtype=float32, numpy=0.032989863>}
{'batch_loss': <tf.Tensor: shape=(), dtype=float32, numpy=0.09772881>}
{'batch_loss': <tf.Tensor: shape=(), dtype=float32, numpy=0.03661539>}
{'batch_loss': <tf.Tensor: shape=(), dtype=float32, numpy=0.03370037>}
{'batch_loss': <tf.Tensor: shape=(), dtype=float32, numpy=0.02446114>}
{'batch_loss': <tf.Tensor: shape=(), dtype=float32, numpy=0.1862948>}
{'batch_loss': <tf.Tensor: shape=(), dtype=float32, numpy=0.12961888>}
{'batch_loss': <tf.Tensor: shape=(), dtype=float32, numpy=0.048335113>}
{'batch_loss': <tf.Tensor: shape=(), dtype=float32, numpy=0.1853069>}
{'batch_loss': <tf.Tensor: shape=(), dtype=float32, numpy=0.05564316>}
{'batch_loss': <tf.Tensor: shape=(), dtype=float32, numpy=1.2577794>}
{'batch_loss': <tf.Tensor: shape=(), dtype=float32, numpy=1.766966>}
{'batch_loss': <tf.Tensor: shape=(), dtype=float32, numpy=0.94051594>}
{'batch_loss': <tf.Tensor: shape=(), dtype=float32, numpy=0.329952>}
{'batch_loss': <tf.Tensor: shape=(), dtype=float32, numpy=1.4212447>}
{'batch_loss': <tf.Tensor: shape=(), dtype=float32, numpy=1.1923993>}
{'batch_loss': <tf.Tensor: shape=(), dtype=float32, numpy=0.6874625>}
{'batch_loss': <tf.Tensor: shape=(), dtype=float32, numpy=0.45377922>}
{'batch_loss': <tf.Tensor: shape=(), dtype=float32, numpy=5.4976897>}
{'batch_loss': <tf.Tensor: shape=(), dtype=float32, numpy=6.777549>}
{'batch_loss': <tf.Tensor: shape=(), dtype=float32, numpy=0.7080561>}
{'batch_loss': <tf.Tensor: shape=(), dtype=float32, numpy=0.651095>}
{'batch_loss': <tf.Tensor: shape=(), dtype=float32, numpy=0.8935846>}
{'batch_loss': <tf.Tensor: shape=(), dtype=float32, numpy=1.1624657>}
{'batch_loss': <tf.Tensor: shape=(), dtype=float32, numpy=0.942584>}
{'batch_loss': <tf.Tensor: shape=(), dtype=float32, numpy=1.2251582>}
{'batch_loss': <tf.Tensor: shape=(), dtype=float32, numpy=1.9813232>}
{'batch_loss': <tf.Tensor: shape=(), dtype=float32, numpy=0.5555828>}
{'batch_loss': <tf.Tensor: shape=(), dtype=float32, numpy=0.35938844>}
{'batch_loss': <tf.Tensor: shape=(), dtype=float32, numpy=2.0489736>}
{'batch_loss': <tf.Tensor: shape=(), dtype=float32, numpy=1.832966>}
{'batch_loss': <tf.Tensor: shape=(), dtype=float32, numpy=1.8508637>}
{'batch_loss': <tf.Tensor: shape=(), dtype=float32, numpy=2.7556589>}
{'batch_loss': <tf.Tensor: shape=(), dtype=float32, numpy=1.1922216>}
{'batch_loss': <tf.Tensor: shape=(), dtype=float32, numpy=2.2578418>}
{'batch_loss': <tf.Tensor: shape=(), dtype=float32, numpy=0.786443>}
{'batch_loss': <tf.Tensor: shape=(), dtype=float32, numpy=5.995962>}
{'batch_loss': <tf.Tensor: shape=(), dtype=float32, numpy=5.7010155>}
{'batch_loss': <tf.Tensor: shape=(), dtype=float32, numpy=1.7067727>}
{'batch_loss': <tf.Tensor: shape=(), dtype=float32, numpy=0.8241094>}
{'batch_loss': <tf.Tensor: shape=(), dtype=float32, numpy=3.3174465>}
{'batch_loss': <tf.Tensor: shape=(), dtype=float32, numpy=1.3157883>}
{'batch_loss': <tf.Tensor: shape=(), dtype=float32, numpy=0.27706927>}
{'batch_loss': <tf.Tensor: shape=(), dtype=float32, numpy=1.9750935>}
{'batch_loss': <tf.Tensor: shape=(), dtype=float32, numpy=1.7913043>}
{'batch_loss': <tf.Tensor: shape=(), dtype=float32, numpy=2.474319>}
{'batch_loss': <tf.Tensor: shape=(), dtype=float32, numpy=1.5863485>}
{'batch_loss': <tf.Tensor: shape=(), dtype=float32, numpy=1.0968801>}
{'batch_loss': <tf.Tensor: shape=(), dtype=float32, numpy=0.9157147>}
{'batch_loss': <tf.Tensor: shape=(), dtype=float32, numpy=0.6954356>}
{'batch_loss': <tf.Tensor: shape=(), dtype=float32, numpy=5.9250736>}
{'batch_loss': <tf.Tensor: shape=(), dtype=float32, numpy=0.6653401>}
{'batch_loss': <tf.Tensor: shape=(), dtype=float32, numpy=0.9371916>}
{'batch_loss': <tf.Tensor: shape=(), dtype=float32, numpy=0.7171804>}
{'batch_loss': <tf.Tensor: shape=(), dtype=float32, numpy=0.68481857>}
{'batch_loss': <tf.Tensor: shape=(), dtype=float32, numpy=0.13630007>}
{'batch_loss': <tf.Tensor: shape=(), dtype=float32, numpy=1.5948023>}
{'batch_loss': <tf.Tensor: shape=(), dtype=float32, numpy=0.84278256>}
{'batch_loss': <tf.Tensor: shape=(), dtype=float32, numpy=1.8510984>}
{'batch_loss': <tf.Tensor: shape=(), dtype=float32, numpy=0.34985384>}
{'batch_loss': <tf.Tensor: shape=(), dtype=float32, numpy=1.8392475>}
{'batch_loss': <tf.Tensor: shape=(), dtype=float32, numpy=0.17895514>}
{'batch_loss': <tf.Tensor: shape=(), dtype=float32, numpy=1.056863>}
{'batch_loss': <tf.Tensor: shape=(), dtype=float32, numpy=0.11906062>}
{'batch_loss': <tf.Tensor: shape=(), dtype=float32, numpy=0.044569347>}
{'batch_loss': <tf.Tensor: shape=(), dtype=float32, numpy=0.1302962>}
{'batch_loss': <tf.Tensor: shape=(), dtype=float32, numpy=6.786578>}
{'batch_loss': <tf.Tensor: shape=(), dtype=float32, numpy=1.1176457>}
{'batch_loss': <tf.Tensor: shape=(), dtype=float32, numpy=0.4448076>}
{'batch_loss': <tf.Tensor: shape=(), dtype=float32, numpy=1.3145467>}
{'batch_loss': <tf.Tensor: shape=(), dtype=float32, numpy=0.39413562>}
{'batch_loss': <tf.Tensor: shape=(), dtype=float32, numpy=0.6865479>}
{'batch_loss': <tf.Tensor: shape=(), dtype=float32, numpy=0.8584808>}
{'batch_loss': <tf.Tensor: shape=(), dtype=float32, numpy=1.7714374>}
{'batch_loss': <tf.Tensor: shape=(), dtype=float32, numpy=1.3414322>}
{'batch_loss': <tf.Tensor: shape=(), dtype=float32, numpy=1.0197073>}
{'batch_loss': <tf.Tensor: shape=(), dtype=float32, numpy=1.9107273>}
Step 4
{'batch_loss': <tf.Tensor: shape=(), dtype=float32, numpy=0.035857186>}
{'batch_loss': <tf.Tensor: shape=(), dtype=float32, numpy=0.14590688>}
{'batch_loss': <tf.Tensor: shape=(), dtype=float32, numpy=0.09050381>}
{'batch_loss': <tf.Tensor: shape=(), dtype=float32, numpy=0.51804507>}
{'batch_loss': <tf.Tensor: shape=(), dtype=float32, numpy=0.07252323>}
{'batch_loss': <tf.Tensor: shape=(), dtype=float32, numpy=0.078218885>}
{'batch_loss': <tf.Tensor: shape=(), dtype=float32, numpy=0.07218701>}
{'batch_loss': <tf.Tensor: shape=(), dtype=float32, numpy=0.4814661>}
{'batch_loss': <tf.Tensor: shape=(), dtype=float32, numpy=0.13962407>}
{'batch_loss': <tf.Tensor: shape=(), dtype=float32, numpy=0.52478707>}
{'batch_loss': <tf.Tensor: shape=(), dtype=float32, numpy=2.9304788>}
{'batch_loss': <tf.Tensor: shape=(), dtype=float32, numpy=0.06293641>}
{'batch_loss': <tf.Tensor: shape=(), dtype=float32, numpy=0.6962708>}
{'batch_loss': <tf.Tensor: shape=(), dtype=float32, numpy=0.6824794>}
{'batch_loss': <tf.Tensor: shape=(), dtype=float32, numpy=0.1860009>}
{'batch_loss': <tf.Tensor: shape=(), dtype=float32, numpy=0.66947097>}
{'batch_loss': <tf.Tensor: shape=(), dtype=float32, numpy=0.1814847>}
{'batch_loss': <tf.Tensor: shape=(), dtype=float32, numpy=0.13157907>}
{'batch_loss': <tf.Tensor: shape=(), dtype=float32, numpy=0.11573369>}
{'batch_loss': <tf.Tensor: shape=(), dtype=float32, numpy=0.14414512>}
{'batch_loss': <tf.Tensor: shape=(), dtype=float32, numpy=5.9229956>}
{'batch_loss': <tf.Tensor: shape=(), dtype=float32, numpy=0.37235785>}
{'batch_loss': <tf.Tensor: shape=(), dtype=float32, numpy=4.6234365>}
{'batch_loss': <tf.Tensor: shape=(), dtype=float32, numpy=1.1639664>}
{'batch_loss': <tf.Tensor: shape=(), dtype=float32, numpy=0.108280085>}
{'batch_loss': <tf.Tensor: shape=(), dtype=float32, numpy=2.211291>}
{'batch_loss': <tf.Tensor: shape=(), dtype=float32, numpy=0.49321923>}
{'batch_loss': <tf.Tensor: shape=(), dtype=float32, numpy=0.31418687>}
{'batch_loss': <tf.Tensor: shape=(), dtype=float32, numpy=1.7544769>}
{'batch_loss': <tf.Tensor: shape=(), dtype=float32, numpy=0.71817005>}
{'batch_loss': <tf.Tensor: shape=(), dtype=float32, numpy=0.5881074>}
{'batch_loss': <tf.Tensor: shape=(), dtype=float32, numpy=1.317101>}
{'batch_loss': <tf.Tensor: shape=(), dtype=float32, numpy=0.7497687>}
{'batch_loss': <tf.Tensor: shape=(), dtype=float32, numpy=0.42610013>}
{'batch_loss': <tf.Tensor: shape=(), dtype=float32, numpy=1.5653594>}
{'batch_loss': <tf.Tensor: shape=(), dtype=float32, numpy=1.7888657>}
{'batch_loss': <tf.Tensor: shape=(), dtype=float32, numpy=0.6924199>}
{'batch_loss': <tf.Tensor: shape=(), dtype=float32, numpy=0.15791997>}
{'batch_loss': <tf.Tensor: shape=(), dtype=float32, numpy=1.51643>}
{'batch_loss': <tf.Tensor: shape=(), dtype=float32, numpy=1.3131789>}
{'batch_loss': <tf.Tensor: shape=(), dtype=float32, numpy=1.0527639>}
{'batch_loss': <tf.Tensor: shape=(), dtype=float32, numpy=1.5542963>}
{'batch_loss': <tf.Tensor: shape=(), dtype=float32, numpy=5.1275663>}
{'batch_loss': <tf.Tensor: shape=(), dtype=float32, numpy=0.65211976>}
{'batch_loss': <tf.Tensor: shape=(), dtype=float32, numpy=1.8894958>}
{'batch_loss': <tf.Tensor: shape=(), dtype=float32, numpy=1.3252006>}
{'batch_loss': <tf.Tensor: shape=(), dtype=float32, numpy=1.5111136>}
{'batch_loss': <tf.Tensor: shape=(), dtype=float32, numpy=1.1503065>}
{'batch_loss': <tf.Tensor: shape=(), dtype=float32, numpy=2.7941868>}
{'batch_loss': <tf.Tensor: shape=(), dtype=float32, numpy=0.8340878>}
{'batch_loss': <tf.Tensor: shape=(), dtype=float32, numpy=0.83902735>}
{'batch_loss': <tf.Tensor: shape=(), dtype=float32, numpy=0.5550795>}
{'batch_loss': <tf.Tensor: shape=(), dtype=float32, numpy=0.11695119>}
{'batch_loss': <tf.Tensor: shape=(), dtype=float32, numpy=0.6236096>}
{'batch_loss': <tf.Tensor: shape=(), dtype=float32, numpy=5.903323>}
{'batch_loss': <tf.Tensor: shape=(), dtype=float32, numpy=0.53835034>}
{'batch_loss': <tf.Tensor: shape=(), dtype=float32, numpy=0.40054128>}
{'batch_loss': <tf.Tensor: shape=(), dtype=float32, numpy=0.41571236>}
{'batch_loss': <tf.Tensor: shape=(), dtype=float32, numpy=0.27889434>}
{'batch_loss': <tf.Tensor: shape=(), dtype=float32, numpy=1.2745256>}
{'batch_loss': <tf.Tensor: shape=(), dtype=float32, numpy=0.8425776>}
{'batch_loss': <tf.Tensor: shape=(), dtype=float32, numpy=1.1252761>}
{'batch_loss': <tf.Tensor: shape=(), dtype=float32, numpy=0.747132>}
{'batch_loss': <tf.Tensor: shape=(), dtype=float32, numpy=6.7867103>}
{'batch_loss': <tf.Tensor: shape=(), dtype=float32, numpy=0.39522168>}
{'batch_loss': <tf.Tensor: shape=(), dtype=float32, numpy=0.37945122>}
{'batch_loss': <tf.Tensor: shape=(), dtype=float32, numpy=0.033995174>}
{'batch_loss': <tf.Tensor: shape=(), dtype=float32, numpy=0.08943523>}
{'batch_loss': <tf.Tensor: shape=(), dtype=float32, numpy=0.03467178>}
{'batch_loss': <tf.Tensor: shape=(), dtype=float32, numpy=0.031467173>}
{'batch_loss': <tf.Tensor: shape=(), dtype=float32, numpy=0.01910619>}
{'batch_loss': <tf.Tensor: shape=(), dtype=float32, numpy=0.16732235>}
{'batch_loss': <tf.Tensor: shape=(), dtype=float32, numpy=0.13081656>}
{'batch_loss': <tf.Tensor: shape=(), dtype=float32, numpy=0.045521416>}
{'batch_loss': <tf.Tensor: shape=(), dtype=float32, numpy=0.18692489>}
{'batch_loss': <tf.Tensor: shape=(), dtype=float32, numpy=0.053165853>}
{'batch_loss': <tf.Tensor: shape=(), dtype=float32, numpy=1.2264373>}
{'batch_loss': <tf.Tensor: shape=(), dtype=float32, numpy=1.7396327>}
{'batch_loss': <tf.Tensor: shape=(), dtype=float32, numpy=0.87285155>}
{'batch_loss': <tf.Tensor: shape=(), dtype=float32, numpy=0.31889814>}
{'batch_loss': <tf.Tensor: shape=(), dtype=float32, numpy=1.3752021>}
{'batch_loss': <tf.Tensor: shape=(), dtype=float32, numpy=1.1501853>}
{'batch_loss': <tf.Tensor: shape=(), dtype=float32, numpy=0.662834>}
{'batch_loss': <tf.Tensor: shape=(), dtype=float32, numpy=0.44473052>}
{'batch_loss': <tf.Tensor: shape=(), dtype=float32, numpy=4.8354583>}
{'batch_loss': <tf.Tensor: shape=(), dtype=float32, numpy=6.3112893>}
{'batch_loss': <tf.Tensor: shape=(), dtype=float32, numpy=0.66566277>}
{'batch_loss': <tf.Tensor: shape=(), dtype=float32, numpy=0.627067>}
{'batch_loss': <tf.Tensor: shape=(), dtype=float32, numpy=0.86225724>}
{'batch_loss': <tf.Tensor: shape=(), dtype=float32, numpy=1.0947855>}
{'batch_loss': <tf.Tensor: shape=(), dtype=float32, numpy=0.88785654>}
{'batch_loss': <tf.Tensor: shape=(), dtype=float32, numpy=1.1773822>}
{'batch_loss': <tf.Tensor: shape=(), dtype=float32, numpy=1.9305229>}
{'batch_loss': <tf.Tensor: shape=(), dtype=float32, numpy=0.536559>}
{'batch_loss': <tf.Tensor: shape=(), dtype=float32, numpy=0.34331268>}
{'batch_loss': <tf.Tensor: shape=(), dtype=float32, numpy=1.9759544>}
{'batch_loss': <tf.Tensor: shape=(), dtype=float32, numpy=1.7754217>}
{'batch_loss': <tf.Tensor: shape=(), dtype=float32, numpy=1.7786387>}
{'batch_loss': <tf.Tensor: shape=(), dtype=float32, numpy=2.6761875>}
{'batch_loss': <tf.Tensor: shape=(), dtype=float32, numpy=1.1410469>}
{'batch_loss': <tf.Tensor: shape=(), dtype=float32, numpy=2.2119853>}
{'batch_loss': <tf.Tensor: shape=(), dtype=float32, numpy=0.75221986>}
{'batch_loss': <tf.Tensor: shape=(), dtype=float32, numpy=5.268214>}
{'batch_loss': <tf.Tensor: shape=(), dtype=float32, numpy=5.2888565>}
{'batch_loss': <tf.Tensor: shape=(), dtype=float32, numpy=1.6650486>}
{'batch_loss': <tf.Tensor: shape=(), dtype=float32, numpy=0.7370007>}
{'batch_loss': <tf.Tensor: shape=(), dtype=float32, numpy=3.0668871>}
{'batch_loss': <tf.Tensor: shape=(), dtype=float32, numpy=1.2538437>}
{'batch_loss': <tf.Tensor: shape=(), dtype=float32, numpy=0.26299927>}
{'batch_loss': <tf.Tensor: shape=(), dtype=float32, numpy=1.9014393>}
{'batch_loss': <tf.Tensor: shape=(), dtype=float32, numpy=1.7312983>}
{'batch_loss': <tf.Tensor: shape=(), dtype=float32, numpy=2.3505414>}
{'batch_loss': <tf.Tensor: shape=(), dtype=float32, numpy=1.3780642>}
{'batch_loss': <tf.Tensor: shape=(), dtype=float32, numpy=0.97225434>}
{'batch_loss': <tf.Tensor: shape=(), dtype=float32, numpy=0.8543989>}
{'batch_loss': <tf.Tensor: shape=(), dtype=float32, numpy=0.6469827>}
{'batch_loss': <tf.Tensor: shape=(), dtype=float32, numpy=5.779808>}
{'batch_loss': <tf.Tensor: shape=(), dtype=float32, numpy=0.6127776>}
{'batch_loss': <tf.Tensor: shape=(), dtype=float32, numpy=0.71536183>}
{'batch_loss': <tf.Tensor: shape=(), dtype=float32, numpy=0.61821157>}
{'batch_loss': <tf.Tensor: shape=(), dtype=float32, numpy=0.64733803>}
{'batch_loss': <tf.Tensor: shape=(), dtype=float32, numpy=0.13780096>}
{'batch_loss': <tf.Tensor: shape=(), dtype=float32, numpy=1.5449382>}
{'batch_loss': <tf.Tensor: shape=(), dtype=float32, numpy=0.81699485>}
{'batch_loss': <tf.Tensor: shape=(), dtype=float32, numpy=1.7799903>}
{'batch_loss': <tf.Tensor: shape=(), dtype=float32, numpy=0.3301387>}
{'batch_loss': <tf.Tensor: shape=(), dtype=float32, numpy=1.7731893>}
{'batch_loss': <tf.Tensor: shape=(), dtype=float32, numpy=0.17805126>}
{'batch_loss': <tf.Tensor: shape=(), dtype=float32, numpy=1.0274773>}
{'batch_loss': <tf.Tensor: shape=(), dtype=float32, numpy=0.112090066>}
{'batch_loss': <tf.Tensor: shape=(), dtype=float32, numpy=0.04033252>}
{'batch_loss': <tf.Tensor: shape=(), dtype=float32, numpy=0.13003735>}
{'batch_loss': <tf.Tensor: shape=(), dtype=float32, numpy=6.393443>}
{'batch_loss': <tf.Tensor: shape=(), dtype=float32, numpy=1.0843801>}
{'batch_loss': <tf.Tensor: shape=(), dtype=float32, numpy=0.40674365>}
{'batch_loss': <tf.Tensor: shape=(), dtype=float32, numpy=1.2645497>}
{'batch_loss': <tf.Tensor: shape=(), dtype=float32, numpy=0.35659236>}
{'batch_loss': <tf.Tensor: shape=(), dtype=float32, numpy=0.63354915>}
{'batch_loss': <tf.Tensor: shape=(), dtype=float32, numpy=0.7987038>}
{'batch_loss': <tf.Tensor: shape=(), dtype=float32, numpy=1.7117794>}
{'batch_loss': <tf.Tensor: shape=(), dtype=float32, numpy=1.2741436>}
{'batch_loss': <tf.Tensor: shape=(), dtype=float32, numpy=0.9708685>}
{'batch_loss': <tf.Tensor: shape=(), dtype=float32, numpy=1.8693053>}
Step 5
2509.6392736434937
[[3, 1964, 309, 946, 26914, 4]]
tf.Tensor(
[[ 1964   309   946 26914 26914 26914 26914 26914 26914 26914 26914 26914
  26914 26914 26914 26914 26914 26914 26914 26914 26914 26914 26914 26914
  26914 26914 26914 26914 26914 26914 26914 26914 26914 26914 26914 26914
  26914 26914 26914 26914 26914 26914 26914 26914 26914 26914 26914 26914
  26914 26914 26914 26914 26914 26914 26914 26914 26914 26914 26914 26914
  26914 26914 26914 26914 26914 26914 26914 26914 26914 26914 26914 26914
  26914 26914 26914 26914 26914 26914 26914 26914 26914 26914 26914 26914
  26914 26914 26914 26914 26914 26914 26914 26914 26914 26914 26914 26914
  26914 26914 26914 26914 26914 26914 26914 26914 26914 26914 26914 26914
  26914 26914 26914 26914 26914 26914 26914 26914 26914 26914 26914 26914
  26914 26914 26914 26914 26914 26914 26914 26914]], shape=(1, 128), dtype=int64)
Herr oder Frau.............................................................................................................................
