
================
== TensorFlow ==
================

NVIDIA Release 22.03-tf2 (build 33659467)
TensorFlow Version 2.8.0

Container image Copyright (c) 2022, NVIDIA CORPORATION & AFFILIATES. All rights reserved.
Copyright 2017-2022 The TensorFlow Authors.  All rights reserved.

Various files include modifications (c) NVIDIA CORPORATION & AFFILIATES.  All rights reserved.

This container image and its contents are governed by the NVIDIA Deep Learning Container License.
By pulling and using the container, you accept the terms and conditions of this license:
https://developer.nvidia.com/ngc/nvidia-deep-learning-container-license

NOTE: CUDA Forward Compatibility mode ENABLED.
  Using CUDA 11.6 driver version 510.47.03 with kernel driver version 470.82.01.
  See https://docs.nvidia.com/deploy/cuda-compatibility/ for details.

Initializing from scratch!
(1, 128)
tf.Tensor(
[[2859 2859 2859 2859 2859 2859 2859 2859 2859 2859 2859 2859 2859 2859
  2859 2859 2859 2859 2859 2859 2859 2859 2859 2859 2859 2859 2859 2859
  2859 2859 2859 2859 2859 2859 2859 2859 2859 2859 2859 2859 2859 2859
  2859 2859 2859 2859 2859 2859 2859 2859 2859 2859 2859 2859 2859 2859
  2859 2859 2859 2859 2859 2859 2859 2859 2859 2859 2859 2859 2859 2859
  2859 2859 2859 2859 2859 2859 2859 2859 2859 2859 2859 2859 2859 2859
  2859 2859 2859 2859 2859 2859 2859 2859 2859 2859 2859 2859 2859 2859
  2859 2859 2859 2859 2859 2859 2859 2859 2859 2859 2859 2859 2859 2859
  2859 2859 2859 2859 2859 2859 2859 2859 2859 2859 2859 2859 2859 2859
  2859 2859]], shape=(1, 128), dtype=int64)
tf.Tensor([0], shape=(1,), dtype=int64)
[ P A D ]
Model: "nmt_model"
_________________________________________________________________
 Layer (type)                Output Shape              Param #   
=================================================================
 tf_bert_model (TFBertModel)  multiple                 109081344 
                                                                 
 embedding (Embedding)       multiple                  0 (unused)
                                                                 
 nmt_encoder_layer (NMTEncod  multiple                 6300928   
 erLayer)                                                        
                                                                 
 nmt_encoder_layer_1 (NMTEnc  multiple                 6300928   
 oderLayer)                                                      
                                                                 
 nmt_encoder_layer_2 (NMTEnc  multiple                 6300928   
 oderLayer)                                                      
                                                                 
 nmt_encoder_layer_3 (NMTEnc  multiple                 6300928   
 oderLayer)                                                      
                                                                 
 nmt_encoder_layer_4 (NMTEnc  multiple                 6300928   
 oderLayer)                                                      
                                                                 
 nmt_encoder_layer_5 (NMTEnc  multiple                 6300928   
 oderLayer)                                                      
                                                                 
 nmt_encoder_layer_6 (NMTEnc  multiple                 6300928   
 oderLayer)                                                      
                                                                 
 nmt_encoder_layer_7 (NMTEnc  multiple                 6300928   
 oderLayer)                                                      
                                                                 
 nmt_encoder_layer_8 (NMTEnc  multiple                 6300928   
 oderLayer)                                                      
                                                                 
 nmt_encoder_layer_9 (NMTEnc  multiple                 6300928   
 oderLayer)                                                      
                                                                 
 nmt_encoder_layer_10 (NMTEn  multiple                 6300928   
 coderLayer)                                                     
                                                                 
 nmt_encoder_layer_11 (NMTEn  multiple                 6300928   
 coderLayer)                                                     
                                                                 
 embedding_1 (Embedding)     multiple                  23040000  
                                                                 
 nmt_decoder_layer (NMTDecod  multiple                 8666368   
 erLayer)                                                        
                                                                 
 nmt_decoder_layer_1 (NMTDec  multiple                 8666368   
 oderLayer)                                                      
                                                                 
 nmt_decoder_layer_2 (NMTDec  multiple                 8666368   
 oderLayer)                                                      
                                                                 
 nmt_decoder_layer_3 (NMTDec  multiple                 8666368   
 oderLayer)                                                      
                                                                 
 nmt_decoder_layer_4 (NMTDec  multiple                 8666368   
 oderLayer)                                                      
                                                                 
 nmt_decoder_layer_5 (NMTDec  multiple                 8666368   
 oderLayer)                                                      
                                                                 
 nmt_decoder_layer_6 (NMTDec  multiple                 8666368   
 oderLayer)                                                      
                                                                 
 nmt_decoder_layer_7 (NMTDec  multiple                 8666368   
 oderLayer)                                                      
                                                                 
 nmt_decoder_layer_8 (NMTDec  multiple                 8666368   
 oderLayer)                                                      
                                                                 
 nmt_decoder_layer_9 (NMTDec  multiple                 8666368   
 oderLayer)                                                      
                                                                 
 nmt_decoder_layer_10 (NMTDe  multiple                 8666368   
 coderLayer)                                                     
                                                                 
 nmt_decoder_layer_11 (NMTDe  multiple                 8666368   
 coderLayer)                                                     
                                                                 
 dense_288 (Dense)           multiple                  23070000  
                                                                 
 softmax (Softmax)           multiple                  0         
                                                                 
=================================================================
Total params: 334,798,896
Trainable params: 334,798,896
Non-trainable params: 0
_________________________________________________________________
(1, 128)
tf.Tensor([0], shape=(1,), dtype=int64)
[ P A D ]
Output [4886 4886 4886 4886 4886 4886 4886 4886 4886 4886 4886 4886 4886 4886
 4886 4886 4886 4886 4886 4886 4886 4886 4886 4886 4886 4886 4886 4886
 4886 4886 4886 4886 4886 4886 4886 4886 4886 4886 4886 4886 4886 4886
 4886 4886 4886 4886 4886 4886 4886 4886 4886 4886 4886 4886 4886 4886
 4886 4886 4886 4886 4886 4886 4886 4886 4886 4886 4886 4886 4886 4886
 4886 4886 4886 4886 4886 4886 4886 4886 4886 4886 4886 4886 4886 4886
 4886 4886 4886 4886 4886 4886 4886 4886 4886 4886 4886 4886 4886 4886
 4886 4886 4886 4886 4886 4886 4886 4886 4886 4886 4886 4886 4886 4886
 4886 4886 4886 4886 4886 4886 4886 4886 4886 4886 4886 4886 4886 4886
 4886 4886]
tf.Tensor([b'Wann sind Sie geboren?\n'], shape=(1,), dtype=string)
[2, 2, 2, 2, 2, 2, 2, 2, 2, 2, 2, 2, 2, 2, 2, 2, 2, 2, 2, 2, 2, 2, 2, 2, 2, 2, 2, 2, 2, 2, 2, 2, 2, 2, 2, 2, 2, 2, 2, 2, 2, 2, 2, 2, 2, 2, 2, 2, 2, 2, 2, 2, 2, 2, 2, 2, 2, 2, 2, 2, 2, 2, 2, 2, 2, 2, 2, 2, 2, 2, 2, 2, 2, 2, 2, 2, 2, 2, 2, 2, 2, 2, 2, 2, 2, 2, 2, 2, 2, 2, 2, 2, 2, 2, 2, 2, 2, 2, 2, 2, 2, 2, 2, 2, 2, 2, 2, 2, 2, 2, 2, 2, 2, 2, 2, 2, 2, 2, 2, 2, 2, 2, 2, 2, 2, 2, 2, 2]
Output [4886 4886 4886 4886 4886 4886 4886 4886 4886 4886 4886 4886 4886 4886
 4886 4886 4886 4886 4886 4886 4886 4886 4886 4886 4886 4886 4886 4886
 4886 4886 4886 4886 4886 4886 4886 4886 4886 4886 4886 4886 4886 4886
 4886 4886 4886 4886 4886 4886 4886 4886 4886 4886 4886 4886 4886 4886
 4886 4886 4886 4886 4886 4886 4886 4886 4886 4886 4886 4886 4886 4886
 4886 4886 4886 4886 4886 4886 4886 4886 4886 4886 4886 4886 4886 4886
 4886 4886 4886 4886 4886 4886 4886 4886 4886 4886 4886 4886 4886 4886
 4886 4886 4886 4886 4886 4886 4886 4886 4886 4886 4886 4886 4886 4886
 4886 4886 4886 4886 4886 4886 4886 4886 4886 4886 4886 4886 4886 4886
 4886 4886]
tf.Tensor([b'Staatsangeh\xc3\xb6rigkeit (Von welchem Land haben Sie einen Pass?)\n'], shape=(1,), dtype=string)
[2, 2, 2, 2, 2, 2, 2, 2, 2, 2, 2, 2, 2, 2, 2, 2, 2, 2, 2, 2, 2, 2, 2, 2, 2, 2, 2, 2, 2, 2, 2, 2, 2, 2, 2, 2, 2, 2, 2, 2, 2, 2, 2, 2, 2, 2, 2, 2, 2, 2, 2, 2, 2, 2, 2, 2, 2, 2, 2, 2, 2, 2, 2, 2, 2, 2, 2, 2, 2, 2, 2, 2, 2, 2, 2, 2, 2, 2, 2, 2, 2, 2, 2, 2, 2, 2, 2, 2, 2, 2, 2, 2, 2, 2, 2, 2, 2, 2, 2, 2, 2, 2, 2, 2, 2, 2, 2, 2, 2, 2, 2, 2, 2, 2, 2, 2, 2, 2, 2, 2, 2, 2, 2, 2, 2, 2, 2, 2]
Output [4886 4886 4886 4886 4886 4886 4886 4886 4886 4886 4886 4886 4886 4886
 4886 4886 4886 4886 4886 4886 4886 4886 4886 4886 4886 4886 4886 4886
 4886 4886 4886 4886 4886 4886 4886 4886 4886 4886 4886 4886 4886 4886
 4886 4886 4886 4886 4886 4886 4886 4886 4886 4886 4886 4886 4886 4886
 4886 4886 4886 4886 4886 4886 4886 4886 4886 4886 4886 4886 4886 4886
 4886 4886 4886 4886 4886 4886 4886 4886 4886 4886 4886 4886 4886 4886
 4886 4886 4886 4886 4886 4886 4886 4886 4886 4886 4886 4886 4886 4886
 4886 4886 4886 4886 4886 4886 4886 4886 4886 4886 4886 4886 4886 4886
 4886 4886 4886 4886 4886 4886 4886 4886 4886 4886 4886 4886 4886 4886
 4886 4886]
tf.Tensor([b'IBAN (Die Nummer finden Sie auf Ihrer EC-Karte.).\n'], shape=(1,), dtype=string)
[2, 2, 2, 2, 2, 2, 2, 2, 2, 2, 2, 2, 2, 2, 2, 2, 2, 2, 2, 2, 2, 2, 2, 2, 2, 2, 2, 2, 2, 2, 2, 2, 2, 2, 2, 2, 2, 2, 2, 2, 2, 2, 2, 2, 2, 2, 2, 2, 2, 2, 2, 2, 2, 2, 2, 2, 2, 2, 2, 2, 2, 2, 2, 2, 2, 2, 2, 2, 2, 2, 2, 2, 2, 2, 2, 2, 2, 2, 2, 2, 2, 2, 2, 2, 2, 2, 2, 2, 2, 2, 2, 2, 2, 2, 2, 2, 2, 2, 2, 2, 2, 2, 2, 2, 2, 2, 2, 2, 2, 2, 2, 2, 2, 2, 2, 2, 2, 2, 2, 2, 2, 2, 2, 2, 2, 2, 2, 2]
Output [4886 4886 4886 4886 4886 4886 4886 4886 4886 4886 4886 4886 4886 4886
 4886 4886 4886 4886 4886 4886 4886 4886 4886 4886 4886 4886 4886 4886
 4886 4886 4886 4886 4886 4886 4886 4886 4886 4886 4886 4886 4886 4886
 4886 4886 4886 4886 4886 4886 4886 4886 4886 4886 4886 4886 4886 4886
 4886 4886 4886 4886 4886 4886 4886 4886 4886 4886 4886 4886 4886 4886
 4886 4886 4886 4886 4886 4886 4886 4886 4886 4886 4886 4886 4886 4886
 4886 4886 4886 4886 4886 4886 4886 4886 4886 4886 4886 4886 4886 4886
 4886 4886 4886 4886 4886 4886 4886 4886 4886 4886 4886 4886 4886 4886
 4886 4886 4886 4886 4886 4886 4886 4886 4886 4886 4886 4886 4886 4886
 4886 4886]
tf.Tensor([b'Sie stellen diesen Antrag in einem Monat. Haben Sie f\xc3\xbcr denselben Monat schon bei einem anderen Jobcenter einen Antrag gestellt? Oder haben Sie von einem anderen Jobcenter in diesem Monat finanzielle Hilfen bekommen?\n'], shape=(1,), dtype=string)
[2, 2, 2, 2, 2, 2, 2, 2, 2, 2, 2, 2, 2, 2, 2, 2, 2, 2, 2, 2, 2, 2, 2, 2, 2, 2, 2, 2, 2, 2, 2, 2, 2, 2, 2, 2, 2, 2, 2, 2, 2, 2, 2, 2, 2, 2, 2, 2, 2, 2, 2, 2, 2, 2, 2, 2, 2, 2, 2, 2, 2, 2, 2, 2, 2, 2, 2, 2, 2, 2, 2, 2, 2, 2, 2, 2, 2, 2, 2, 2, 2, 2, 2, 2, 2, 2, 2, 2, 2, 2, 2, 2, 2, 2, 2, 2, 2, 2, 2, 2, 2, 2, 2, 2, 2, 2, 2, 2, 2, 2, 2, 2, 2, 2, 2, 2, 2, 2, 2, 2, 2, 2, 2, 2, 2, 2, 2, 2]
Output [4886 4886 4886 4886 4886 4886 4886 4886 4886 4886 4886 4886 4886 4886
 4886 4886 4886 4886 4886 4886 4886 4886 4886 4886 4886 4886 4886 4886
 4886 4886 4886 4886 4886 4886 4886 4886 4886 4886 4886 4886 4886 4886
 4886 4886 4886 4886 4886 4886 4886 4886 4886 4886 4886 4886 4886 4886
 4886 4886 4886 4886 4886 4886 4886 4886 4886 4886 4886 4886 4886 4886
 4886 4886 4886 4886 4886 4886 4886 4886 4886 4886 4886 4886 4886 4886
 4886 4886 4886 4886 4886 4886 4886 4886 4886 4886 4886 4886 4886 4886
 4886 4886 4886 4886 4886 4886 4886 4886 4886 4886 4886 4886 4886 4886
 4886 4886 4886 4886 4886 4886 4886 4886 4886 4886 4886 4886 4886 4886
 4886 4886]
tf.Tensor([b'Sie denken, dass Sie so gesund sind, dass Sie mindestens drei Stunden jeden Tag arbeiten k\xc3\xb6nnen.\n'], shape=(1,), dtype=string)
[2, 2, 2, 2, 2, 2, 2, 2, 2, 2, 2, 2, 2, 2, 2, 2, 2, 2, 2, 2, 2, 2, 2, 2, 2, 2, 2, 2, 2, 2, 2, 2, 2, 2, 2, 2, 2, 2, 2, 2, 2, 2, 2, 2, 2, 2, 2, 2, 2, 2, 2, 2, 2, 2, 2, 2, 2, 2, 2, 2, 2, 2, 2, 2, 2, 2, 2, 2, 2, 2, 2, 2, 2, 2, 2, 2, 2, 2, 2, 2, 2, 2, 2, 2, 2, 2, 2, 2, 2, 2, 2, 2, 2, 2, 2, 2, 2, 2, 2, 2, 2, 2, 2, 2, 2, 2, 2, 2, 2, 2, 2, 2, 2, 2, 2, 2, 2, 2, 2, 2, 2, 2, 2, 2, 2, 2, 2, 2]
Output [4886 4886 4886 4886 4886 4886 4886 4886 4886 4886 4886 4886 4886 4886
 4886 4886 4886 4886 4886 4886 4886 4886 4886 4886 4886 4886 4886 4886
 4886 4886 4886 4886 4886 4886 4886 4886 4886 4886 4886 4886 4886 4886
 4886 4886 4886 4886 4886 4886 4886 4886 4886 4886 4886 4886 4886 4886
 4886 4886 4886 4886 4886 4886 4886 4886 4886 4886 4886 4886 4886 4886
 4886 4886 4886 4886 4886 4886 4886 4886 4886 4886 4886 4886 4886 4886
 4886 4886 4886 4886 4886 4886 4886 4886 4886 4886 4886 4886 4886 4886
 4886 4886 4886 4886 4886 4886 4886 4886 4886 4886 4886 4886 4886 4886
 4886 4886 4886 4886 4886 4886 4886 4886 4886 4886 4886 4886 4886 4886
 4886 4886]
tf.Tensor([b'Legen Sie bitte ein Papier, wo steht, dass stimmt, was Sie schreiben.\n'], shape=(1,), dtype=string)
[2, 2, 2, 2, 2, 2, 2, 2, 2, 2, 2, 2, 2, 2, 2, 2, 2, 2, 2, 2, 2, 2, 2, 2, 2, 2, 2, 2, 2, 2, 2, 2, 2, 2, 2, 2, 2, 2, 2, 2, 2, 2, 2, 2, 2, 2, 2, 2, 2, 2, 2, 2, 2, 2, 2, 2, 2, 2, 2, 2, 2, 2, 2, 2, 2, 2, 2, 2, 2, 2, 2, 2, 2, 2, 2, 2, 2, 2, 2, 2, 2, 2, 2, 2, 2, 2, 2, 2, 2, 2, 2, 2, 2, 2, 2, 2, 2, 2, 2, 2, 2, 2, 2, 2, 2, 2, 2, 2, 2, 2, 2, 2, 2, 2, 2, 2, 2, 2, 2, 2, 2, 2, 2, 2, 2, 2, 2, 2]
Output [4886 4886 4886 4886 4886 4886 4886 4886 4886 4886 4886 4886 4886 4886
 4886 4886 4886 4886 4886 4886 4886 4886 4886 4886 4886 4886 4886 4886
 4886 4886 4886 4886 4886 4886 4886 4886 4886 4886 4886 4886 4886 4886
 4886 4886 4886 4886 4886 4886 4886 4886 4886 4886 4886 4886 4886 4886
 4886 4886 4886 4886 4886 4886 4886 4886 4886 4886 4886 4886 4886 4886
 4886 4886 4886 4886 4886 4886 4886 4886 4886 4886 4886 4886 4886 4886
 4886 4886 4886 4886 4886 4886 4886 4886 4886 4886 4886 4886 4886 4886
 4886 4886 4886 4886 4886 4886 4886 4886 4886 4886 4886 4886 4886 4886
 4886 4886 4886 4886 4886 4886 4886 4886 4886 4886 4886 4886 4886 4886
 4886 4886]
tf.Tensor([b'Legen Sie bitte ein Papier von dem BAf\xc3\xb6G-Amt dazu, wo steht, dass Sie einen Antrag gestellt haben. Wenn das BAf\xc3\xb6G-Amt bereits \xc3\xbcber Ihren Antrag entschieden hat: Dann legen Sie bitte den Brief dazu, wo steht, dass das BAf\xc3\xb6G-Amt Ihren Antrag angenommen oder abgelehnt hat.\n'], shape=(1,), dtype=string)
[2, 2, 2, 2, 2, 2, 2, 2, 2, 2, 2, 2, 2, 2, 2, 2, 2, 2, 2, 2, 2, 2, 2, 2, 2, 2, 2, 2, 2, 2, 2, 2, 2, 2, 2, 2, 2, 2, 2, 2, 2, 2, 2, 2, 2, 2, 2, 2, 2, 2, 2, 2, 2, 2, 2, 2, 2, 2, 2, 2, 2, 2, 2, 2, 2, 2, 2, 2, 2, 2, 2, 2, 2, 2, 2, 2, 2, 2, 2, 2, 2, 2, 2, 2, 2, 2, 2, 2, 2, 2, 2, 2, 2, 2, 2, 2, 2, 2, 2, 2, 2, 2, 2, 2, 2, 2, 2, 2, 2, 2, 2, 2, 2, 2, 2, 2, 2, 2, 2, 2, 2, 2, 2, 2, 2, 2, 2, 2]
Output [80 80 80 80 80 80 80 80 80 80 80 80 80 80 80 80 80 80 80 80 80 80 80 80
 80 80 80 80 80 80 80 80 80 80 80 80 80 80 80 80 80 80 80 80 80 80 80 80
 80 80 80 80 80 80 80 80 80 80 80 80 80 80 80 80 80 80 80 80 80 80 80 80
 80 80 80 80 80 80 80 80 80 80 80 80 80 80 80 80 80 80 80 80 80 80 80 80
 80 80 80 80 80 80 80 80 80 80 80 80 80 80 80 80 80 80 80 80 80 80 80 80
 80 80 80 80 80 80 80 80]
tf.Tensor([b'"Hier m\xc3\xbcssen Sie die Personen nennen, die zu Ihrer ""Bedarfsgemeinschaft"" geh\xc3\xb6ren. Sie stellen den Antrag auf finanzielle Hilfe. Das Amt nimmt daher an, dass Sie auch f\xc3\xbcr die anderen aus Ihrer ""Bedarfsgemeinschaft"" sprechen. Wenn eine Person aus Ihrer ""Bedarfsgemeinschaft"" \xc3\xa4lter als 15 Jahre ist, kann diese Person selbst einen Antrag stellen (nach dem Gesetz: \xc2\xa7 38 SGB II). In diesem Fall brauchen Sie zu dieser Person hier keine Informationen geben."\n'], shape=(1,), dtype=string)
[2, 2, 2, 2, 2, 2, 2, 2, 2, 2, 2, 2, 2, 2, 2, 2, 2, 2, 2, 2, 2, 2, 2, 2, 2, 2, 2, 2, 2, 2, 2, 2, 2, 2, 2, 2, 2, 2, 2, 2, 2, 2, 2, 2, 2, 2, 2, 2, 2, 2, 2, 2, 2, 2, 2, 2, 2, 2, 2, 2, 2, 2, 2, 2, 2, 2, 2, 2, 2, 2, 2, 2, 2, 2, 2, 2, 2, 2, 2, 2, 2, 2, 2, 2, 2, 2, 2, 2, 2, 2, 2, 2, 2, 2, 2, 2, 2, 2, 2, 2, 2, 2, 2, 2, 2, 2, 2, 2, 2, 2, 2, 2, 2, 2, 2, 2, 2, 2, 2, 2, 2, 2, 2, 2, 2, 2, 2, 2]
Output [4886 4886 4886 4886 4886 4886 4886 4886 4886 4886 4886 4886 4886 4886
 4886 4886 4886 4886 4886 4886 4886 4886 4886 4886 4886 4886 4886 4886
 4886 4886 4886 4886 4886 4886 4886 4886 4886 4886 4886 4886 4886 4886
 4886 4886 4886 4886 4886 4886 4886 4886 4886 4886 4886 4886 4886 4886
 4886 4886 4886 4886 4886 4886 4886 4886 4886 4886 4886 4886 4886 4886
 4886 4886 4886 4886 4886 4886 4886 4886 4886 4886 4886 4886 4886 4886
 4886 4886 4886 4886 4886 4886 4886 4886 4886 4886 4886 4886 4886 4886
 4886 4886 4886 4886 4886 4886 4886 4886 4886 4886 4886 4886 4886 4886
 4886 4886 4886 4886 4886 4886 4886 4886 4886 4886 4886 4886 4886 4886
 4886 4886]
tf.Tensor([b'Sie leben zusammen mit Ihrer Ehefrau/Ihrem Ehemann. Sie leben nicht dauernd getrennt.\n'], shape=(1,), dtype=string)
[2, 2, 2, 2, 2, 2, 2, 2, 2, 2, 2, 2, 2, 2, 2, 2, 2, 2, 2, 2, 2, 2, 2, 2, 2, 2, 2, 2, 2, 2, 2, 2, 2, 2, 2, 2, 2, 2, 2, 2, 2, 2, 2, 2, 2, 2, 2, 2, 2, 2, 2, 2, 2, 2, 2, 2, 2, 2, 2, 2, 2, 2, 2, 2, 2, 2, 2, 2, 2, 2, 2, 2, 2, 2, 2, 2, 2, 2, 2, 2, 2, 2, 2, 2, 2, 2, 2, 2, 2, 2, 2, 2, 2, 2, 2, 2, 2, 2, 2, 2, 2, 2, 2, 2, 2, 2, 2, 2, 2, 2, 2, 2, 2, 2, 2, 2, 2, 2, 2, 2, 2, 2, 2, 2, 2, 2, 2, 2]
Output [80 80 80 80 80 80 80 80 80 80 80 80 80 80 80 80 80 80 80 80 80 80 80 80
 80 80 80 80 80 80 80 80 80 80 80 80 80 80 80 80 80 80 80 80 80 80 80 80
 80 80 80 80 80 80 80 80 80 80 80 80 80 80 80 80 80 80 80 80 80 80 80 80
 80 80 80 80 80 80 80 80 80 80 80 80 80 80 80 80 80 80 80 80 80 80 80 80
 80 80 80 80 80 80 80 80 80 80 80 80 80 80 80 80 80 80 80 80 80 80 80 80
 80 80 80 80 80 80 80 80]
tf.Tensor([b'Sie sind j\xc3\xbcnger als 25 Jahre und leben mit Ihren Eltern oder nur mit Ihrer Mutter oder Ihrem Vater zusammen.\n'], shape=(1,), dtype=string)
[2, 2, 2, 2, 2, 2, 2, 2, 2, 2, 2, 2, 2, 2, 2, 2, 2, 2, 2, 2, 2, 2, 2, 2, 2, 2, 2, 2, 2, 2, 2, 2, 2, 2, 2, 2, 2, 2, 2, 2, 2, 2, 2, 2, 2, 2, 2, 2, 2, 2, 2, 2, 2, 2, 2, 2, 2, 2, 2, 2, 2, 2, 2, 2, 2, 2, 2, 2, 2, 2, 2, 2, 2, 2, 2, 2, 2, 2, 2, 2, 2, 2, 2, 2, 2, 2, 2, 2, 2, 2, 2, 2, 2, 2, 2, 2, 2, 2, 2, 2, 2, 2, 2, 2, 2, 2, 2, 2, 2, 2, 2, 2, 2, 2, 2, 2, 2, 2, 2, 2, 2, 2, 2, 2, 2, 2, 2, 2]
Output [4886 4886 4886 4886 4886 4886 4886 4886 4886 4886 4886 4886 4886 4886
 4886 4886 4886 4886 4886 4886 4886 4886 4886 4886 4886 4886 4886 4886
 4886 4886 4886 4886 4886 4886 4886 4886 4886 4886 4886 4886 4886 4886
 4886 4886 4886 4886 4886 4886 4886 4886 4886 4886 4886 4886 4886 4886
 4886 4886 4886 4886 4886 4886 4886 4886 4886 4886 4886 4886 4886 4886
 4886 4886 4886 4886 4886 4886 4886 4886 4886 4886 4886 4886 4886 4886
 4886 4886 4886 4886 4886 4886 4886 4886 4886 4886 4886 4886 4886 4886
 4886 4886 4886 4886 4886 4886 4886 4886 4886 4886 4886 4886 4886 4886
 4886 4886 4886 4886 4886 4886 4886 4886 4886 4886 4886 4886 4886 4886
 4886 4886]
tf.Tensor([b'Bitte legen Sie ein Papier vom Amt dazu, wo steht, dass es richtig ist, was Sie schreiben.\n'], shape=(1,), dtype=string)
[2, 2, 2, 2, 2, 2, 2, 2, 2, 2, 2, 2, 2, 2, 2, 2, 2, 2, 2, 2, 2, 2, 2, 2, 2, 2, 2, 2, 2, 2, 2, 2, 2, 2, 2, 2, 2, 2, 2, 2, 2, 2, 2, 2, 2, 2, 2, 2, 2, 2, 2, 2, 2, 2, 2, 2, 2, 2, 2, 2, 2, 2, 2, 2, 2, 2, 2, 2, 2, 2, 2, 2, 2, 2, 2, 2, 2, 2, 2, 2, 2, 2, 2, 2, 2, 2, 2, 2, 2, 2, 2, 2, 2, 2, 2, 2, 2, 2, 2, 2, 2, 2, 2, 2, 2, 2, 2, 2, 2, 2, 2, 2, 2, 2, 2, 2, 2, 2, 2, 2, 2, 2, 2, 2, 2, 2, 2, 2]
Output [4886 4886 4886 4886 4886 4886 4886 4886 4886 4886 4886 4886 4886 4886
 4886 4886 4886 4886 4886 4886 4886 4886 4886 4886 4886 4886 4886 4886
 4886 4886 4886 4886 4886 4886 4886 4886 4886 4886 4886 4886 4886 4886
 4886 4886 4886 4886 4886 4886 4886 4886 4886 4886 4886 4886 4886 4886
 4886 4886 4886 4886 4886 4886 4886 4886 4886 4886 4886 4886 4886 4886
 4886 4886 4886 4886 4886 4886 4886 4886 4886 4886 4886 4886 4886 4886
 4886 4886 4886 4886 4886 4886 4886 4886 4886 4886 4886 4886 4886 4886
 4886 4886 4886 4886 4886 4886 4886 4886 4886 4886 4886 4886 4886 4886
 4886 4886 4886 4886 4886 4886 4886 4886 4886 4886 4886 4886 4886 4886
 4886 4886]
tf.Tensor([b'"F\xc3\xbcllen Sie bitte das Formular Anlage VM aus. Dort schreiben Sie f\xc3\xbcr jede Person aus Ihrer ""Bedarfsgemeinschaft"", welches Verm\xc3\xb6gen diese Person hat."\n'], shape=(1,), dtype=string)
[2, 2, 2, 2, 2, 2, 2, 2, 2, 2, 2, 2, 2, 2, 2, 2, 2, 2, 2, 2, 2, 2, 2, 2, 2, 2, 2, 2, 2, 2, 2, 2, 2, 2, 2, 2, 2, 2, 2, 2, 2, 2, 2, 2, 2, 2, 2, 2, 2, 2, 2, 2, 2, 2, 2, 2, 2, 2, 2, 2, 2, 2, 2, 2, 2, 2, 2, 2, 2, 2, 2, 2, 2, 2, 2, 2, 2, 2, 2, 2, 2, 2, 2, 2, 2, 2, 2, 2, 2, 2, 2, 2, 2, 2, 2, 2, 2, 2, 2, 2, 2, 2, 2, 2, 2, 2, 2, 2, 2, 2, 2, 2, 2, 2, 2, 2, 2, 2, 2, 2, 2, 2, 2, 2, 2, 2, 2, 2]
Output [4886 4886 4886 4886 4886 4886 4886 4886 4886 4886 4886 4886 4886 4886
 4886 4886 4886 4886 4886 4886 4886 4886 4886 4886 4886 4886 4886 4886
 4886 4886 4886 4886 4886 4886 4886 4886 4886 4886 4886 4886 4886 4886
 4886 4886 4886 4886 4886 4886 4886 4886 4886 4886 4886 4886 4886 4886
 4886 4886 4886 4886 4886 4886 4886 4886 4886 4886 4886 4886 4886 4886
 4886 4886 4886 4886 4886 4886 4886 4886 4886 4886 4886 4886 4886 4886
 4886 4886 4886 4886 4886 4886 4886 4886 4886 4886 4886 4886 4886 4886
 4886 4886 4886 4886 4886 4886 4886 4886 4886 4886 4886 4886 4886 4886
 4886 4886 4886 4886 4886 4886 4886 4886 4886 4886 4886 4886 4886 4886
 4886 4886]
tf.Tensor([b'Wie unser Leben in Zukunft ist, entscheiden wir jetzt.\n'], shape=(1,), dtype=string)
[2, 2, 2, 2, 2, 2, 2, 2, 2, 2, 2, 2, 2, 2, 2, 2, 2, 2, 2, 2, 2, 2, 2, 2, 2, 2, 2, 2, 2, 2, 2, 2, 2, 2, 2, 2, 2, 2, 2, 2, 2, 2, 2, 2, 2, 2, 2, 2, 2, 2, 2, 2, 2, 2, 2, 2, 2, 2, 2, 2, 2, 2, 2, 2, 2, 2, 2, 2, 2, 2, 2, 2, 2, 2, 2, 2, 2, 2, 2, 2, 2, 2, 2, 2, 2, 2, 2, 2, 2, 2, 2, 2, 2, 2, 2, 2, 2, 2, 2, 2, 2, 2, 2, 2, 2, 2, 2, 2, 2, 2, 2, 2, 2, 2, 2, 2, 2, 2, 2, 2, 2, 2, 2, 2, 2, 2, 2, 2]
Output [4886 4886 4886 4886 4886 4886 4886 4886 4886 4886 4886 4886 4886 4886
 4886 4886 4886 4886 4886 4886 4886 4886 4886 4886 4886 4886 4886 4886
 4886 4886 4886 4886 4886 4886 4886 4886 4886 4886 4886 4886 4886 4886
 4886 4886 4886 4886 4886 4886 4886 4886 4886 4886 4886 4886 4886 4886
 4886 4886 4886 4886 4886 4886 4886 4886 4886 4886 4886 4886 4886 4886
 4886 4886 4886 4886 4886 4886 4886 4886 4886 4886 4886 4886 4886 4886
 4886 4886 4886 4886 4886 4886 4886 4886 4886 4886 4886 4886 4886 4886
 4886 4886 4886 4886 4886 4886 4886 4886 4886 4886 4886 4886 4886 4886
 4886 4886 4886 4886 4886 4886 4886 4886 4886 4886 4886 4886 4886 4886
 4886 4886]
tf.Tensor([b'Geld f\xc3\xbcr die \xc3\xb6ffentliche Infrastruktur\n'], shape=(1,), dtype=string)
[2, 2, 2, 2, 2, 2, 2, 2, 2, 2, 2, 2, 2, 2, 2, 2, 2, 2, 2, 2, 2, 2, 2, 2, 2, 2, 2, 2, 2, 2, 2, 2, 2, 2, 2, 2, 2, 2, 2, 2, 2, 2, 2, 2, 2, 2, 2, 2, 2, 2, 2, 2, 2, 2, 2, 2, 2, 2, 2, 2, 2, 2, 2, 2, 2, 2, 2, 2, 2, 2, 2, 2, 2, 2, 2, 2, 2, 2, 2, 2, 2, 2, 2, 2, 2, 2, 2, 2, 2, 2, 2, 2, 2, 2, 2, 2, 2, 2, 2, 2, 2, 2, 2, 2, 2, 2, 2, 2, 2, 2, 2, 2, 2, 2, 2, 2, 2, 2, 2, 2, 2, 2, 2, 2, 2, 2, 2, 2]
Output [4886 4886 4886 4886 4886 4886 4886 4886 4886 4886 4886 4886 4886 4886
 4886 4886 4886 4886 4886 4886 4886 4886 4886 4886 4886 4886 4886 4886
 4886 4886 4886 4886 4886 4886 4886 4886 4886 4886 4886 4886 4886 4886
 4886 4886 4886 4886 4886 4886 4886 4886 4886 4886 4886 4886 4886 4886
 4886 4886 4886 4886 4886 4886 4886 4886 4886 4886 4886 4886 4886 4886
 4886 4886 4886 4886 4886 4886 4886 4886 4886 4886 4886 4886 4886 4886
 4886 4886 4886 4886 4886 4886 4886 4886 4886 4886 4886 4886 4886 4886
 4886 4886 4886 4886 4886 4886 4886 4886 4886 4886 4886 4886 4886 4886
 4886 4886 4886 4886 4886 4886 4886 4886 4886 4886 4886 4886 4886 4886
 4886 4886]
tf.Tensor([b'Arbeits-Pl\xc3\xa4tze f\xc3\xbcr die Zukunft\n'], shape=(1,), dtype=string)
[2, 2, 2, 2, 2, 2, 2, 2, 2, 2, 2, 2, 2, 2, 2, 2, 2, 2, 2, 2, 2, 2, 2, 2, 2, 2, 2, 2, 2, 2, 2, 2, 2, 2, 2, 2, 2, 2, 2, 2, 2, 2, 2, 2, 2, 2, 2, 2, 2, 2, 2, 2, 2, 2, 2, 2, 2, 2, 2, 2, 2, 2, 2, 2, 2, 2, 2, 2, 2, 2, 2, 2, 2, 2, 2, 2, 2, 2, 2, 2, 2, 2, 2, 2, 2, 2, 2, 2, 2, 2, 2, 2, 2, 2, 2, 2, 2, 2, 2, 2, 2, 2, 2, 2, 2, 2, 2, 2, 2, 2, 2, 2, 2, 2, 2, 2, 2, 2, 2, 2, 2, 2, 2, 2, 2, 2, 2, 2]
Output [4886 4886 4886 4886 4886 4886 4886 4886 4886 4886 4886 4886 4886 4886
 4886 4886 4886 4886 4886 4886 4886 4886 4886 4886 4886 4886 4886 4886
 4886 4886 4886 4886 4886 4886 4886 4886 4886 4886 4886 4886 4886 4886
 4886 4886 4886 4886 4886 4886 4886 4886 4886 4886 4886 4886 4886 4886
 4886 4886 4886 4886 4886 4886 4886 4886 4886 4886 4886 4886 4886 4886
 4886 4886 4886 4886 4886 4886 4886 4886 4886 4886 4886 4886 4886 4886
 4886 4886 4886 4886 4886 4886 4886 4886 4886 4886 4886 4886 4886 4886
 4886 4886 4886 4886 4886 4886 4886 4886 4886 4886 4886 4886 4886 4886
 4886 4886 4886 4886 4886 4886 4886 4886 4886 4886 4886 4886 4886 4886
 4886 4886]
tf.Tensor([b'lebenswerte Zukunft\n'], shape=(1,), dtype=string)
[2, 2, 2, 2, 2, 2, 2, 2, 2, 2, 2, 2, 2, 2, 2, 2, 2, 2, 2, 2, 2, 2, 2, 2, 2, 2, 2, 2, 2, 2, 2, 2, 2, 2, 2, 2, 2, 2, 2, 2, 2, 2, 2, 2, 2, 2, 2, 2, 2, 2, 2, 2, 2, 2, 2, 2, 2, 2, 2, 2, 2, 2, 2, 2, 2, 2, 2, 2, 2, 2, 2, 2, 2, 2, 2, 2, 2, 2, 2, 2, 2, 2, 2, 2, 2, 2, 2, 2, 2, 2, 2, 2, 2, 2, 2, 2, 2, 2, 2, 2, 2, 2, 2, 2, 2, 2, 2, 2, 2, 2, 2, 2, 2, 2, 2, 2, 2, 2, 2, 2, 2, 2, 2, 2, 2, 2, 2, 2]
Output [4886 4886 4886 4886 4886 4886 4886 4886 4886 4886 4886 4886 4886 4886
 4886 4886 4886 4886 4886 4886 4886 4886 4886 4886 4886 4886 4886 4886
 4886 4886 4886 4886 4886 4886 4886 4886 4886 4886 4886 4886 4886 4886
 4886 4886 4886 4886 4886 4886 4886 4886 4886 4886 4886 4886 4886 4886
 4886 4886 4886 4886 4886 4886 4886 4886 4886 4886 4886 4886 4886 4886
 4886 4886 4886 4886 4886 4886 4886 4886 4886 4886 4886 4886 4886 4886
 4886 4886 4886 4886 4886 4886 4886 4886 4886 4886 4886 4886 4886 4886
 4886 4886 4886 4886 4886 4886 4886 4886 4886 4886 4886 4886 4886 4886
 4886 4886 4886 4886 4886 4886 4886 4886 4886 4886 4886 4886 4886 4886
 4886 4886]
tf.Tensor([b'Gesellschaft, in der alle gut miteinander leben\n'], shape=(1,), dtype=string)
[2, 2, 2, 2, 2, 2, 2, 2, 2, 2, 2, 2, 2, 2, 2, 2, 2, 2, 2, 2, 2, 2, 2, 2, 2, 2, 2, 2, 2, 2, 2, 2, 2, 2, 2, 2, 2, 2, 2, 2, 2, 2, 2, 2, 2, 2, 2, 2, 2, 2, 2, 2, 2, 2, 2, 2, 2, 2, 2, 2, 2, 2, 2, 2, 2, 2, 2, 2, 2, 2, 2, 2, 2, 2, 2, 2, 2, 2, 2, 2, 2, 2, 2, 2, 2, 2, 2, 2, 2, 2, 2, 2, 2, 2, 2, 2, 2, 2, 2, 2, 2, 2, 2, 2, 2, 2, 2, 2, 2, 2, 2, 2, 2, 2, 2, 2, 2, 2, 2, 2, 2, 2, 2, 2, 2, 2, 2, 2]
Output [4886 4886 4886 4886 4886 4886 4886 4886 4886 4886 4886 4886 4886 4886
 4886 4886 4886 4886 4886 4886 4886 4886 4886 4886 4886 4886 4886 4886
 4886 4886 4886 4886 4886 4886 4886 4886 4886 4886 4886 4886 4886 4886
 4886 4886 4886 4886 4886 4886 4886 4886 4886 4886 4886 4886 4886 4886
 4886 4886 4886 4886 4886 4886 4886 4886 4886 4886 4886 4886 4886 4886
 4886 4886 4886 4886 4886 4886 4886 4886 4886 4886 4886 4886 4886 4886
 4886 4886 4886 4886 4886 4886 4886 4886 4886 4886 4886 4886 4886 4886
 4886 4886 4886 4886 4886 4886 4886 4886 4886 4886 4886 4886 4886 4886
 4886 4886 4886 4886 4886 4886 4886 4886 4886 4886 4886 4886 4886 4886
 4886 4886]
tf.Tensor([b'Auch unsere Kinder und Enkel sollen sp\xc3\xa4ter ein gutes Leben haben. Und ihr eigenes Geld verdienen k\xc3\xb6nnen. Sie sollen auch friedlich mit anderen Menschen zusammen leben k\xc3\xb6nnen. Und sie sollen gesund leben k\xc3\xb6nnen.\n'], shape=(1,), dtype=string)
[2, 2, 2, 2, 2, 2, 2, 2, 2, 2, 2, 2, 2, 2, 2, 2, 2, 2, 2, 2, 2, 2, 2, 2, 2, 2, 2, 2, 2, 2, 2, 2, 2, 2, 2, 2, 2, 2, 2, 2, 2, 2, 2, 2, 2, 2, 2, 2, 2, 2, 2, 2, 2, 2, 2, 2, 2, 2, 2, 2, 2, 2, 2, 2, 2, 2, 2, 2, 2, 2, 2, 2, 2, 2, 2, 2, 2, 2, 2, 2, 2, 2, 2, 2, 2, 2, 2, 2, 2, 2, 2, 2, 2, 2, 2, 2, 2, 2, 2, 2, 2, 2, 2, 2, 2, 2, 2, 2, 2, 2, 2, 2, 2, 2, 2, 2, 2, 2, 2, 2, 2, 2, 2, 2, 2, 2, 2, 2]
Output [4886 4886 4886 4886 4886 4886 4886 4886 4886 4886 4886 4886 4886 4886
 4886 4886 4886 4886 4886 4886 4886 4886 4886 4886 4886 4886 4886 4886
 4886 4886 4886 4886 4886 4886 4886 4886 4886 4886 4886 4886 4886 4886
 4886 4886 4886 4886 4886 4886 4886 4886 4886 4886 4886 4886 4886 4886
 4886 4886 4886 4886 4886 4886 4886 4886 4886 4886 4886 4886 4886 4886
 4886 4886 4886 4886 4886 4886 4886 4886 4886 4886 4886 4886 4886 4886
 4886 4886 4886 4886 4886 4886 4886 4886 4886 4886 4886 4886 4886 4886
 4886 4886 4886 4886 4886 4886 4886 4886 4886 4886 4886 4886 4886 4886
 4886 4886 4886 4886 4886 4886 4886 4886 4886 4886 4886 4886 4886 4886
 4886 4886]
tf.Tensor([b'Auch reiche Konzerne sollen mehr Steuern zahlen. Das sind sehr reiche Firmen. Sie machen \xc3\xbcberall auf der Welt Gesch\xc3\xa4fte. Sie zahlen aber nur sehr wenig Steuern.\n'], shape=(1,), dtype=string)
[2, 2, 2, 2, 2, 2, 2, 2, 2, 2, 2, 2, 2, 2, 2, 2, 2, 2, 2, 2, 2, 2, 2, 2, 2, 2, 2, 2, 2, 2, 2, 2, 2, 2, 2, 2, 2, 2, 2, 2, 2, 2, 2, 2, 2, 2, 2, 2, 2, 2, 2, 2, 2, 2, 2, 2, 2, 2, 2, 2, 2, 2, 2, 2, 2, 2, 2, 2, 2, 2, 2, 2, 2, 2, 2, 2, 2, 2, 2, 2, 2, 2, 2, 2, 2, 2, 2, 2, 2, 2, 2, 2, 2, 2, 2, 2, 2, 2, 2, 2, 2, 2, 2, 2, 2, 2, 2, 2, 2, 2, 2, 2, 2, 2, 2, 2, 2, 2, 2, 2, 2, 2, 2, 2, 2, 2, 2, 2]
Output [4886 4886 4886 4886 4886 4886 4886 4886 4886 4886 4886 4886 4886 4886
 4886 4886 4886 4886 4886 4886 4886 4886 4886 4886 4886 4886 4886 4886
 4886 4886 4886 4886 4886 4886 4886 4886 4886 4886 4886 4886 4886 4886
 4886 4886 4886 4886 4886 4886 4886 4886 4886 4886 4886 4886 4886 4886
 4886 4886 4886 4886 4886 4886 4886 4886 4886 4886 4886 4886 4886 4886
 4886 4886 4886 4886 4886 4886 4886 4886 4886 4886 4886 4886 4886 4886
 4886 4886 4886 4886 4886 4886 4886 4886 4886 4886 4886 4886 4886 4886
 4886 4886 4886 4886 4886 4886 4886 4886 4886 4886 4886 4886 4886 4886
 4886 4886 4886 4886 4886 4886 4886 4886 4886 4886 4886 4886 4886 4886
 4886 4886]
tf.Tensor([b'Durch die erneuerbaren Energien gibt es auch neue Arbeits-Pl\xc3\xa4tze. Und die Arbeits-Pl\xc3\xa4tze sind gut bezahlt.\n'], shape=(1,), dtype=string)
[2, 2, 2, 2, 2, 2, 2, 2, 2, 2, 2, 2, 2, 2, 2, 2, 2, 2, 2, 2, 2, 2, 2, 2, 2, 2, 2, 2, 2, 2, 2, 2, 2, 2, 2, 2, 2, 2, 2, 2, 2, 2, 2, 2, 2, 2, 2, 2, 2, 2, 2, 2, 2, 2, 2, 2, 2, 2, 2, 2, 2, 2, 2, 2, 2, 2, 2, 2, 2, 2, 2, 2, 2, 2, 2, 2, 2, 2, 2, 2, 2, 2, 2, 2, 2, 2, 2, 2, 2, 2, 2, 2, 2, 2, 2, 2, 2, 2, 2, 2, 2, 2, 2, 2, 2, 2, 2, 2, 2, 2, 2, 2, 2, 2, 2, 2, 2, 2, 2, 2, 2, 2, 2, 2, 2, 2, 2, 2]
Output [4886 4886 4886 4886 4886 4886 4886 4886 4886 4886 4886 4886 4886 4886
 4886 4886 4886 4886 4886 4886 4886 4886 4886 4886 4886 4886 4886 4886
 4886 4886 4886 4886 4886 4886 4886 4886 4886 4886 4886 4886 4886 4886
 4886 4886 4886 4886 4886 4886 4886 4886 4886 4886 4886 4886 4886 4886
 4886 4886 4886 4886 4886 4886 4886 4886 4886 4886 4886 4886 4886 4886
 4886 4886 4886 4886 4886 4886 4886 4886 4886 4886 4886 4886 4886 4886
 4886 4886 4886 4886 4886 4886 4886 4886 4886 4886 4886 4886 4886 4886
 4886 4886 4886 4886 4886 4886 4886 4886 4886 4886 4886 4886 4886 4886
 4886 4886 4886 4886 4886 4886 4886 4886 4886 4886 4886 4886 4886 4886
 4886 4886]
tf.Tensor([b'Wir werden auch das Renten-Alter nicht erh\xc3\xb6hen. Renten-Alter hei\xc3\x9ft: Ab diesem Alter muss man nicht mehr arbeiten und bekommt Rente. Dieses Alter wird mit uns nicht steigen.\n'], shape=(1,), dtype=string)
[2, 2, 2, 2, 2, 2, 2, 2, 2, 2, 2, 2, 2, 2, 2, 2, 2, 2, 2, 2, 2, 2, 2, 2, 2, 2, 2, 2, 2, 2, 2, 2, 2, 2, 2, 2, 2, 2, 2, 2, 2, 2, 2, 2, 2, 2, 2, 2, 2, 2, 2, 2, 2, 2, 2, 2, 2, 2, 2, 2, 2, 2, 2, 2, 2, 2, 2, 2, 2, 2, 2, 2, 2, 2, 2, 2, 2, 2, 2, 2, 2, 2, 2, 2, 2, 2, 2, 2, 2, 2, 2, 2, 2, 2, 2, 2, 2, 2, 2, 2, 2, 2, 2, 2, 2, 2, 2, 2, 2, 2, 2, 2, 2, 2, 2, 2, 2, 2, 2, 2, 2, 2, 2, 2, 2, 2, 2, 2]
Output [4886 4886 4886 4886 4886 4886 4886 4886 4886 4886 4886 4886 4886 4886
 4886 4886 4886 4886 4886 4886 4886 4886 4886 4886 4886 4886 4886 4886
 4886 4886 4886 4886 4886 4886 4886 4886 4886 4886 4886 4886 4886 4886
 4886 4886 4886 4886 4886 4886 4886 4886 4886 4886 4886 4886 4886 4886
 4886 4886 4886 4886 4886 4886 4886 4886 4886 4886 4886 4886 4886 4886
 4886 4886 4886 4886 4886 4886 4886 4886 4886 4886 4886 4886 4886 4886
 4886 4886 4886 4886 4886 4886 4886 4886 4886 4886 4886 4886 4886 4886
 4886 4886 4886 4886 4886 4886 4886 4886 4886 4886 4886 4886 4886 4886
 4886 4886 4886 4886 4886 4886 4886 4886 4886 4886 4886 4886 4886 4886
 4886 4886]
tf.Tensor([b'Ich wei\xc3\x9f nicht, warum du so ver\xc3\xa4rgert bist\n'], shape=(1,), dtype=string)
[2, 2, 2, 2, 2, 2, 2, 2, 2, 2, 2, 2, 2, 2, 2, 2, 2, 2, 2, 2, 2, 2, 2, 2, 2, 2, 2, 2, 2, 2, 2, 2, 2, 2, 2, 2, 2, 2, 2, 2, 2, 2, 2, 2, 2, 2, 2, 2, 2, 2, 2, 2, 2, 2, 2, 2, 2, 2, 2, 2, 2, 2, 2, 2, 2, 2, 2, 2, 2, 2, 2, 2, 2, 2, 2, 2, 2, 2, 2, 2, 2, 2, 2, 2, 2, 2, 2, 2, 2, 2, 2, 2, 2, 2, 2, 2, 2, 2, 2, 2, 2, 2, 2, 2, 2, 2, 2, 2, 2, 2, 2, 2, 2, 2, 2, 2, 2, 2, 2, 2, 2, 2, 2, 2, 2, 2, 2, 2]
