
================
== TensorFlow ==
================

NVIDIA Release 22.03-tf2 (build 33659467)
TensorFlow Version 2.8.0

Container image Copyright (c) 2022, NVIDIA CORPORATION & AFFILIATES. All rights reserved.
Copyright 2017-2022 The TensorFlow Authors.  All rights reserved.

Various files include modifications (c) NVIDIA CORPORATION & AFFILIATES.  All rights reserved.

This container image and its contents are governed by the NVIDIA Deep Learning Container License.
By pulling and using the container, you accept the terms and conditions of this license:
https://developer.nvidia.com/ngc/nvidia-deep-learning-container-license

NOTE: CUDA Forward Compatibility mode ENABLED.
  Using CUDA 11.6 driver version 510.47.03 with kernel driver version 470.82.01.
  See https://docs.nvidia.com/deploy/cuda-compatibility/ for details.

Initializing from scratch!
(1, 128)
tf.Tensor(
[[28964 28964 28964 28964 28964 28964 28964 28964 28964 28964 28964 28964
  28964 28964 28964 28964 28964 28964 28964 28964 28964 28964 28964 28964
  28964 28964 28964 28964 28964 28964 28964 28964 28964 28964 28964 28964
  28964 28964 28964 28964 28964 28964 28964 28964 28964 28964 28964 28964
  28964 28964 28964 28964 28964 28964 28964 28964 28964 28964 28964 28964
  28964 28964 28964 28964 28964 28964 28964 28964 28964 28964 28964 28964
  28964 28964 28964 28964 28964 28964 28964 28964 28964 28964 28964 28964
  28964 28964 28964 28964 28964 28964 28964 28964 28964 28964 28964 28964
  28964 28964 28964 28964 28964 28964 28964 28964 28964 28964 28964 28964
  28964 28964 28964 28964 28964 28964 28964 28964 28964 28964 28964 28964
  28964 28964 28964 28964 28964 28964 28964 28964]], shape=(1, 128), dtype=int64)
tf.Tensor([0], shape=(1,), dtype=int64)
[ P A D ]
Model: "nmt_model"
_________________________________________________________________
 Layer (type)                Output Shape              Param #   
=================================================================
 tf_bert_model (TFBertModel)  multiple                 109081344 
                                                                 
 embedding (Embedding)       multiple                  0 (unused)
                                                                 
 nmt_encoder_layer (NMTEncod  multiple                 6300928   
 erLayer)                                                        
                                                                 
 nmt_encoder_layer_1 (NMTEnc  multiple                 6300928   
 oderLayer)                                                      
                                                                 
 nmt_encoder_layer_2 (NMTEnc  multiple                 6300928   
 oderLayer)                                                      
                                                                 
 nmt_encoder_layer_3 (NMTEnc  multiple                 6300928   
 oderLayer)                                                      
                                                                 
 nmt_encoder_layer_4 (NMTEnc  multiple                 6300928   
 oderLayer)                                                      
                                                                 
 nmt_encoder_layer_5 (NMTEnc  multiple                 6300928   
 oderLayer)                                                      
                                                                 
 nmt_encoder_layer_6 (NMTEnc  multiple                 6300928   
 oderLayer)                                                      
                                                                 
 nmt_encoder_layer_7 (NMTEnc  multiple                 6300928   
 oderLayer)                                                      
                                                                 
 nmt_encoder_layer_8 (NMTEnc  multiple                 6300928   
 oderLayer)                                                      
                                                                 
 nmt_encoder_layer_9 (NMTEnc  multiple                 6300928   
 oderLayer)                                                      
                                                                 
 nmt_encoder_layer_10 (NMTEn  multiple                 6300928   
 coderLayer)                                                     
                                                                 
 nmt_encoder_layer_11 (NMTEn  multiple                 6300928   
 coderLayer)                                                     
                                                                 
 embedding_1 (Embedding)     multiple                  23040000  
                                                                 
 nmt_decoder_layer (NMTDecod  multiple                 8666368   
 erLayer)                                                        
                                                                 
 nmt_decoder_layer_1 (NMTDec  multiple                 8666368   
 oderLayer)                                                      
                                                                 
 nmt_decoder_layer_2 (NMTDec  multiple                 8666368   
 oderLayer)                                                      
                                                                 
 nmt_decoder_layer_3 (NMTDec  multiple                 8666368   
 oderLayer)                                                      
                                                                 
 nmt_decoder_layer_4 (NMTDec  multiple                 8666368   
 oderLayer)                                                      
                                                                 
 nmt_decoder_layer_5 (NMTDec  multiple                 8666368   
 oderLayer)                                                      
                                                                 
 nmt_decoder_layer_6 (NMTDec  multiple                 8666368   
 oderLayer)                                                      
                                                                 
 nmt_decoder_layer_7 (NMTDec  multiple                 8666368   
 oderLayer)                                                      
                                                                 
 nmt_decoder_layer_8 (NMTDec  multiple                 8666368   
 oderLayer)                                                      
                                                                 
 nmt_decoder_layer_9 (NMTDec  multiple                 8666368   
 oderLayer)                                                      
                                                                 
 nmt_decoder_layer_10 (NMTDe  multiple                 8666368   
 coderLayer)                                                     
                                                                 
 nmt_decoder_layer_11 (NMTDe  multiple                 8666368   
 coderLayer)                                                     
                                                                 
 dense_288 (Dense)           multiple                  23070000  
                                                                 
 softmax (Softmax)           multiple                  0         
                                                                 
=================================================================
Total params: 334,798,896
Trainable params: 334,798,896
Non-trainable params: 0
_________________________________________________________________
(1, 128)
tf.Tensor([0], shape=(1,), dtype=int64)
[ P A D ]
Output [28964 28964 28964 28964 28964 28964 28964 28964 28964 28964 28964 28964
 28964 28964 28964 28964 28964 28964 28964 28964 28964 28964 28964 28964
 28964 28964 28964 28964 28964 28964 28964 28964 28964 28964 28964 28964
 28964 28964 28964 28964 28964 28964 28964 28964 28964 28964 28964 28964
 28964 28964 28964 28964 28964 28964 28964 28964 28964 28964 28964 28964
 28964 28964 28964 28964 28964 28964 28964 28964 28964 28964 28964 28964
 28964 28964 28964 28964 28964 28964 28964 28964 28964 28964 28964 28964
 28964 28964 28964 28964 28964 28964 28964 28964 28964 28964 28964 28964
 28964 28964 28964 28964 28964 28964 28964 28964 28964 28964 28964 28964
 28964 28964 28964 28964 28964 28964 28964 28964 28964 28964 28964 28964
 28964 28964 28964 28964 28964 28964 28964 28964]
tf.Tensor([b'In was f\xc3\x83\xc2\xbcr eine Beziehung sind Sie im Moment.\n'], shape=(1,), dtype=string)
[2, 2, 2, 2, 2, 2, 2, 2, 2, 2, 2, 2, 2, 2, 2, 2, 2, 2, 2, 2, 2, 2, 2, 2, 2, 2, 2, 2, 2, 2, 2, 2, 2, 2, 2, 2, 2, 2, 2, 2, 2, 2, 2, 2, 2, 2, 2, 2, 2, 2, 2, 2, 2, 2, 2, 2, 2, 2, 2, 2, 2, 2, 2, 2, 2, 2, 2, 2, 2, 2, 2, 2, 2, 2, 2, 2, 2, 2, 2, 2, 2, 2, 2, 2, 2, 2, 2, 2, 2, 2, 2, 2, 2, 2, 2, 2, 2, 2, 2, 2, 2, 2, 2, 2, 2, 2, 2, 2, 2, 2, 2, 2, 2, 2, 2, 2, 2, 2, 2, 2, 2, 2, 2, 2, 2, 2, 2, 2]
Output [23978 23978 23978 23978 23978 23978 23978 23978 23978 23978 23978 23978
 23978 23978 23978 23978 23978 23978 23978 23978 23978 23978 23978 23978
 23978 23978 23978 23978 23978 23978 23978 23978 23978 23978 23978 23978
 23978 23978 23978 23978 23978 23978 23978 23978 23978 23978 23978 23978
 23978 23978 23978 23978 23978 23978 23978 23978 23978 23978 23978 23978
 23978 23978 23978 23978 23978 23978 23978 23978 23978 23978 23978 23978
 23978 23978 23978 23978 23978 23978 23978 23978 23978 23978 23978 23978
 23978 23978 23978 23978 23978 23978 23978 23978 23978 23978 23978 23978
 23978 23978 23978 23978 23978 23978 23978 23978 23978 23978 23978 23978
 23978 23978 23978 23978 23978 23978 23978 23978 23978 23978 23978 23978
 23978 23978 23978 23978 23978 23978 23978 23978]
tf.Tensor([b'Bank.\n'], shape=(1,), dtype=string)
[2, 2, 2, 2, 2, 2, 2, 2, 2, 2, 2, 2, 2, 2, 2, 2, 2, 2, 2, 2, 2, 2, 2, 2, 2, 2, 2, 2, 2, 2, 2, 2, 2, 2, 2, 2, 2, 2, 2, 2, 2, 2, 2, 2, 2, 2, 2, 2, 2, 2, 2, 2, 2, 2, 2, 2, 2, 2, 2, 2, 2, 2, 2, 2, 2, 2, 2, 2, 2, 2, 2, 2, 2, 2, 2, 2, 2, 2, 2, 2, 2, 2, 2, 2, 2, 2, 2, 2, 2, 2, 2, 2, 2, 2, 2, 2, 2, 2, 2, 2, 2, 2, 2, 2, 2, 2, 2, 2, 2, 2, 2, 2, 2, 2, 2, 2, 2, 2, 2, 2, 2, 2, 2, 2, 2, 2, 2, 2]
Output [3243 3243 3243 3243 3243 3243 3243 3243 3243 3243 3243 3243 3243 3243
 3243 3243 3243 3243 3243 3243 3243 3243 3243 3243 3243 3243 3243 3243
 3243 3243 3243 3243 3243 3243 3243 3243 3243 3243 3243 3243 3243 3243
 3243 3243 3243 3243 3243 3243 3243 3243 3243 3243 3243 3243 3243 3243
 3243 3243 3243 3243 3243 3243 3243 3243 3243 3243 3243 3243 3243 3243
 3243 3243 3243 3243 3243 3243 3243 3243 3243 3243 3243 3243 3243 3243
 3243 3243 3243 3243 3243 3243 3243 3243 3243 3243 3243 3243 3243 3243
 3243 3243 3243 3243 3243 3243 3243 3243 3243 3243 3243 3243 3243 3243
 3243 3243 3243 3243 3243 3243 3243 3243 3243 3243 3243 3243 3243 3243
 3243 3243]
tf.Tensor([b'Legen Sie bitte ein Papier von dem BAf\xc3\x83\xc2\xb6G-Amt dazu, wo steht, dass Sie einen Antrag gestellt haben. Wenn das BAf\xc3\x83\xc2\xb6G-Amt bereits \xc3\x83\xc2\xbcber Ihren Antrag entschieden hat: Dann legen Sie bitte den Brief dazu, wo steht, dass das BAf\xc3\x83\xc2\xb6G-Amt Ihren Antrag angenommen oder abgelehnt hat.\n'], shape=(1,), dtype=string)
[2, 2, 2, 2, 2, 2, 2, 2, 2, 2, 2, 2, 2, 2, 2, 2, 2, 2, 2, 2, 2, 2, 2, 2, 2, 2, 2, 2, 2, 2, 2, 2, 2, 2, 2, 2, 2, 2, 2, 2, 2, 2, 2, 2, 2, 2, 2, 2, 2, 2, 2, 2, 2, 2, 2, 2, 2, 2, 2, 2, 2, 2, 2, 2, 2, 2, 2, 2, 2, 2, 2, 2, 2, 2, 2, 2, 2, 2, 2, 2, 2, 2, 2, 2, 2, 2, 2, 2, 2, 2, 2, 2, 2, 2, 2, 2, 2, 2, 2, 2, 2, 2, 2, 2, 2, 2, 2, 2, 2, 2, 2, 2, 2, 2, 2, 2, 2, 2, 2, 2, 2, 2, 2, 2, 2, 2, 2, 2]
Output [23978 23978 23978 23978 23978 23978 23978 23978 23978 23978 23978 23978
 23978 23978 23978 23978 23978 23978 23978 23978 23978 23978 23978 23978
 23978 23978 23978 23978 23978 23978 23978 23978 23978 23978 23978 23978
 23978 23978 23978 23978 23978 23978 23978 23978 23978 23978 23978 23978
 23978 23978 23978 23978 23978 23978 23978 23978 23978 23978 23978 23978
 23978 23978 23978 23978 23978 23978 23978 23978 23978 23978 23978 23978
 23978 23978 23978 23978 23978 23978 23978 23978 23978 23978 23978 23978
 23978 23978 23978 23978 23978 23978 23978 23978 23978 23978 23978 23978
 23978 23978 23978 23978 23978 23978 23978 23978 23978 23978 23978 23978
 23978 23978 23978 23978 23978 23978 23978 23978 23978 23978 23978 23978
 23978 23978 23978 23978 23978 23978 23978 23978]
tf.Tensor([b'Gef\xc3\x83\xc2\xa4ngnis.\n'], shape=(1,), dtype=string)
[2, 2, 2, 2, 2, 2, 2, 2, 2, 2, 2, 2, 2, 2, 2, 2, 2, 2, 2, 2, 2, 2, 2, 2, 2, 2, 2, 2, 2, 2, 2, 2, 2, 2, 2, 2, 2, 2, 2, 2, 2, 2, 2, 2, 2, 2, 2, 2, 2, 2, 2, 2, 2, 2, 2, 2, 2, 2, 2, 2, 2, 2, 2, 2, 2, 2, 2, 2, 2, 2, 2, 2, 2, 2, 2, 2, 2, 2, 2, 2, 2, 2, 2, 2, 2, 2, 2, 2, 2, 2, 2, 2, 2, 2, 2, 2, 2, 2, 2, 2, 2, 2, 2, 2, 2, 2, 2, 2, 2, 2, 2, 2, 2, 2, 2, 2, 2, 2, 2, 2, 2, 2, 2, 2, 2, 2, 2, 2]
Output [3243 3243 3243 3243 3243 3243 3243 3243 3243 3243 3243 3243 3243 3243
 3243 3243 3243 3243 3243 3243 3243 3243 3243 3243 3243 3243 3243 3243
 3243 3243 3243 3243 3243 3243 3243 3243 3243 3243 3243 3243 3243 3243
 3243 3243 3243 3243 3243 3243 3243 3243 3243 3243 3243 3243 3243 3243
 3243 3243 3243 3243 3243 3243 3243 3243 3243 3243 3243 3243 3243 3243
 3243 3243 3243 3243 3243 3243 3243 3243 3243 3243 3243 3243 3243 3243
 3243 3243 3243 3243 3243 3243 3243 3243 3243 3243 3243 3243 3243 3243
 3243 3243 3243 3243 3243 3243 3243 3243 3243 3243 3243 3243 3243 3243
 3243 3243 3243 3243 3243 3243 3243 3243 3243 3243 3243 3243 3243 3243
 3243 3243]
tf.Tensor([b'"In Ihrer Wohnung leben noch ... (Zahl) weitere Personen, die Sie nicht unter Nummer 2 genannt haben. Diese Personen geh\xc3\x83\xc2\xb6ren nicht zu Ihrer ""Bedarfgemeinschaft"". Wenn darunter Personen sind, die zu Ihrer weiteren Familie geh\xc3\x83\xc2\xb6ren (zum Beispiel Ihre Tante oder der Bruder Ihrer Frau), f\xc3\x83\xc2\xbcllen Sie bitte das Formular Anlage HG aus."\n'], shape=(1,), dtype=string)
[2, 2, 2, 2, 2, 2, 2, 2, 2, 2, 2, 2, 2, 2, 2, 2, 2, 2, 2, 2, 2, 2, 2, 2, 2, 2, 2, 2, 2, 2, 2, 2, 2, 2, 2, 2, 2, 2, 2, 2, 2, 2, 2, 2, 2, 2, 2, 2, 2, 2, 2, 2, 2, 2, 2, 2, 2, 2, 2, 2, 2, 2, 2, 2, 2, 2, 2, 2, 2, 2, 2, 2, 2, 2, 2, 2, 2, 2, 2, 2, 2, 2, 2, 2, 2, 2, 2, 2, 2, 2, 2, 2, 2, 2, 2, 2, 2, 2, 2, 2, 2, 2, 2, 2, 2, 2, 2, 2, 2, 2, 2, 2, 2, 2, 2, 2, 2, 2, 2, 2, 2, 2, 2, 2, 2, 2, 2, 2]
Output [3243 3243 3243 3243 3243 3243 3243 3243 3243 3243 3243 3243 3243 3243
 3243 3243 3243 3243 3243 3243 3243 3243 3243 3243 3243 3243 3243 3243
 3243 3243 3243 3243 3243 3243 3243 3243 3243 3243 3243 3243 3243 3243
 3243 3243 3243 3243 3243 3243 3243 3243 3243 3243 3243 3243 3243 3243
 3243 3243 3243 3243 3243 3243 3243 3243 3243 3243 3243 3243 3243 3243
 3243 3243 3243 3243 3243 3243 3243 3243 3243 3243 3243 3243 3243 3243
 3243 3243 3243 3243 3243 3243 3243 3243 3243 3243 3243 3243 3243 3243
 3243 3243 3243 3243 3243 3243 3243 3243 3243 3243 3243 3243 3243 3243
 3243 3243 3243 3243 3243 3243 3243 3243 3243 3243 3243 3243 3243 3243
 3243 3243]
tf.Tensor([b'Sie haben gespartes Geld oder andere wertvolle Dinge wie ein Auto.\n'], shape=(1,), dtype=string)
[2, 2, 2, 2, 2, 2, 2, 2, 2, 2, 2, 2, 2, 2, 2, 2, 2, 2, 2, 2, 2, 2, 2, 2, 2, 2, 2, 2, 2, 2, 2, 2, 2, 2, 2, 2, 2, 2, 2, 2, 2, 2, 2, 2, 2, 2, 2, 2, 2, 2, 2, 2, 2, 2, 2, 2, 2, 2, 2, 2, 2, 2, 2, 2, 2, 2, 2, 2, 2, 2, 2, 2, 2, 2, 2, 2, 2, 2, 2, 2, 2, 2, 2, 2, 2, 2, 2, 2, 2, 2, 2, 2, 2, 2, 2, 2, 2, 2, 2, 2, 2, 2, 2, 2, 2, 2, 2, 2, 2, 2, 2, 2, 2, 2, 2, 2, 2, 2, 2, 2, 2, 2, 2, 2, 2, 2, 2, 2]
Output [3243 3243 3243 3243 3243 3243 3243 3243 3243 3243 3243 3243 3243 3243
 3243 3243 3243 3243 3243 3243 3243 3243 3243 3243 3243 3243 3243 3243
 3243 3243 3243 3243 3243 3243 3243 3243 3243 3243 3243 3243 3243 3243
 3243 3243 3243 3243 3243 3243 3243 3243 3243 3243 3243 3243 3243 3243
 3243 3243 3243 3243 3243 3243 3243 3243 3243 3243 3243 3243 3243 3243
 3243 3243 3243 3243 3243 3243 3243 3243 3243 3243 3243 3243 3243 3243
 3243 3243 3243 3243 3243 3243 3243 3243 3243 3243 3243 3243 3243 3243
 3243 3243 3243 3243 3243 3243 3243 3243 3243 3243 3243 3243 3243 3243
 3243 3243 3243 3243 3243 3243 3243 3243 3243 3243 3243 3243 3243 3243
 3243 3243]
tf.Tensor([b'Wenn Sie schon wissen, dass Sie finanzielle Hilfe bekommen: Legen Sie bitte das Papier vom Amt vor, wo steht, dass Sie finanzielle Hilfe bekommen.\n'], shape=(1,), dtype=string)
[2, 2, 2, 2, 2, 2, 2, 2, 2, 2, 2, 2, 2, 2, 2, 2, 2, 2, 2, 2, 2, 2, 2, 2, 2, 2, 2, 2, 2, 2, 2, 2, 2, 2, 2, 2, 2, 2, 2, 2, 2, 2, 2, 2, 2, 2, 2, 2, 2, 2, 2, 2, 2, 2, 2, 2, 2, 2, 2, 2, 2, 2, 2, 2, 2, 2, 2, 2, 2, 2, 2, 2, 2, 2, 2, 2, 2, 2, 2, 2, 2, 2, 2, 2, 2, 2, 2, 2, 2, 2, 2, 2, 2, 2, 2, 2, 2, 2, 2, 2, 2, 2, 2, 2, 2, 2, 2, 2, 2, 2, 2, 2, 2, 2, 2, 2, 2, 2, 2, 2, 2, 2, 2, 2, 2, 2, 2, 2]
Output [28964 28964 28964 28964 28964 28964 28964 28964 28964 28964 28964 28964
 28964 28964 28964 28964 28964 28964 28964 28964 28964 28964 28964 28964
 28964 28964 28964 28964 28964 28964 28964 28964 28964 28964 28964 28964
 28964 28964 28964 28964 28964 28964 28964 28964 28964 28964 28964 28964
 28964 28964 28964 28964 28964 28964 28964 28964 28964 28964 28964 28964
 28964 28964 28964 28964 28964 28964 28964 28964 28964 28964 28964 28964
 28964 28964 28964 28964 28964 28964 28964 28964 28964 28964 28964 28964
 28964 28964 28964 28964 28964 28964 28964 28964 28964 28964 28964 28964
 28964 28964 28964 28964 28964 28964 28964 28964 28964 28964 28964 28964
 28964 28964 28964 28964 28964 28964 28964 28964 28964 28964 28964 28964
 28964 28964 28964 28964 28964 28964 28964 28964]
tf.Tensor([b'Staat, der gut helfen kann\n'], shape=(1,), dtype=string)
[2, 2, 2, 2, 2, 2, 2, 2, 2, 2, 2, 2, 2, 2, 2, 2, 2, 2, 2, 2, 2, 2, 2, 2, 2, 2, 2, 2, 2, 2, 2, 2, 2, 2, 2, 2, 2, 2, 2, 2, 2, 2, 2, 2, 2, 2, 2, 2, 2, 2, 2, 2, 2, 2, 2, 2, 2, 2, 2, 2, 2, 2, 2, 2, 2, 2, 2, 2, 2, 2, 2, 2, 2, 2, 2, 2, 2, 2, 2, 2, 2, 2, 2, 2, 2, 2, 2, 2, 2, 2, 2, 2, 2, 2, 2, 2, 2, 2, 2, 2, 2, 2, 2, 2, 2, 2, 2, 2, 2, 2, 2, 2, 2, 2, 2, 2, 2, 2, 2, 2, 2, 2, 2, 2, 2, 2, 2, 2]
Output [3243 3243 3243 3243 3243 3243 3243 3243 3243 3243 3243 3243 3243 3243
 3243 3243 3243 3243 3243 3243 3243 3243 3243 3243 3243 3243 3243 3243
 3243 3243 3243 3243 3243 3243 3243 3243 3243 3243 3243 3243 3243 3243
 3243 3243 3243 3243 3243 3243 3243 3243 3243 3243 3243 3243 3243 3243
 3243 3243 3243 3243 3243 3243 3243 3243 3243 3243 3243 3243 3243 3243
 3243 3243 3243 3243 3243 3243 3243 3243 3243 3243 3243 3243 3243 3243
 3243 3243 3243 3243 3243 3243 3243 3243 3243 3243 3243 3243 3243 3243
 3243 3243 3243 3243 3243 3243 3243 3243 3243 3243 3243 3243 3243 3243
 3243 3243 3243 3243 3243 3243 3243 3243 3243 3243 3243 3243 3243 3243
 3243 3243]
tf.Tensor([b'Auch unsere Kinder und Enkel sollen sp\xc3\x83\xc2\xa4ter ein gutes Leben haben. Und ihr eigenes Geld verdienen k\xc3\x83\xc2\xb6nnen. Sie sollen auch friedlich mit anderen Menschen zusammen leben k\xc3\x83\xc2\xb6nnen. Und sie sollen gesund leben k\xc3\x83\xc2\xb6nnen.\n'], shape=(1,), dtype=string)
[2, 2, 2, 2, 2, 2, 2, 2, 2, 2, 2, 2, 2, 2, 2, 2, 2, 2, 2, 2, 2, 2, 2, 2, 2, 2, 2, 2, 2, 2, 2, 2, 2, 2, 2, 2, 2, 2, 2, 2, 2, 2, 2, 2, 2, 2, 2, 2, 2, 2, 2, 2, 2, 2, 2, 2, 2, 2, 2, 2, 2, 2, 2, 2, 2, 2, 2, 2, 2, 2, 2, 2, 2, 2, 2, 2, 2, 2, 2, 2, 2, 2, 2, 2, 2, 2, 2, 2, 2, 2, 2, 2, 2, 2, 2, 2, 2, 2, 2, 2, 2, 2, 2, 2, 2, 2, 2, 2, 2, 2, 2, 2, 2, 2, 2, 2, 2, 2, 2, 2, 2, 2, 2, 2, 2, 2, 2, 2]
Output [3243 3243 3243 3243 3243 3243 3243 3243 3243 3243 3243 3243 3243 3243
 3243 3243 3243 3243 3243 3243 3243 3243 3243 3243 3243 3243 3243 3243
 3243 3243 3243 3243 3243 3243 3243 3243 3243 3243 3243 3243 3243 3243
 3243 3243 3243 3243 3243 3243 3243 3243 3243 3243 3243 3243 3243 3243
 3243 3243 3243 3243 3243 3243 3243 3243 3243 3243 3243 3243 3243 3243
 3243 3243 3243 3243 3243 3243 3243 3243 3243 3243 3243 3243 3243 3243
 3243 3243 3243 3243 3243 3243 3243 3243 3243 3243 3243 3243 3243 3243
 3243 3243 3243 3243 3243 3243 3243 3243 3243 3243 3243 3243 3243 3243
 3243 3243 3243 3243 3243 3243 3243 3243 3243 3243 3243 3243 3243 3243
 3243 3243]
tf.Tensor([b'Daf\xc3\x83\xc2\xbcr brauchen wir gute Wissenschaftlerinnen und Wissenschaftler. Diese Fach-Leute m\xc3\x83\xc2\xbcssen wir noch besser ausbilden. Die Wissenschaftlerinnen und Wissenschaftler erfinden immer wieder moderne Technik. Die Technik kann uns die Arbeit leichter machen. Und uns auch generell im Leben helfen. Und diese moderne Technik brauchen auch andere L\xc3\x83\xc2\xa4nder\n'], shape=(1,), dtype=string)
[2, 2, 2, 2, 2, 2, 2, 2, 2, 2, 2, 2, 2, 2, 2, 2, 2, 2, 2, 2, 2, 2, 2, 2, 2, 2, 2, 2, 2, 2, 2, 2, 2, 2, 2, 2, 2, 2, 2, 2, 2, 2, 2, 2, 2, 2, 2, 2, 2, 2, 2, 2, 2, 2, 2, 2, 2, 2, 2, 2, 2, 2, 2, 2, 2, 2, 2, 2, 2, 2, 2, 2, 2, 2, 2, 2, 2, 2, 2, 2, 2, 2, 2, 2, 2, 2, 2, 2, 2, 2, 2, 2, 2, 2, 2, 2, 2, 2, 2, 2, 2, 2, 2, 2, 2, 2, 2, 2, 2, 2, 2, 2, 2, 2, 2, 2, 2, 2, 2, 2, 2, 2, 2, 2, 2, 2, 2, 2]
Output [3243 3243 3243 3243 3243 3243 3243 3243 3243 3243 3243 3243 3243 3243
 3243 3243 3243 3243 3243 3243 3243 3243 3243 3243 3243 3243 3243 3243
 3243 3243 3243 3243 3243 3243 3243 3243 3243 3243 3243 3243 3243 3243
 3243 3243 3243 3243 3243 3243 3243 3243 3243 3243 3243 3243 3243 3243
 3243 3243 3243 3243 3243 3243 3243 3243 3243 3243 3243 3243 3243 3243
 3243 3243 3243 3243 3243 3243 3243 3243 3243 3243 3243 3243 3243 3243
 3243 3243 3243 3243 3243 3243 3243 3243 3243 3243 3243 3243 3243 3243
 3243 3243 3243 3243 3243 3243 3243 3243 3243 3243 3243 3243 3243 3243
 3243 3243 3243 3243 3243 3243 3243 3243 3243 3243 3243 3243 3243 3243
 3243 3243]
tf.Tensor([b'Wir wollen die Digitalisierung gut nutzen. Das hei\xc3\x83\xc2\x9ft: Mit der Digitalisierung soll unser Leben einfacher werden.\n'], shape=(1,), dtype=string)
[2, 2, 2, 2, 2, 2, 2, 2, 2, 2, 2, 2, 2, 2, 2, 2, 2, 2, 2, 2, 2, 2, 2, 2, 2, 2, 2, 2, 2, 2, 2, 2, 2, 2, 2, 2, 2, 2, 2, 2, 2, 2, 2, 2, 2, 2, 2, 2, 2, 2, 2, 2, 2, 2, 2, 2, 2, 2, 2, 2, 2, 2, 2, 2, 2, 2, 2, 2, 2, 2, 2, 2, 2, 2, 2, 2, 2, 2, 2, 2, 2, 2, 2, 2, 2, 2, 2, 2, 2, 2, 2, 2, 2, 2, 2, 2, 2, 2, 2, 2, 2, 2, 2, 2, 2, 2, 2, 2, 2, 2, 2, 2, 2, 2, 2, 2, 2, 2, 2, 2, 2, 2, 2, 2, 2, 2, 2, 2]
Output [3243 3243 3243 3243 3243 3243 3243 3243 3243 3243 3243 3243 3243 3243
 3243 3243 3243 3243 3243 3243 3243 3243 3243 3243 3243 3243 3243 3243
 3243 3243 3243 3243 3243 3243 3243 3243 3243 3243 3243 3243 3243 3243
 3243 3243 3243 3243 3243 3243 3243 3243 3243 3243 3243 3243 3243 3243
 3243 3243 3243 3243 3243 3243 3243 3243 3243 3243 3243 3243 3243 3243
 3243 3243 3243 3243 3243 3243 3243 3243 3243 3243 3243 3243 3243 3243
 3243 3243 3243 3243 3243 3243 3243 3243 3243 3243 3243 3243 3243 3243
 3243 3243 3243 3243 3243 3243 3243 3243 3243 3243 3243 3243 3243 3243
 3243 3243 3243 3243 3243 3243 3243 3243 3243 3243 3243 3243 3243 3243
 3243 3243]
tf.Tensor([b'Diese Ver\xc3\x83\xc2\xa4nderungen sind notwendig. Sie kosten aber auch viel Geld. Wir m\xc3\x83\xc2\xbcssen das Geld daf\xc3\x83\xc2\xbcr aber ausgeben.\n'], shape=(1,), dtype=string)
[2, 2, 2, 2, 2, 2, 2, 2, 2, 2, 2, 2, 2, 2, 2, 2, 2, 2, 2, 2, 2, 2, 2, 2, 2, 2, 2, 2, 2, 2, 2, 2, 2, 2, 2, 2, 2, 2, 2, 2, 2, 2, 2, 2, 2, 2, 2, 2, 2, 2, 2, 2, 2, 2, 2, 2, 2, 2, 2, 2, 2, 2, 2, 2, 2, 2, 2, 2, 2, 2, 2, 2, 2, 2, 2, 2, 2, 2, 2, 2, 2, 2, 2, 2, 2, 2, 2, 2, 2, 2, 2, 2, 2, 2, 2, 2, 2, 2, 2, 2, 2, 2, 2, 2, 2, 2, 2, 2, 2, 2, 2, 2, 2, 2, 2, 2, 2, 2, 2, 2, 2, 2, 2, 2, 2, 2, 2, 2]
Output [23978 23978 23978 23978 23978 23978 23978 23978 23978 23978 23978 23978
 23978 23978 23978 23978 23978 23978 23978 23978 23978 23978 23978 23978
 23978 23978 23978 23978 23978 23978 23978 23978 23978 23978 23978 23978
 23978 23978 23978 23978 23978 23978 23978 23978 23978 23978 23978 23978
 23978 23978 23978 23978 23978 23978 23978 23978 23978 23978 23978 23978
 23978 23978 23978 23978 23978 23978 23978 23978 23978 23978 23978 23978
 23978 23978 23978 23978 23978 23978 23978 23978 23978 23978 23978 23978
 23978 23978 23978 23978 23978 23978 23978 23978 23978 23978 23978 23978
 23978 23978 23978 23978 23978 23978 23978 23978 23978 23978 23978 23978
 23978 23978 23978 23978 23978 23978 23978 23978 23978 23978 23978 23978
 23978 23978 23978 23978 23978 23978 23978 23978]
tf.Tensor([b'Mobilit\xc3\x83\xc2\xa4t ist ein anderes Wort f\xc3\x83\xc2\xbcr: Von einem Ort zu einem anderen kommen.\n'], shape=(1,), dtype=string)
[2, 2, 2, 2, 2, 2, 2, 2, 2, 2, 2, 2, 2, 2, 2, 2, 2, 2, 2, 2, 2, 2, 2, 2, 2, 2, 2, 2, 2, 2, 2, 2, 2, 2, 2, 2, 2, 2, 2, 2, 2, 2, 2, 2, 2, 2, 2, 2, 2, 2, 2, 2, 2, 2, 2, 2, 2, 2, 2, 2, 2, 2, 2, 2, 2, 2, 2, 2, 2, 2, 2, 2, 2, 2, 2, 2, 2, 2, 2, 2, 2, 2, 2, 2, 2, 2, 2, 2, 2, 2, 2, 2, 2, 2, 2, 2, 2, 2, 2, 2, 2, 2, 2, 2, 2, 2, 2, 2, 2, 2, 2, 2, 2, 2, 2, 2, 2, 2, 2, 2, 2, 2, 2, 2, 2, 2, 2, 2]
Output [3243 3243 3243 3243 3243 3243 3243 3243 3243 3243 3243 3243 3243 3243
 3243 3243 3243 3243 3243 3243 3243 3243 3243 3243 3243 3243 3243 3243
 3243 3243 3243 3243 3243 3243 3243 3243 3243 3243 3243 3243 3243 3243
 3243 3243 3243 3243 3243 3243 3243 3243 3243 3243 3243 3243 3243 3243
 3243 3243 3243 3243 3243 3243 3243 3243 3243 3243 3243 3243 3243 3243
 3243 3243 3243 3243 3243 3243 3243 3243 3243 3243 3243 3243 3243 3243
 3243 3243 3243 3243 3243 3243 3243 3243 3243 3243 3243 3243 3243 3243
 3243 3243 3243 3243 3243 3243 3243 3243 3243 3243 3243 3243 3243 3243
 3243 3243 3243 3243 3243 3243 3243 3243 3243 3243 3243 3243 3243 3243
 3243 3243]
tf.Tensor([b'Bis zum Jahr 2045 soll Deutschland klimaneutral sein. Klimaneutral hei\xc3\x83\xc2\x9ft: Das Klima verschlechtert sich nicht durch irgendetwas, was die Menschen tun. Schlecht f\xc3\x83\xc2\xbcr das Klima ist zum Beispiel das: Strom, der aus Kohle gemacht wird. Deshalb wird es mit uns mehr Erneuerbare Energien geben.\n'], shape=(1,), dtype=string)
[2, 2, 2, 2, 2, 2, 2, 2, 2, 2, 2, 2, 2, 2, 2, 2, 2, 2, 2, 2, 2, 2, 2, 2, 2, 2, 2, 2, 2, 2, 2, 2, 2, 2, 2, 2, 2, 2, 2, 2, 2, 2, 2, 2, 2, 2, 2, 2, 2, 2, 2, 2, 2, 2, 2, 2, 2, 2, 2, 2, 2, 2, 2, 2, 2, 2, 2, 2, 2, 2, 2, 2, 2, 2, 2, 2, 2, 2, 2, 2, 2, 2, 2, 2, 2, 2, 2, 2, 2, 2, 2, 2, 2, 2, 2, 2, 2, 2, 2, 2, 2, 2, 2, 2, 2, 2, 2, 2, 2, 2, 2, 2, 2, 2, 2, 2, 2, 2, 2, 2, 2, 2, 2, 2, 2, 2, 2, 2]
Output [3243 3243 3243 3243 3243 3243 3243 3243 3243 3243 3243 3243 3243 3243
 3243 3243 3243 3243 3243 3243 3243 3243 3243 3243 3243 3243 3243 3243
 3243 3243 3243 3243 3243 3243 3243 3243 3243 3243 3243 3243 3243 3243
 3243 3243 3243 3243 3243 3243 3243 3243 3243 3243 3243 3243 3243 3243
 3243 3243 3243 3243 3243 3243 3243 3243 3243 3243 3243 3243 3243 3243
 3243 3243 3243 3243 3243 3243 3243 3243 3243 3243 3243 3243 3243 3243
 3243 3243 3243 3243 3243 3243 3243 3243 3243 3243 3243 3243 3243 3243
 3243 3243 3243 3243 3243 3243 3243 3243 3243 3243 3243 3243 3243 3243
 3243 3243 3243 3243 3243 3243 3243 3243 3243 3243 3243 3243 3243 3243
 3243 3243]
tf.Tensor([b'Hat ein Mensch nicht so viel Geld? Und braucht aber Pflege? Dann soll er daf\xc3\x83\xc2\xbcr nicht zu viel bezahlen m\xc3\x83\xc2\xbcssen. Daf\xc3\x83\xc2\xbcr werden wir ein Gesetz machen.\n'], shape=(1,), dtype=string)
[2, 2, 2, 2, 2, 2, 2, 2, 2, 2, 2, 2, 2, 2, 2, 2, 2, 2, 2, 2, 2, 2, 2, 2, 2, 2, 2, 2, 2, 2, 2, 2, 2, 2, 2, 2, 2, 2, 2, 2, 2, 2, 2, 2, 2, 2, 2, 2, 2, 2, 2, 2, 2, 2, 2, 2, 2, 2, 2, 2, 2, 2, 2, 2, 2, 2, 2, 2, 2, 2, 2, 2, 2, 2, 2, 2, 2, 2, 2, 2, 2, 2, 2, 2, 2, 2, 2, 2, 2, 2, 2, 2, 2, 2, 2, 2, 2, 2, 2, 2, 2, 2, 2, 2, 2, 2, 2, 2, 2, 2, 2, 2, 2, 2, 2, 2, 2, 2, 2, 2, 2, 2, 2, 2, 2, 2, 2, 2]
Output [3243 3243 3243 3243 3243 3243 3243 3243 3243 3243 3243 3243 3243 3243
 3243 3243 3243 3243 3243 3243 3243 3243 3243 3243 3243 3243 3243 3243
 3243 3243 3243 3243 3243 3243 3243 3243 3243 3243 3243 3243 3243 3243
 3243 3243 3243 3243 3243 3243 3243 3243 3243 3243 3243 3243 3243 3243
 3243 3243 3243 3243 3243 3243 3243 3243 3243 3243 3243 3243 3243 3243
 3243 3243 3243 3243 3243 3243 3243 3243 3243 3243 3243 3243 3243 3243
 3243 3243 3243 3243 3243 3243 3243 3243 3243 3243 3243 3243 3243 3243
 3243 3243 3243 3243 3243 3243 3243 3243 3243 3243 3243 3243 3243 3243
 3243 3243 3243 3243 3243 3243 3243 3243 3243 3243 3243 3243 3243 3243
 3243 3243]
tf.Tensor([b'Wir wollen Familien besser unterst\xc3\x83\xc2\xbctzen. Deshalb wollen wir eine Kinder-Grund-Sicherung einf\xc3\x83\xc2\xbchren. Das ist eine Hilfe mit Geld und die Kinder bekommen die beste Bildung und Freizeitaktivit\xc3\x83\xc2\xa4ten.\n'], shape=(1,), dtype=string)
[2, 2, 2, 2, 2, 2, 2, 2, 2, 2, 2, 2, 2, 2, 2, 2, 2, 2, 2, 2, 2, 2, 2, 2, 2, 2, 2, 2, 2, 2, 2, 2, 2, 2, 2, 2, 2, 2, 2, 2, 2, 2, 2, 2, 2, 2, 2, 2, 2, 2, 2, 2, 2, 2, 2, 2, 2, 2, 2, 2, 2, 2, 2, 2, 2, 2, 2, 2, 2, 2, 2, 2, 2, 2, 2, 2, 2, 2, 2, 2, 2, 2, 2, 2, 2, 2, 2, 2, 2, 2, 2, 2, 2, 2, 2, 2, 2, 2, 2, 2, 2, 2, 2, 2, 2, 2, 2, 2, 2, 2, 2, 2, 2, 2, 2, 2, 2, 2, 2, 2, 2, 2, 2, 2, 2, 2, 2, 2]
Output [3243 3243 3243 3243 3243 3243 3243 3243 3243 3243 3243 3243 3243 3243
 3243 3243 3243 3243 3243 3243 3243 3243 3243 3243 3243 3243 3243 3243
 3243 3243 3243 3243 3243 3243 3243 3243 3243 3243 3243 3243 3243 3243
 3243 3243 3243 3243 3243 3243 3243 3243 3243 3243 3243 3243 3243 3243
 3243 3243 3243 3243 3243 3243 3243 3243 3243 3243 3243 3243 3243 3243
 3243 3243 3243 3243 3243 3243 3243 3243 3243 3243 3243 3243 3243 3243
 3243 3243 3243 3243 3243 3243 3243 3243 3243 3243 3243 3243 3243 3243
 3243 3243 3243 3243 3243 3243 3243 3243 3243 3243 3243 3243 3243 3243
 3243 3243 3243 3243 3243 3243 3243 3243 3243 3243 3243 3243 3243 3243
 3243 3243]
tf.Tensor([b'Arbeit muss sich auch lohnen, wenn man \xc3\x83\xc2\xa4lter ist. Damit meinen wir die Zeit, wenn man Rente bekommt. Und nicht mehr arbeiten muss. Hat ein Mensch immer gearbeitet? Dann soll er sich auch in der Rente alles leisten k\xc3\x83\xc2\xb6nnen.\n'], shape=(1,), dtype=string)
[2, 2, 2, 2, 2, 2, 2, 2, 2, 2, 2, 2, 2, 2, 2, 2, 2, 2, 2, 2, 2, 2, 2, 2, 2, 2, 2, 2, 2, 2, 2, 2, 2, 2, 2, 2, 2, 2, 2, 2, 2, 2, 2, 2, 2, 2, 2, 2, 2, 2, 2, 2, 2, 2, 2, 2, 2, 2, 2, 2, 2, 2, 2, 2, 2, 2, 2, 2, 2, 2, 2, 2, 2, 2, 2, 2, 2, 2, 2, 2, 2, 2, 2, 2, 2, 2, 2, 2, 2, 2, 2, 2, 2, 2, 2, 2, 2, 2, 2, 2, 2, 2, 2, 2, 2, 2, 2, 2, 2, 2, 2, 2, 2, 2, 2, 2, 2, 2, 2, 2, 2, 2, 2, 2, 2, 2, 2, 2]
