
================
== TensorFlow ==
================

NVIDIA Release 22.03-tf2 (build 33659467)
TensorFlow Version 2.8.0

Container image Copyright (c) 2022, NVIDIA CORPORATION & AFFILIATES. All rights reserved.
Copyright 2017-2022 The TensorFlow Authors.  All rights reserved.

Various files include modifications (c) NVIDIA CORPORATION & AFFILIATES.  All rights reserved.

This container image and its contents are governed by the NVIDIA Deep Learning Container License.
By pulling and using the container, you accept the terms and conditions of this license:
https://developer.nvidia.com/ngc/nvidia-deep-learning-container-license

NOTE: CUDA Forward Compatibility mode ENABLED.
  Using CUDA 11.6 driver version 510.47.03 with kernel driver version 470.82.01.
  See https://docs.nvidia.com/deploy/cuda-compatibility/ for details.

Initializing from scratch!
(1, 128)
tf.Tensor(
[[15033 15033 15033 15033 15033 15033 15033 15033 15033 15033 15033 15033
  15033 15033 15033 15033 15033 15033 15033 15033 15033 15033 15033 15033
  15033 15033 15033 15033 15033 15033 15033 15033 15033 15033 15033 15033
  15033 15033 15033 15033 15033 15033 15033 15033 15033 15033 15033 15033
  15033 15033 15033 15033 15033 15033 15033 15033 15033 15033 15033 15033
  15033 15033 15033 15033 15033 15033 15033 15033 15033 15033 15033 15033
  15033 15033 15033 15033 15033 15033 15033 15033 15033 15033 15033 15033
  15033 15033 15033 15033 15033 15033 15033 15033 15033 15033 15033 15033
  15033 15033 15033 15033 15033 15033 15033 15033 15033 15033 15033 15033
  15033 15033 15033 15033 15033 15033 15033 15033 15033 15033 15033 15033
  15033 15033 15033 15033 15033 15033 15033 15033]], shape=(1, 128), dtype=int64)
tf.Tensor([0], shape=(1,), dtype=int64)
[ P A D ]
Model: "nmt_model"
_________________________________________________________________
 Layer (type)                Output Shape              Param #   
=================================================================
 tf_bert_model (TFBertModel)  multiple                 109081344 
                                                                 
 embedding (Embedding)       multiple                  0 (unused)
                                                                 
 nmt_encoder_layer (NMTEncod  multiple                 6300928   
 erLayer)                                                        
                                                                 
 nmt_encoder_layer_1 (NMTEnc  multiple                 6300928   
 oderLayer)                                                      
                                                                 
 nmt_encoder_layer_2 (NMTEnc  multiple                 6300928   
 oderLayer)                                                      
                                                                 
 nmt_encoder_layer_3 (NMTEnc  multiple                 6300928   
 oderLayer)                                                      
                                                                 
 nmt_encoder_layer_4 (NMTEnc  multiple                 6300928   
 oderLayer)                                                      
                                                                 
 nmt_encoder_layer_5 (NMTEnc  multiple                 6300928   
 oderLayer)                                                      
                                                                 
 nmt_encoder_layer_6 (NMTEnc  multiple                 6300928   
 oderLayer)                                                      
                                                                 
 nmt_encoder_layer_7 (NMTEnc  multiple                 6300928   
 oderLayer)                                                      
                                                                 
 nmt_encoder_layer_8 (NMTEnc  multiple                 6300928   
 oderLayer)                                                      
                                                                 
 nmt_encoder_layer_9 (NMTEnc  multiple                 6300928   
 oderLayer)                                                      
                                                                 
 nmt_encoder_layer_10 (NMTEn  multiple                 6300928   
 coderLayer)                                                     
                                                                 
 nmt_encoder_layer_11 (NMTEn  multiple                 6300928   
 coderLayer)                                                     
                                                                 
 embedding_1 (Embedding)     multiple                  23040000  
                                                                 
 nmt_decoder_layer (NMTDecod  multiple                 8666368   
 erLayer)                                                        
                                                                 
 nmt_decoder_layer_1 (NMTDec  multiple                 8666368   
 oderLayer)                                                      
                                                                 
 nmt_decoder_layer_2 (NMTDec  multiple                 8666368   
 oderLayer)                                                      
                                                                 
 nmt_decoder_layer_3 (NMTDec  multiple                 8666368   
 oderLayer)                                                      
                                                                 
 nmt_decoder_layer_4 (NMTDec  multiple                 8666368   
 oderLayer)                                                      
                                                                 
 nmt_decoder_layer_5 (NMTDec  multiple                 8666368   
 oderLayer)                                                      
                                                                 
 nmt_decoder_layer_6 (NMTDec  multiple                 8666368   
 oderLayer)                                                      
                                                                 
 nmt_decoder_layer_7 (NMTDec  multiple                 8666368   
 oderLayer)                                                      
                                                                 
 nmt_decoder_layer_8 (NMTDec  multiple                 8666368   
 oderLayer)                                                      
                                                                 
 nmt_decoder_layer_9 (NMTDec  multiple                 8666368   
 oderLayer)                                                      
                                                                 
 nmt_decoder_layer_10 (NMTDe  multiple                 8666368   
 coderLayer)                                                     
                                                                 
 nmt_decoder_layer_11 (NMTDe  multiple                 8666368   
 coderLayer)                                                     
                                                                 
 dense_288 (Dense)           multiple                  23070000  
                                                                 
 softmax (Softmax)           multiple                  0         
                                                                 
=================================================================
Total params: 334,798,896
Trainable params: 334,798,896
Non-trainable params: 0
_________________________________________________________________
(1, 128)
tf.Tensor([0], shape=(1,), dtype=int64)
[ P A D ]
Output [[1701 1701 1701 1701 1701 1701 1701 1701 1701 1701 1701 1701 1701 1701
  1701 1701 1701 1701 1701 1701 1701 1701 1701 1701 1701 1701 1701 1701
  1701 1701 1701 1701 1701 1701 1701 1701 1701 1701 1701 1701 1701 1701
  1701 1701 1701 1701 1701 1701 1701 1701 1701 1701 1701 1701 1701 1701
  1701 1701 1701 1701 1701 1701 1701 1701 1701 1701 1701 1701 1701 1701
  1701 1701 1701 1701 1701 1701 1701 1701 1701 1701 1701 1701 1701 1701
  1701 1701 1701 1701 1701 1701 1701 1701 1701 1701 1701 1701 1701 1701
  1701 1701 1701 1701 1701 1701 1701 1701 1701 1701 1701 1701 1701 1701
  1701 1701 1701 1701 1701 1701 1701 1701 1701 1701 1701 1701 1701 1701
  1701 1701]]
tf.Tensor([b'Herr oder Frau.\n'], shape=(1,), dtype=string)
[2, 2, 2, 2, 2, 2, 2, 2, 2, 2, 2, 2, 2, 2, 2, 2, 2, 2, 2, 2, 2, 2, 2, 2, 2, 2, 2, 2, 2, 2, 2, 2, 2, 2, 2, 2, 2, 2, 2, 2, 2, 2, 2, 2, 2, 2, 2, 2, 2, 2, 2, 2, 2, 2, 2, 2, 2, 2, 2, 2, 2, 2, 2, 2, 2, 2, 2, 2, 2, 2, 2, 2, 2, 2, 2, 2, 2, 2, 2, 2, 2, 2, 2, 2, 2, 2, 2, 2, 2, 2, 2, 2, 2, 2, 2, 2, 2, 2, 2, 2, 2, 2, 2, 2, 2, 2, 2, 2, 2, 2, 2, 2, 2, 2, 2, 2, 2, 2, 2, 2, 2, 2, 2, 2, 2, 2, 2, 2]
Output [[1701 1701 1701 1701 1701 1701 1701 1701 1701 1701 1701 1701 1701 1701
  1701 1701 1701 1701 1701 1701 1701 1701 1701 1701 1701 1701 1701 1701
  1701 1701 1701 1701 1701 1701 1701 1701 1701 1701 1701 1701 1701 1701
  1701 1701 1701 1701 1701 1701 1701 1701 1701 1701 1701 1701 1701 1701
  1701 1701 1701 1701 1701 1701 1701 1701 1701 1701 1701 1701 1701 1701
  1701 1701 1701 1701 1701 1701 1701 1701 1701 1701 1701 1701 1701 1701
  1701 1701 1701 1701 1701 1701 1701 1701 1701 1701 1701 1701 1701 1701
  1701 1701 1701 1701 1701 1701 1701 1701 1701 1701 1701 1701 1701 1701
  1701 1701 1701 1701 1701 1701 1701 1701 1701 1701 1701 1701 1701 1701
  1701 1701]]
tf.Tensor([b'Stra\xc3\x9fe.\n'], shape=(1,), dtype=string)
[2, 2, 2, 2, 2, 2, 2, 2, 2, 2, 2, 2, 2, 2, 2, 2, 2, 2, 2, 2, 2, 2, 2, 2, 2, 2, 2, 2, 2, 2, 2, 2, 2, 2, 2, 2, 2, 2, 2, 2, 2, 2, 2, 2, 2, 2, 2, 2, 2, 2, 2, 2, 2, 2, 2, 2, 2, 2, 2, 2, 2, 2, 2, 2, 2, 2, 2, 2, 2, 2, 2, 2, 2, 2, 2, 2, 2, 2, 2, 2, 2, 2, 2, 2, 2, 2, 2, 2, 2, 2, 2, 2, 2, 2, 2, 2, 2, 2, 2, 2, 2, 2, 2, 2, 2, 2, 2, 2, 2, 2, 2, 2, 2, 2, 2, 2, 2, 2, 2, 2, 2, 2, 2, 2, 2, 2, 2, 2]
Output [[5045 5045 5045 5045 5045 5045 5045 5045 5045 5045 5045 5045 5045 5045
  5045 5045 5045 5045 5045 5045 5045 5045 5045 5045 5045 5045 5045 5045
  5045 5045 5045 5045 5045 5045 5045 5045 5045 5045 5045 5045 5045 5045
  5045 5045 5045 5045 5045 5045 5045 5045 5045 5045 5045 5045 5045 5045
  5045 5045 5045 5045 5045 5045 5045 5045 5045 5045 5045 5045 5045 5045
  5045 5045 5045 5045 5045 5045 5045 5045 5045 5045 5045 5045 5045 5045
  5045 5045 5045 5045 5045 5045 5045 5045 5045 5045 5045 5045 5045 5045
  5045 5045 5045 5045 5045 5045 5045 5045 5045 5045 5045 5045 5045 5045
  5045 5045 5045 5045 5045 5045 5045 5045 5045 5045 5045 5045 5045 5045
  5045 5045]]
tf.Tensor([b'In was f\xc3\xbcr eine Beziehung sind Sie im Moment.\n'], shape=(1,), dtype=string)
[2, 2, 2, 2, 2, 2, 2, 2, 2, 2, 2, 2, 2, 2, 2, 2, 2, 2, 2, 2, 2, 2, 2, 2, 2, 2, 2, 2, 2, 2, 2, 2, 2, 2, 2, 2, 2, 2, 2, 2, 2, 2, 2, 2, 2, 2, 2, 2, 2, 2, 2, 2, 2, 2, 2, 2, 2, 2, 2, 2, 2, 2, 2, 2, 2, 2, 2, 2, 2, 2, 2, 2, 2, 2, 2, 2, 2, 2, 2, 2, 2, 2, 2, 2, 2, 2, 2, 2, 2, 2, 2, 2, 2, 2, 2, 2, 2, 2, 2, 2, 2, 2, 2, 2, 2, 2, 2, 2, 2, 2, 2, 2, 2, 2, 2, 2, 2, 2, 2, 2, 2, 2, 2, 2, 2, 2, 2, 2]
Output [[5045 5045 5045 5045 5045 5045 5045 5045 5045 5045 5045 5045 5045 5045
  5045 5045 5045 5045 5045 5045 5045 5045 5045 5045 5045 5045 5045 5045
  5045 5045 5045 5045 5045 5045 5045 5045 5045 5045 5045 5045 5045 5045
  5045 5045 5045 5045 5045 5045 5045 5045 5045 5045 5045 5045 5045 5045
  5045 5045 5045 5045 5045 5045 5045 5045 5045 5045 5045 5045 5045 5045
  5045 5045 5045 5045 5045 5045 5045 5045 5045 5045 5045 5045 5045 5045
  5045 5045 5045 5045 5045 5045 5045 5045 5045 5045 5045 5045 5045 5045
  5045 5045 5045 5045 5045 5045 5045 5045 5045 5045 5045 5045 5045 5045
  5045 5045 5045 5045 5045 5045 5045 5045 5045 5045 5045 5045 5045 5045
  5045 5045]]
tf.Tensor([b'Ihr Partner/Ihre Partnerin ist gestorben.\n'], shape=(1,), dtype=string)
[2, 2, 2, 2, 2, 2, 2, 2, 2, 2, 2, 2, 2, 2, 2, 2, 2, 2, 2, 2, 2, 2, 2, 2, 2, 2, 2, 2, 2, 2, 2, 2, 2, 2, 2, 2, 2, 2, 2, 2, 2, 2, 2, 2, 2, 2, 2, 2, 2, 2, 2, 2, 2, 2, 2, 2, 2, 2, 2, 2, 2, 2, 2, 2, 2, 2, 2, 2, 2, 2, 2, 2, 2, 2, 2, 2, 2, 2, 2, 2, 2, 2, 2, 2, 2, 2, 2, 2, 2, 2, 2, 2, 2, 2, 2, 2, 2, 2, 2, 2, 2, 2, 2, 2, 2, 2, 2, 2, 2, 2, 2, 2, 2, 2, 2, 2, 2, 2, 2, 2, 2, 2, 2, 2, 2, 2, 2, 2]
Output [[5045 5045 5045 5045 5045 5045 5045 5045 5045 5045 5045 5045 5045 5045
  5045 5045 5045 5045 5045 5045 5045 5045 5045 5045 5045 5045 5045 5045
  5045 5045 5045 5045 5045 5045 5045 5045 5045 5045 5045 5045 5045 5045
  5045 5045 5045 5045 5045 5045 5045 5045 5045 5045 5045 5045 5045 5045
  5045 5045 5045 5045 5045 5045 5045 5045 5045 5045 5045 5045 5045 5045
  5045 5045 5045 5045 5045 5045 5045 5045 5045 5045 5045 5045 5045 5045
  5045 5045 5045 5045 5045 5045 5045 5045 5045 5045 5045 5045 5045 5045
  5045 5045 5045 5045 5045 5045 5045 5045 5045 5045 5045 5045 5045 5045
  5045 5045 5045 5045 5045 5045 5045 5045 5045 5045 5045 5045 5045 5045
  5045 5045]]
tf.Tensor([b'IBAN (Die Nummer finden Sie auf Ihrer EC-Karte.).\n'], shape=(1,), dtype=string)
[2, 2, 2, 2, 2, 2, 2, 2, 2, 2, 2, 2, 2, 2, 2, 2, 2, 2, 2, 2, 2, 2, 2, 2, 2, 2, 2, 2, 2, 2, 2, 2, 2, 2, 2, 2, 2, 2, 2, 2, 2, 2, 2, 2, 2, 2, 2, 2, 2, 2, 2, 2, 2, 2, 2, 2, 2, 2, 2, 2, 2, 2, 2, 2, 2, 2, 2, 2, 2, 2, 2, 2, 2, 2, 2, 2, 2, 2, 2, 2, 2, 2, 2, 2, 2, 2, 2, 2, 2, 2, 2, 2, 2, 2, 2, 2, 2, 2, 2, 2, 2, 2, 2, 2, 2, 2, 2, 2, 2, 2, 2, 2, 2, 2, 2, 2, 2, 2, 2, 2, 2, 2, 2, 2, 2, 2, 2, 2]
Output [[5045 5045 5045 5045 5045 5045 5045 5045 5045 5045 5045 5045 5045 5045
  5045 5045 5045 5045 5045 5045 5045 5045 5045 5045 5045 5045 5045 5045
  5045 5045 5045 5045 5045 5045 5045 5045 5045 5045 5045 5045 5045 5045
  5045 5045 5045 5045 5045 5045 5045 5045 5045 5045 5045 5045 5045 5045
  5045 5045 5045 5045 5045 5045 5045 5045 5045 5045 5045 5045 5045 5045
  5045 5045 5045 5045 5045 5045 5045 5045 5045 5045 5045 5045 5045 5045
  5045 5045 5045 5045 5045 5045 5045 5045 5045 5045 5045 5045 5045 5045
  5045 5045 5045 5045 5045 5045 5045 5045 5045 5045 5045 5045 5045 5045
  5045 5045 5045 5045 5045 5045 5045 5045 5045 5045 5045 5045 5045 5045
  5045 5045]]
tf.Tensor([b'Die IBAN-Nummer finden Sie auch auf Ihren Kontoinformationen.\n'], shape=(1,), dtype=string)
[2, 2, 2, 2, 2, 2, 2, 2, 2, 2, 2, 2, 2, 2, 2, 2, 2, 2, 2, 2, 2, 2, 2, 2, 2, 2, 2, 2, 2, 2, 2, 2, 2, 2, 2, 2, 2, 2, 2, 2, 2, 2, 2, 2, 2, 2, 2, 2, 2, 2, 2, 2, 2, 2, 2, 2, 2, 2, 2, 2, 2, 2, 2, 2, 2, 2, 2, 2, 2, 2, 2, 2, 2, 2, 2, 2, 2, 2, 2, 2, 2, 2, 2, 2, 2, 2, 2, 2, 2, 2, 2, 2, 2, 2, 2, 2, 2, 2, 2, 2, 2, 2, 2, 2, 2, 2, 2, 2, 2, 2, 2, 2, 2, 2, 2, 2, 2, 2, 2, 2, 2, 2, 2, 2, 2, 2, 2, 2]
Output [[5045 5045 5045 5045 5045 5045 5045 5045 5045 5045 5045 5045 5045 5045
  5045 5045 5045 5045 5045 5045 5045 5045 5045 5045 5045 5045 5045 5045
  5045 5045 5045 5045 5045 5045 5045 5045 5045 5045 5045 5045 5045 5045
  5045 5045 5045 5045 5045 5045 5045 5045 5045 5045 5045 5045 5045 5045
  5045 5045 5045 5045 5045 5045 5045 5045 5045 5045 5045 5045 5045 5045
  5045 5045 5045 5045 5045 5045 5045 5045 5045 5045 5045 5045 5045 5045
  5045 5045 5045 5045 5045 5045 5045 5045 5045 5045 5045 5045 5045 5045
  5045 5045 5045 5045 5045 5045 5045 5045 5045 5045 5045 5045 5045 5045
  5045 5045 5045 5045 5045 5045 5045 5045 5045 5045 5045 5045 5045 5045
  5045 5045]]
tf.Tensor([b'Sie sind j\xc3\xbcnger als 25 Jahre und leben mit Ihren Eltern oder nur mit Ihrer Mutter oder Ihrem Vater zusammen.\n'], shape=(1,), dtype=string)
[2, 2, 2, 2, 2, 2, 2, 2, 2, 2, 2, 2, 2, 2, 2, 2, 2, 2, 2, 2, 2, 2, 2, 2, 2, 2, 2, 2, 2, 2, 2, 2, 2, 2, 2, 2, 2, 2, 2, 2, 2, 2, 2, 2, 2, 2, 2, 2, 2, 2, 2, 2, 2, 2, 2, 2, 2, 2, 2, 2, 2, 2, 2, 2, 2, 2, 2, 2, 2, 2, 2, 2, 2, 2, 2, 2, 2, 2, 2, 2, 2, 2, 2, 2, 2, 2, 2, 2, 2, 2, 2, 2, 2, 2, 2, 2, 2, 2, 2, 2, 2, 2, 2, 2, 2, 2, 2, 2, 2, 2, 2, 2, 2, 2, 2, 2, 2, 2, 2, 2, 2, 2, 2, 2, 2, 2, 2, 2]
Output [[5045 5045 5045 5045 5045 5045 5045 5045 5045 5045 5045 5045 5045 5045
  5045 5045 5045 5045 5045 5045 5045 5045 5045 5045 5045 5045 5045 5045
  5045 5045 5045 5045 5045 5045 5045 5045 5045 5045 5045 5045 5045 5045
  5045 5045 5045 5045 5045 5045 5045 5045 5045 5045 5045 5045 5045 5045
  5045 5045 5045 5045 5045 5045 5045 5045 5045 5045 5045 5045 5045 5045
  5045 5045 5045 5045 5045 5045 5045 5045 5045 5045 5045 5045 5045 5045
  5045 5045 5045 5045 5045 5045 5045 5045 5045 5045 5045 5045 5045 5045
  5045 5045 5045 5045 5045 5045 5045 5045 5045 5045 5045 5045 5045 5045
  5045 5045 5045 5045 5045 5045 5045 5045 5045 5045 5045 5045 5045 5045
  5045 5045]]
tf.Tensor([b'Sie m\xc3\xbcssen diese Informationen nur dann geben, wenn Sie das wollen und wenn Sie weitere finanzielle Hilfe haben m\xc3\xb6chten.\n'], shape=(1,), dtype=string)
[2, 2, 2, 2, 2, 2, 2, 2, 2, 2, 2, 2, 2, 2, 2, 2, 2, 2, 2, 2, 2, 2, 2, 2, 2, 2, 2, 2, 2, 2, 2, 2, 2, 2, 2, 2, 2, 2, 2, 2, 2, 2, 2, 2, 2, 2, 2, 2, 2, 2, 2, 2, 2, 2, 2, 2, 2, 2, 2, 2, 2, 2, 2, 2, 2, 2, 2, 2, 2, 2, 2, 2, 2, 2, 2, 2, 2, 2, 2, 2, 2, 2, 2, 2, 2, 2, 2, 2, 2, 2, 2, 2, 2, 2, 2, 2, 2, 2, 2, 2, 2, 2, 2, 2, 2, 2, 2, 2, 2, 2, 2, 2, 2, 2, 2, 2, 2, 2, 2, 2, 2, 2, 2, 2, 2, 2, 2, 2]
Output [[5045 5045 5045 5045 5045 5045 5045 5045 5045 5045 5045 5045 5045 5045
  5045 5045 5045 5045 5045 5045 5045 5045 5045 5045 5045 5045 5045 5045
  5045 5045 5045 5045 5045 5045 5045 5045 5045 5045 5045 5045 5045 5045
  5045 5045 5045 5045 5045 5045 5045 5045 5045 5045 5045 5045 5045 5045
  5045 5045 5045 5045 5045 5045 5045 5045 5045 5045 5045 5045 5045 5045
  5045 5045 5045 5045 5045 5045 5045 5045 5045 5045 5045 5045 5045 5045
  5045 5045 5045 5045 5045 5045 5045 5045 5045 5045 5045 5045 5045 5045
  5045 5045 5045 5045 5045 5045 5045 5045 5045 5045 5045 5045 5045 5045
  5045 5045 5045 5045 5045 5045 5045 5045 5045 5045 5045 5045 5045 5045
  5045 5045]]
tf.Tensor([b'Sie erziehen Ihr Kind/Ihre Kinder allein.\n'], shape=(1,), dtype=string)
[2, 2, 2, 2, 2, 2, 2, 2, 2, 2, 2, 2, 2, 2, 2, 2, 2, 2, 2, 2, 2, 2, 2, 2, 2, 2, 2, 2, 2, 2, 2, 2, 2, 2, 2, 2, 2, 2, 2, 2, 2, 2, 2, 2, 2, 2, 2, 2, 2, 2, 2, 2, 2, 2, 2, 2, 2, 2, 2, 2, 2, 2, 2, 2, 2, 2, 2, 2, 2, 2, 2, 2, 2, 2, 2, 2, 2, 2, 2, 2, 2, 2, 2, 2, 2, 2, 2, 2, 2, 2, 2, 2, 2, 2, 2, 2, 2, 2, 2, 2, 2, 2, 2, 2, 2, 2, 2, 2, 2, 2, 2, 2, 2, 2, 2, 2, 2, 2, 2, 2, 2, 2, 2, 2, 2, 2, 2, 2]
Output [[5045 5045 5045 5045 5045 5045 5045 5045 5045 5045 5045 5045 5045 5045
  5045 5045 5045 5045 5045 5045 5045 5045 5045 5045 5045 5045 5045 5045
  5045 5045 5045 5045 5045 5045 5045 5045 5045 5045 5045 5045 5045 5045
  5045 5045 5045 5045 5045 5045 5045 5045 5045 5045 5045 5045 5045 5045
  5045 5045 5045 5045 5045 5045 5045 5045 5045 5045 5045 5045 5045 5045
  5045 5045 5045 5045 5045 5045 5045 5045 5045 5045 5045 5045 5045 5045
  5045 5045 5045 5045 5045 5045 5045 5045 5045 5045 5045 5045 5045 5045
  5045 5045 5045 5045 5045 5045 5045 5045 5045 5045 5045 5045 5045 5045
  5045 5045 5045 5045 5045 5045 5045 5045 5045 5045 5045 5045 5045 5045
  5045 5045]]
tf.Tensor([b'Kampf gegen den Klima-Wandel\n'], shape=(1,), dtype=string)
[2, 2, 2, 2, 2, 2, 2, 2, 2, 2, 2, 2, 2, 2, 2, 2, 2, 2, 2, 2, 2, 2, 2, 2, 2, 2, 2, 2, 2, 2, 2, 2, 2, 2, 2, 2, 2, 2, 2, 2, 2, 2, 2, 2, 2, 2, 2, 2, 2, 2, 2, 2, 2, 2, 2, 2, 2, 2, 2, 2, 2, 2, 2, 2, 2, 2, 2, 2, 2, 2, 2, 2, 2, 2, 2, 2, 2, 2, 2, 2, 2, 2, 2, 2, 2, 2, 2, 2, 2, 2, 2, 2, 2, 2, 2, 2, 2, 2, 2, 2, 2, 2, 2, 2, 2, 2, 2, 2, 2, 2, 2, 2, 2, 2, 2, 2, 2, 2, 2, 2, 2, 2, 2, 2, 2, 2, 2, 2]
Output [[5045 5045 5045 5045 5045 5045 5045 5045 5045 5045 5045 5045 5045 5045
  5045 5045 5045 5045 5045 5045 5045 5045 5045 5045 5045 5045 5045 5045
  5045 5045 5045 5045 5045 5045 5045 5045 5045 5045 5045 5045 5045 5045
  5045 5045 5045 5045 5045 5045 5045 5045 5045 5045 5045 5045 5045 5045
  5045 5045 5045 5045 5045 5045 5045 5045 5045 5045 5045 5045 5045 5045
  5045 5045 5045 5045 5045 5045 5045 5045 5045 5045 5045 5045 5045 5045
  5045 5045 5045 5045 5045 5045 5045 5045 5045 5045 5045 5045 5045 5045
  5045 5045 5045 5045 5045 5045 5045 5045 5045 5045 5045 5045 5045 5045
  5045 5045 5045 5045 5045 5045 5045 5045 5045 5045 5045 5045 5045 5045
  5045 5045]]
tf.Tensor([b'Diese Ver\xc3\xa4nderungen sind notwendig. Sie kosten aber auch viel Geld. Wir m\xc3\xbcssen das Geld daf\xc3\xbcr aber ausgeben.\n'], shape=(1,), dtype=string)
[2, 2, 2, 2, 2, 2, 2, 2, 2, 2, 2, 2, 2, 2, 2, 2, 2, 2, 2, 2, 2, 2, 2, 2, 2, 2, 2, 2, 2, 2, 2, 2, 2, 2, 2, 2, 2, 2, 2, 2, 2, 2, 2, 2, 2, 2, 2, 2, 2, 2, 2, 2, 2, 2, 2, 2, 2, 2, 2, 2, 2, 2, 2, 2, 2, 2, 2, 2, 2, 2, 2, 2, 2, 2, 2, 2, 2, 2, 2, 2, 2, 2, 2, 2, 2, 2, 2, 2, 2, 2, 2, 2, 2, 2, 2, 2, 2, 2, 2, 2, 2, 2, 2, 2, 2, 2, 2, 2, 2, 2, 2, 2, 2, 2, 2, 2, 2, 2, 2, 2, 2, 2, 2, 2, 2, 2, 2, 2]
Output [[5045 5045 5045 5045 5045 5045 5045 5045 5045 5045 5045 5045 5045 5045
  5045 5045 5045 5045 5045 5045 5045 5045 5045 5045 5045 5045 5045 5045
  5045 5045 5045 5045 5045 5045 5045 5045 5045 5045 5045 5045 5045 5045
  5045 5045 5045 5045 5045 5045 5045 5045 5045 5045 5045 5045 5045 5045
  5045 5045 5045 5045 5045 5045 5045 5045 5045 5045 5045 5045 5045 5045
  5045 5045 5045 5045 5045 5045 5045 5045 5045 5045 5045 5045 5045 5045
  5045 5045 5045 5045 5045 5045 5045 5045 5045 5045 5045 5045 5045 5045
  5045 5045 5045 5045 5045 5045 5045 5045 5045 5045 5045 5045 5045 5045
  5045 5045 5045 5045 5045 5045 5045 5045 5045 5045 5045 5045 5045 5045
  5045 5045]]
tf.Tensor([b'Alle Menschen sollen eine schnelle und sichere Internet-Verbindung haben. Das soll f\xc3\xbcr sie auch nicht viel Geld kosten. Alle sollen ohne Probleme das Internet benutzen k\xc3\xb6nnen. Wir nennen unser Ziel Gigabit-Gesellschaft.\n'], shape=(1,), dtype=string)
[2, 2, 2, 2, 2, 2, 2, 2, 2, 2, 2, 2, 2, 2, 2, 2, 2, 2, 2, 2, 2, 2, 2, 2, 2, 2, 2, 2, 2, 2, 2, 2, 2, 2, 2, 2, 2, 2, 2, 2, 2, 2, 2, 2, 2, 2, 2, 2, 2, 2, 2, 2, 2, 2, 2, 2, 2, 2, 2, 2, 2, 2, 2, 2, 2, 2, 2, 2, 2, 2, 2, 2, 2, 2, 2, 2, 2, 2, 2, 2, 2, 2, 2, 2, 2, 2, 2, 2, 2, 2, 2, 2, 2, 2, 2, 2, 2, 2, 2, 2, 2, 2, 2, 2, 2, 2, 2, 2, 2, 2, 2, 2, 2, 2, 2, 2, 2, 2, 2, 2, 2, 2, 2, 2, 2, 2, 2, 2]
Output [[5045 5045 5045 5045 5045 5045 5045 5045 5045 5045 5045 5045 5045 5045
  5045 5045 5045 5045 5045 5045 5045 5045 5045 5045 5045 5045 5045 5045
  5045 5045 5045 5045 5045 5045 5045 5045 5045 5045 5045 5045 5045 5045
  5045 5045 5045 5045 5045 5045 5045 5045 5045 5045 5045 5045 5045 5045
  5045 5045 5045 5045 5045 5045 5045 5045 5045 5045 5045 5045 5045 5045
  5045 5045 5045 5045 5045 5045 5045 5045 5045 5045 5045 5045 5045 5045
  5045 5045 5045 5045 5045 5045 5045 5045 5045 5045 5045 5045 5045 5045
  5045 5045 5045 5045 5045 5045 5045 5045 5045 5045 5045 5045 5045 5045
  5045 5045 5045 5045 5045 5045 5045 5045 5045 5045 5045 5045 5045 5045
  5045 5045]]
tf.Tensor([b'Er interessierte sich f\xc3\xbcr Theologie und erstellte einen neuen geistlichen Konzept.\n'], shape=(1,), dtype=string)
[2, 2, 2, 2, 2, 2, 2, 2, 2, 2, 2, 2, 2, 2, 2, 2, 2, 2, 2, 2, 2, 2, 2, 2, 2, 2, 2, 2, 2, 2, 2, 2, 2, 2, 2, 2, 2, 2, 2, 2, 2, 2, 2, 2, 2, 2, 2, 2, 2, 2, 2, 2, 2, 2, 2, 2, 2, 2, 2, 2, 2, 2, 2, 2, 2, 2, 2, 2, 2, 2, 2, 2, 2, 2, 2, 2, 2, 2, 2, 2, 2, 2, 2, 2, 2, 2, 2, 2, 2, 2, 2, 2, 2, 2, 2, 2, 2, 2, 2, 2, 2, 2, 2, 2, 2, 2, 2, 2, 2, 2, 2, 2, 2, 2, 2, 2, 2, 2, 2, 2, 2, 2, 2, 2, 2, 2, 2, 2]
Output [[5045 5045 5045 5045 5045 5045 5045 5045 5045 5045 5045 5045 5045 5045
  5045 5045 5045 5045 5045 5045 5045 5045 5045 5045 5045 5045 5045 5045
  5045 5045 5045 5045 5045 5045 5045 5045 5045 5045 5045 5045 5045 5045
  5045 5045 5045 5045 5045 5045 5045 5045 5045 5045 5045 5045 5045 5045
  5045 5045 5045 5045 5045 5045 5045 5045 5045 5045 5045 5045 5045 5045
  5045 5045 5045 5045 5045 5045 5045 5045 5045 5045 5045 5045 5045 5045
  5045 5045 5045 5045 5045 5045 5045 5045 5045 5045 5045 5045 5045 5045
  5045 5045 5045 5045 5045 5045 5045 5045 5045 5045 5045 5045 5045 5045
  5045 5045 5045 5045 5045 5045 5045 5045 5045 5045 5045 5045 5045 5045
  5045 5045]]
tf.Tensor([b'Er war ein Journalist und Editor f\xc3\xbcr viele Zeitschriften. Er arbeitete f\xc3\xbcr die Zeitschrift \xe2\x80\x9cGartenlaube\xe2\x80\x9d\n'], shape=(1,), dtype=string)
[2, 2, 2, 2, 2, 2, 2, 2, 2, 2, 2, 2, 2, 2, 2, 2, 2, 2, 2, 2, 2, 2, 2, 2, 2, 2, 2, 2, 2, 2, 2, 2, 2, 2, 2, 2, 2, 2, 2, 2, 2, 2, 2, 2, 2, 2, 2, 2, 2, 2, 2, 2, 2, 2, 2, 2, 2, 2, 2, 2, 2, 2, 2, 2, 2, 2, 2, 2, 2, 2, 2, 2, 2, 2, 2, 2, 2, 2, 2, 2, 2, 2, 2, 2, 2, 2, 2, 2, 2, 2, 2, 2, 2, 2, 2, 2, 2, 2, 2, 2, 2, 2, 2, 2, 2, 2, 2, 2, 2, 2, 2, 2, 2, 2, 2, 2, 2, 2, 2, 2, 2, 2, 2, 2, 2, 2, 2, 2]
