
================
== TensorFlow ==
================

NVIDIA Release 22.03-tf2 (build 33659467)
TensorFlow Version 2.8.0

Container image Copyright (c) 2022, NVIDIA CORPORATION & AFFILIATES. All rights reserved.
Copyright 2017-2022 The TensorFlow Authors.  All rights reserved.

Various files include modifications (c) NVIDIA CORPORATION & AFFILIATES.  All rights reserved.

This container image and its contents are governed by the NVIDIA Deep Learning Container License.
By pulling and using the container, you accept the terms and conditions of this license:
https://developer.nvidia.com/ngc/nvidia-deep-learning-container-license

NOTE: CUDA Forward Compatibility mode ENABLED.
  Using CUDA 11.6 driver version 510.47.03 with kernel driver version 470.82.01.
  See https://docs.nvidia.com/deploy/cuda-compatibility/ for details.

NOTE: Mellanox network driver detected, but NVIDIA peer memory driver not
      detected.  Multi-node communication performance may be reduced.

GPU found
/home/hstr_bachvarv/EinfacheSprache/NLP_Test
Loaded checkpoint from ./BSLM_HPC_General_v3_lr2e-5/ckpt-1
['In', 'welchem', 'Land', 'sind', 'Sie', 'geboren', '?']
Model: "bert_language_model_general"
_________________________________________________________________
 Layer (type)                Output Shape              Param #   
=================================================================
 tf_bert_model (TFBertModel)  multiple                 109081344 
                                                                 
 bert_language_decoder_gener  multiple                 50833200  
 al (BertLanguageDecoderGene                                     
 ral)                                                            
                                                                 
=================================================================
Total params: 159,914,544
Trainable params: 159,914,544
Non-trainable params: 0
_________________________________________________________________
