
================
== TensorFlow ==
================

NVIDIA Release 22.03-tf2 (build 33659467)
TensorFlow Version 2.8.0

Container image Copyright (c) 2022, NVIDIA CORPORATION & AFFILIATES. All rights reserved.
Copyright 2017-2022 The TensorFlow Authors.  All rights reserved.

Various files include modifications (c) NVIDIA CORPORATION & AFFILIATES.  All rights reserved.

This container image and its contents are governed by the NVIDIA Deep Learning Container License.
By pulling and using the container, you accept the terms and conditions of this license:
https://developer.nvidia.com/ngc/nvidia-deep-learning-container-license

NOTE: CUDA Forward Compatibility mode ENABLED.
  Using CUDA 11.6 driver version 510.47.03 with kernel driver version 470.82.01.
  See https://docs.nvidia.com/deploy/cuda-compatibility/ for details.

NOTE: Mellanox network driver detected, but NVIDIA peer memory driver not
      detected.  Multi-node communication performance may be reduced.

Loaded checkpoint from ./BLM_HPC_v1_lr2e-5_Bahdanau_15EP/ckpt-1
[[3, 173, 7375, 414, 287, 371, 2626, 26972, 4]]
[[14913 14913 14913 14913 14913 14913 22344 22344 22344 22344 22344 22344
  22344 22344 22344 22344 22344 22344 22344 22344 22344 22344 22344 22344
  22344 22344 22344 22344 22344 22344 22344 22344 22344 22344 22344 22344
  22344 22344 22344 22344 22344 22344 22344 22344 22344 22344 22344 22344
  22344 22344 22344 22344 22344 22344 22344 22344 22344 22344 22344 22344
  22344 22344 22344 22344 22344 22344 22344 22344 22344 22344 22344 22344
  22344 22344 22344 22344 22344 22344 22344 22344 22344 22344 22344 22344
  22344 22344 22344 22344 22344 22344 22344 22344 22344 22344 22344 22344
  22344 22344 22344 22344 22344 22344 22344 22344 22344 22344 22344 22344
  22344 22344 22344 22344 22344 22344 22344 22344 22344 22344 22344 22344
  22344 22344 22344 22344 22344 22344 22344 22344]]
Saarb Saarb Saarb Saarb Saarb Saarb angehören angehören angehören angehören angehören angehören angehören angehören angehören angehören angehören angehören angehören angehören angehören angehören angehören angehören angehören angehören angehören angehören angehören angehören angehören angehören angehören angehören angehören angehören angehören angehören angehören angehören angehören angehören angehören angehören angehören angehören angehören angehören angehören angehören angehören angehören angehören angehören angehören angehören angehören angehören angehören angehören angehören angehören angehören angehören angehören angehören angehören angehören angehören angehören angehören angehören angehören angehören angehören angehören angehören angehören angehören angehören angehören angehören angehören angehören angehören angehören angehören angehören angehören angehören angehören angehören angehören angehören angehören angehören angehören angehören angehören angehören angehören angehören angehören angehören angehören angehören angehören angehören angehören angehören angehören angehören angehören angehören angehören angehören angehören angehören angehören angehören angehören angehören angehören angehören angehören angehören angehören angehören
Model: "bert_language_model"
_________________________________________________________________
 Layer (type)                Output Shape              Param #   
=================================================================
 tf_bert_model (TFBertModel)  multiple                 109081344 
                                                                 
 bert_language_decoder (Bert  multiple                 52015152  
 LanguageDecoder)                                                
                                                                 
=================================================================
Total params: 161,096,496
Trainable params: 161,096,496
Non-trainable params: 0
_________________________________________________________________
