
================
== TensorFlow ==
================

NVIDIA Release 22.03-tf2 (build 33659467)
TensorFlow Version 2.8.0

Container image Copyright (c) 2022, NVIDIA CORPORATION & AFFILIATES. All rights reserved.
Copyright 2017-2022 The TensorFlow Authors.  All rights reserved.

Various files include modifications (c) NVIDIA CORPORATION & AFFILIATES.  All rights reserved.

This container image and its contents are governed by the NVIDIA Deep Learning Container License.
By pulling and using the container, you accept the terms and conditions of this license:
https://developer.nvidia.com/ngc/nvidia-deep-learning-container-license

NOTE: CUDA Forward Compatibility mode ENABLED.
  Using CUDA 11.6 driver version 510.47.03 with kernel driver version 470.82.01.
  See https://docs.nvidia.com/deploy/cuda-compatibility/ for details.

NOTE: Mellanox network driver detected, but NVIDIA peer memory driver not
      detected.  Multi-node communication performance may be reduced.

Initializing from scratch!
[[3, 173, 7375, 414, 287, 371, 2626, 26972, 4]]
[[27697 10496 10496 10496 10496 10496 10496 10496 10496 10496 10496 10496
  10496 10496 10496 10496 10496 10496 10496 10496 10496 10496 10496 10496
  10496 10496 10496 10496 10496 10496 10496 10496 10496 10496 10496 10496
  10496 10496 10496 10496 10496 10496 10496 10496 10496 10496 10496 10496
  10496 10496 10496 10496 10496 10496 10496 10496 10496 10496 10496 10496
  10496 10496 10496 10496 10496 10496 10496 10496 10496 10496 10496 10496
  10496 10496 10496 10496 10496 10496 10496 10496 10496 10496 10496 10496
  10496 10496 10496 10496 10496 10496 10496 10496 10496 10496 10496 10496
  10496 10496 10496 10496 10496 10496 10496 10496 10496 10496 10496 10496
  10496 10496 10496 10496 10496 10496 10496 10496 10496 10496 10496 10496
  10496 10496 10496 10496 10496 10496 10496 10496]]
[unused698] Mannheim Mannheim Mannheim Mannheim Mannheim Mannheim Mannheim Mannheim Mannheim Mannheim Mannheim Mannheim Mannheim Mannheim Mannheim Mannheim Mannheim Mannheim Mannheim Mannheim Mannheim Mannheim Mannheim Mannheim Mannheim Mannheim Mannheim Mannheim Mannheim Mannheim Mannheim Mannheim Mannheim Mannheim Mannheim Mannheim Mannheim Mannheim Mannheim Mannheim Mannheim Mannheim Mannheim Mannheim Mannheim Mannheim Mannheim Mannheim Mannheim Mannheim Mannheim Mannheim Mannheim Mannheim Mannheim Mannheim Mannheim Mannheim Mannheim Mannheim Mannheim Mannheim Mannheim Mannheim Mannheim Mannheim Mannheim Mannheim Mannheim Mannheim Mannheim Mannheim Mannheim Mannheim Mannheim Mannheim Mannheim Mannheim Mannheim Mannheim Mannheim Mannheim Mannheim Mannheim Mannheim Mannheim Mannheim Mannheim Mannheim Mannheim Mannheim Mannheim Mannheim Mannheim Mannheim Mannheim Mannheim Mannheim Mannheim Mannheim Mannheim Mannheim Mannheim Mannheim Mannheim Mannheim Mannheim Mannheim Mannheim Mannheim Mannheim Mannheim Mannheim Mannheim Mannheim Mannheim Mannheim Mannheim Mannheim Mannheim Mannheim Mannheim Mannheim Mannheim Mannheim Mannheim Mannheim
Model: "bert_language_model"
_________________________________________________________________
 Layer (type)                Output Shape              Param #   
=================================================================
 tf_bert_model (TFBertModel)  multiple                 109081344 
                                                                 
 bert_language_decoder (Bert  multiple                 52015152  
 LanguageDecoder)                                                
                                                                 
=================================================================
Total params: 161,096,496
Trainable params: 161,096,496
Non-trainable params: 0
_________________________________________________________________
{'batch_loss': <tf.Tensor: shape=(), dtype=float32, numpy=8.559997>}
{'batch_loss': <tf.Tensor: shape=(), dtype=float32, numpy=8.18435>}
{'batch_loss': <tf.Tensor: shape=(), dtype=float32, numpy=8.099778>}
{'batch_loss': <tf.Tensor: shape=(), dtype=float32, numpy=9.675447>}
{'batch_loss': <tf.Tensor: shape=(), dtype=float32, numpy=9.101212>}
{'batch_loss': <tf.Tensor: shape=(), dtype=float32, numpy=9.043205>}
{'batch_loss': <tf.Tensor: shape=(), dtype=float32, numpy=9.506668>}
{'batch_loss': <tf.Tensor: shape=(), dtype=float32, numpy=9.761317>}
{'batch_loss': <tf.Tensor: shape=(), dtype=float32, numpy=7.4514933>}
{'batch_loss': <tf.Tensor: shape=(), dtype=float32, numpy=8.34838>}
{'batch_loss': <tf.Tensor: shape=(), dtype=float32, numpy=9.712001>}
{'batch_loss': <tf.Tensor: shape=(), dtype=float32, numpy=9.639015>}
{'batch_loss': <tf.Tensor: shape=(), dtype=float32, numpy=9.8393545>}
{'batch_loss': <tf.Tensor: shape=(), dtype=float32, numpy=8.989946>}
{'batch_loss': <tf.Tensor: shape=(), dtype=float32, numpy=9.097271>}
{'batch_loss': <tf.Tensor: shape=(), dtype=float32, numpy=8.573912>}
{'batch_loss': <tf.Tensor: shape=(), dtype=float32, numpy=9.353802>}
{'batch_loss': <tf.Tensor: shape=(), dtype=float32, numpy=8.711029>}
{'batch_loss': <tf.Tensor: shape=(), dtype=float32, numpy=9.322052>}
{'batch_loss': <tf.Tensor: shape=(), dtype=float32, numpy=9.267869>}
{'batch_loss': <tf.Tensor: shape=(), dtype=float32, numpy=8.697409>}
{'batch_loss': <tf.Tensor: shape=(), dtype=float32, numpy=9.833408>}
{'batch_loss': <tf.Tensor: shape=(), dtype=float32, numpy=8.8047285>}
{'batch_loss': <tf.Tensor: shape=(), dtype=float32, numpy=7.0431786>}
{'batch_loss': <tf.Tensor: shape=(), dtype=float32, numpy=9.457966>}
{'batch_loss': <tf.Tensor: shape=(), dtype=float32, numpy=9.459003>}
{'batch_loss': <tf.Tensor: shape=(), dtype=float32, numpy=9.912692>}
{'batch_loss': <tf.Tensor: shape=(), dtype=float32, numpy=9.741006>}
{'batch_loss': <tf.Tensor: shape=(), dtype=float32, numpy=9.671821>}
{'batch_loss': <tf.Tensor: shape=(), dtype=float32, numpy=9.364258>}
{'batch_loss': <tf.Tensor: shape=(), dtype=float32, numpy=10.049002>}
{'batch_loss': <tf.Tensor: shape=(), dtype=float32, numpy=9.488288>}
{'batch_loss': <tf.Tensor: shape=(), dtype=float32, numpy=9.951675>}
{'batch_loss': <tf.Tensor: shape=(), dtype=float32, numpy=9.854163>}
{'batch_loss': <tf.Tensor: shape=(), dtype=float32, numpy=9.704685>}
{'batch_loss': <tf.Tensor: shape=(), dtype=float32, numpy=6.954183>}
{'batch_loss': <tf.Tensor: shape=(), dtype=float32, numpy=8.906605>}
{'batch_loss': <tf.Tensor: shape=(), dtype=float32, numpy=7.926019>}
{'batch_loss': <tf.Tensor: shape=(), dtype=float32, numpy=9.820467>}
{'batch_loss': <tf.Tensor: shape=(), dtype=float32, numpy=9.49359>}
{'batch_loss': <tf.Tensor: shape=(), dtype=float32, numpy=9.734286>}
{'batch_loss': <tf.Tensor: shape=(), dtype=float32, numpy=9.036357>}
{'batch_loss': <tf.Tensor: shape=(), dtype=float32, numpy=9.9293165>}
{'batch_loss': <tf.Tensor: shape=(), dtype=float32, numpy=9.313829>}
{'batch_loss': <tf.Tensor: shape=(), dtype=float32, numpy=9.756116>}
{'batch_loss': <tf.Tensor: shape=(), dtype=float32, numpy=9.629665>}
{'batch_loss': <tf.Tensor: shape=(), dtype=float32, numpy=9.614523>}
{'batch_loss': <tf.Tensor: shape=(), dtype=float32, numpy=9.484137>}
{'batch_loss': <tf.Tensor: shape=(), dtype=float32, numpy=9.738556>}
{'batch_loss': <tf.Tensor: shape=(), dtype=float32, numpy=9.376015>}
{'batch_loss': <tf.Tensor: shape=(), dtype=float32, numpy=9.346927>}
{'batch_loss': <tf.Tensor: shape=(), dtype=float32, numpy=8.951635>}
{'batch_loss': <tf.Tensor: shape=(), dtype=float32, numpy=7.5855517>}
{'batch_loss': <tf.Tensor: shape=(), dtype=float32, numpy=9.460425>}
{'batch_loss': <tf.Tensor: shape=(), dtype=float32, numpy=9.105984>}
{'batch_loss': <tf.Tensor: shape=(), dtype=float32, numpy=9.039613>}
{'batch_loss': <tf.Tensor: shape=(), dtype=float32, numpy=9.755957>}
{'batch_loss': <tf.Tensor: shape=(), dtype=float32, numpy=9.299699>}
{'batch_loss': <tf.Tensor: shape=(), dtype=float32, numpy=9.568714>}
{'batch_loss': <tf.Tensor: shape=(), dtype=float32, numpy=9.11313>}
{'batch_loss': <tf.Tensor: shape=(), dtype=float32, numpy=9.222985>}
{'batch_loss': <tf.Tensor: shape=(), dtype=float32, numpy=9.4566765>}
{'batch_loss': <tf.Tensor: shape=(), dtype=float32, numpy=9.107256>}
{'batch_loss': <tf.Tensor: shape=(), dtype=float32, numpy=9.063663>}
{'batch_loss': <tf.Tensor: shape=(), dtype=float32, numpy=9.335301>}
{'batch_loss': <tf.Tensor: shape=(), dtype=float32, numpy=9.14771>}
{'batch_loss': <tf.Tensor: shape=(), dtype=float32, numpy=9.589021>}
{'batch_loss': <tf.Tensor: shape=(), dtype=float32, numpy=8.882611>}
{'batch_loss': <tf.Tensor: shape=(), dtype=float32, numpy=8.97897>}
{'batch_loss': <tf.Tensor: shape=(), dtype=float32, numpy=8.251538>}
{'batch_loss': <tf.Tensor: shape=(), dtype=float32, numpy=7.7070985>}
{'batch_loss': <tf.Tensor: shape=(), dtype=float32, numpy=8.382313>}
{'batch_loss': <tf.Tensor: shape=(), dtype=float32, numpy=7.545699>}
{'batch_loss': <tf.Tensor: shape=(), dtype=float32, numpy=7.0019298>}
{'batch_loss': <tf.Tensor: shape=(), dtype=float32, numpy=8.37592>}
{'batch_loss': <tf.Tensor: shape=(), dtype=float32, numpy=8.489783>}
{'batch_loss': <tf.Tensor: shape=(), dtype=float32, numpy=7.6237283>}
{'batch_loss': <tf.Tensor: shape=(), dtype=float32, numpy=8.584742>}
{'batch_loss': <tf.Tensor: shape=(), dtype=float32, numpy=8.064254>}
{'batch_loss': <tf.Tensor: shape=(), dtype=float32, numpy=9.312699>}
{'batch_loss': <tf.Tensor: shape=(), dtype=float32, numpy=9.567577>}
{'batch_loss': <tf.Tensor: shape=(), dtype=float32, numpy=8.933577>}
{'batch_loss': <tf.Tensor: shape=(), dtype=float32, numpy=9.373234>}
{'batch_loss': <tf.Tensor: shape=(), dtype=float32, numpy=9.141498>}
{'batch_loss': <tf.Tensor: shape=(), dtype=float32, numpy=9.627054>}
{'batch_loss': <tf.Tensor: shape=(), dtype=float32, numpy=9.230105>}
{'batch_loss': <tf.Tensor: shape=(), dtype=float32, numpy=9.222014>}
{'batch_loss': <tf.Tensor: shape=(), dtype=float32, numpy=8.853839>}
{'batch_loss': <tf.Tensor: shape=(), dtype=float32, numpy=9.085491>}
{'batch_loss': <tf.Tensor: shape=(), dtype=float32, numpy=9.1719475>}
{'batch_loss': <tf.Tensor: shape=(), dtype=float32, numpy=9.519757>}
{'batch_loss': <tf.Tensor: shape=(), dtype=float32, numpy=8.7985735>}
{'batch_loss': <tf.Tensor: shape=(), dtype=float32, numpy=9.419048>}
{'batch_loss': <tf.Tensor: shape=(), dtype=float32, numpy=9.435847>}
{'batch_loss': <tf.Tensor: shape=(), dtype=float32, numpy=9.358359>}
{'batch_loss': <tf.Tensor: shape=(), dtype=float32, numpy=9.292691>}
{'batch_loss': <tf.Tensor: shape=(), dtype=float32, numpy=9.413214>}
{'batch_loss': <tf.Tensor: shape=(), dtype=float32, numpy=9.052246>}
{'batch_loss': <tf.Tensor: shape=(), dtype=float32, numpy=9.287101>}
{'batch_loss': <tf.Tensor: shape=(), dtype=float32, numpy=9.104733>}
{'batch_loss': <tf.Tensor: shape=(), dtype=float32, numpy=9.151333>}
{'batch_loss': <tf.Tensor: shape=(), dtype=float32, numpy=9.08165>}
{'batch_loss': <tf.Tensor: shape=(), dtype=float32, numpy=9.000501>}
{'batch_loss': <tf.Tensor: shape=(), dtype=float32, numpy=8.764227>}
{'batch_loss': <tf.Tensor: shape=(), dtype=float32, numpy=8.979374>}
{'batch_loss': <tf.Tensor: shape=(), dtype=float32, numpy=8.892538>}
{'batch_loss': <tf.Tensor: shape=(), dtype=float32, numpy=8.558865>}
{'batch_loss': <tf.Tensor: shape=(), dtype=float32, numpy=9.079289>}
{'batch_loss': <tf.Tensor: shape=(), dtype=float32, numpy=9.114309>}
{'batch_loss': <tf.Tensor: shape=(), dtype=float32, numpy=8.27043>}
{'batch_loss': <tf.Tensor: shape=(), dtype=float32, numpy=8.588599>}
{'batch_loss': <tf.Tensor: shape=(), dtype=float32, numpy=8.766821>}
{'batch_loss': <tf.Tensor: shape=(), dtype=float32, numpy=8.590116>}
{'batch_loss': <tf.Tensor: shape=(), dtype=float32, numpy=8.682214>}
{'batch_loss': <tf.Tensor: shape=(), dtype=float32, numpy=8.417167>}
{'batch_loss': <tf.Tensor: shape=(), dtype=float32, numpy=8.458291>}
{'batch_loss': <tf.Tensor: shape=(), dtype=float32, numpy=8.427722>}
{'batch_loss': <tf.Tensor: shape=(), dtype=float32, numpy=8.637766>}
{'batch_loss': <tf.Tensor: shape=(), dtype=float32, numpy=7.719145>}
{'batch_loss': <tf.Tensor: shape=(), dtype=float32, numpy=8.985395>}
{'batch_loss': <tf.Tensor: shape=(), dtype=float32, numpy=8.724541>}
{'batch_loss': <tf.Tensor: shape=(), dtype=float32, numpy=8.906128>}
{'batch_loss': <tf.Tensor: shape=(), dtype=float32, numpy=8.350162>}
{'batch_loss': <tf.Tensor: shape=(), dtype=float32, numpy=8.970981>}
{'batch_loss': <tf.Tensor: shape=(), dtype=float32, numpy=7.5809665>}
{'batch_loss': <tf.Tensor: shape=(), dtype=float32, numpy=7.9864593>}
{'batch_loss': <tf.Tensor: shape=(), dtype=float32, numpy=7.4951844>}
{'batch_loss': <tf.Tensor: shape=(), dtype=float32, numpy=7.1693454>}
{'batch_loss': <tf.Tensor: shape=(), dtype=float32, numpy=7.218516>}
{'batch_loss': <tf.Tensor: shape=(), dtype=float32, numpy=8.740969>}
{'batch_loss': <tf.Tensor: shape=(), dtype=float32, numpy=8.613647>}
{'batch_loss': <tf.Tensor: shape=(), dtype=float32, numpy=8.392123>}
{'batch_loss': <tf.Tensor: shape=(), dtype=float32, numpy=8.861288>}
{'batch_loss': <tf.Tensor: shape=(), dtype=float32, numpy=8.306862>}
{'batch_loss': <tf.Tensor: shape=(), dtype=float32, numpy=8.855292>}
{'batch_loss': <tf.Tensor: shape=(), dtype=float32, numpy=8.31484>}
{'batch_loss': <tf.Tensor: shape=(), dtype=float32, numpy=8.145634>}
{'batch_loss': <tf.Tensor: shape=(), dtype=float32, numpy=8.339578>}
{'batch_loss': <tf.Tensor: shape=(), dtype=float32, numpy=7.992502>}
{'batch_loss': <tf.Tensor: shape=(), dtype=float32, numpy=8.762024>}
{'batch_loss': <tf.Tensor: shape=(), dtype=float32, numpy=8.821346>}
Step 1
{'batch_loss': <tf.Tensor: shape=(), dtype=float32, numpy=5.9574018>}
{'batch_loss': <tf.Tensor: shape=(), dtype=float32, numpy=5.5773115>}
{'batch_loss': <tf.Tensor: shape=(), dtype=float32, numpy=5.5753503>}
{'batch_loss': <tf.Tensor: shape=(), dtype=float32, numpy=7.5433764>}
{'batch_loss': <tf.Tensor: shape=(), dtype=float32, numpy=6.9521484>}
{'batch_loss': <tf.Tensor: shape=(), dtype=float32, numpy=6.920561>}
{'batch_loss': <tf.Tensor: shape=(), dtype=float32, numpy=7.47955>}
{'batch_loss': <tf.Tensor: shape=(), dtype=float32, numpy=7.6097426>}
{'batch_loss': <tf.Tensor: shape=(), dtype=float32, numpy=4.5680795>}
{'batch_loss': <tf.Tensor: shape=(), dtype=float32, numpy=5.8369484>}
{'batch_loss': <tf.Tensor: shape=(), dtype=float32, numpy=7.4995103>}
{'batch_loss': <tf.Tensor: shape=(), dtype=float32, numpy=7.2993903>}
{'batch_loss': <tf.Tensor: shape=(), dtype=float32, numpy=7.3634887>}
{'batch_loss': <tf.Tensor: shape=(), dtype=float32, numpy=6.539533>}
{'batch_loss': <tf.Tensor: shape=(), dtype=float32, numpy=6.57893>}
{'batch_loss': <tf.Tensor: shape=(), dtype=float32, numpy=6.1878624>}
{'batch_loss': <tf.Tensor: shape=(), dtype=float32, numpy=6.8523555>}
{'batch_loss': <tf.Tensor: shape=(), dtype=float32, numpy=5.9650664>}
{'batch_loss': <tf.Tensor: shape=(), dtype=float32, numpy=6.8037977>}
{'batch_loss': <tf.Tensor: shape=(), dtype=float32, numpy=6.8495183>}
{'batch_loss': <tf.Tensor: shape=(), dtype=float32, numpy=6.2922807>}
{'batch_loss': <tf.Tensor: shape=(), dtype=float32, numpy=7.4636517>}
{'batch_loss': <tf.Tensor: shape=(), dtype=float32, numpy=6.6619077>}
{'batch_loss': <tf.Tensor: shape=(), dtype=float32, numpy=4.1499653>}
{'batch_loss': <tf.Tensor: shape=(), dtype=float32, numpy=6.8996725>}
{'batch_loss': <tf.Tensor: shape=(), dtype=float32, numpy=6.9736285>}
{'batch_loss': <tf.Tensor: shape=(), dtype=float32, numpy=7.6018286>}
{'batch_loss': <tf.Tensor: shape=(), dtype=float32, numpy=7.185856>}
{'batch_loss': <tf.Tensor: shape=(), dtype=float32, numpy=7.0174866>}
{'batch_loss': <tf.Tensor: shape=(), dtype=float32, numpy=6.8522167>}
{'batch_loss': <tf.Tensor: shape=(), dtype=float32, numpy=7.483413>}
{'batch_loss': <tf.Tensor: shape=(), dtype=float32, numpy=6.747961>}
{'batch_loss': <tf.Tensor: shape=(), dtype=float32, numpy=7.467399>}
{'batch_loss': <tf.Tensor: shape=(), dtype=float32, numpy=7.351623>}
{'batch_loss': <tf.Tensor: shape=(), dtype=float32, numpy=7.1419373>}
{'batch_loss': <tf.Tensor: shape=(), dtype=float32, numpy=4.0641084>}
{'batch_loss': <tf.Tensor: shape=(), dtype=float32, numpy=6.0608015>}
{'batch_loss': <tf.Tensor: shape=(), dtype=float32, numpy=5.1703568>}
{'batch_loss': <tf.Tensor: shape=(), dtype=float32, numpy=7.30398>}
{'batch_loss': <tf.Tensor: shape=(), dtype=float32, numpy=6.8446507>}
{'batch_loss': <tf.Tensor: shape=(), dtype=float32, numpy=7.1729174>}
{'batch_loss': <tf.Tensor: shape=(), dtype=float32, numpy=6.359648>}
{'batch_loss': <tf.Tensor: shape=(), dtype=float32, numpy=7.3593407>}
{'batch_loss': <tf.Tensor: shape=(), dtype=float32, numpy=6.642264>}
{'batch_loss': <tf.Tensor: shape=(), dtype=float32, numpy=7.2783203>}
{'batch_loss': <tf.Tensor: shape=(), dtype=float32, numpy=7.030283>}
{'batch_loss': <tf.Tensor: shape=(), dtype=float32, numpy=7.0104527>}
{'batch_loss': <tf.Tensor: shape=(), dtype=float32, numpy=6.986444>}
{'batch_loss': <tf.Tensor: shape=(), dtype=float32, numpy=7.1346583>}
{'batch_loss': <tf.Tensor: shape=(), dtype=float32, numpy=6.84853>}
{'batch_loss': <tf.Tensor: shape=(), dtype=float32, numpy=6.6845074>}
{'batch_loss': <tf.Tensor: shape=(), dtype=float32, numpy=6.4111786>}
{'batch_loss': <tf.Tensor: shape=(), dtype=float32, numpy=4.6079564>}
{'batch_loss': <tf.Tensor: shape=(), dtype=float32, numpy=7.1222343>}
{'batch_loss': <tf.Tensor: shape=(), dtype=float32, numpy=6.4774>}
{'batch_loss': <tf.Tensor: shape=(), dtype=float32, numpy=6.5607386>}
{'batch_loss': <tf.Tensor: shape=(), dtype=float32, numpy=7.284146>}
{'batch_loss': <tf.Tensor: shape=(), dtype=float32, numpy=6.554115>}
{'batch_loss': <tf.Tensor: shape=(), dtype=float32, numpy=6.9605365>}
{'batch_loss': <tf.Tensor: shape=(), dtype=float32, numpy=6.303503>}
{'batch_loss': <tf.Tensor: shape=(), dtype=float32, numpy=6.6010985>}
{'batch_loss': <tf.Tensor: shape=(), dtype=float32, numpy=6.8551435>}
{'batch_loss': <tf.Tensor: shape=(), dtype=float32, numpy=6.2424464>}
{'batch_loss': <tf.Tensor: shape=(), dtype=float32, numpy=6.506636>}
{'batch_loss': <tf.Tensor: shape=(), dtype=float32, numpy=6.7858114>}
{'batch_loss': <tf.Tensor: shape=(), dtype=float32, numpy=6.4131727>}
{'batch_loss': <tf.Tensor: shape=(), dtype=float32, numpy=7.121345>}
{'batch_loss': <tf.Tensor: shape=(), dtype=float32, numpy=6.2900257>}
{'batch_loss': <tf.Tensor: shape=(), dtype=float32, numpy=6.3876605>}
{'batch_loss': <tf.Tensor: shape=(), dtype=float32, numpy=6.0686555>}
{'batch_loss': <tf.Tensor: shape=(), dtype=float32, numpy=5.369831>}
{'batch_loss': <tf.Tensor: shape=(), dtype=float32, numpy=5.9366465>}
{'batch_loss': <tf.Tensor: shape=(), dtype=float32, numpy=5.2683372>}
{'batch_loss': <tf.Tensor: shape=(), dtype=float32, numpy=4.814604>}
{'batch_loss': <tf.Tensor: shape=(), dtype=float32, numpy=5.9467573>}
{'batch_loss': <tf.Tensor: shape=(), dtype=float32, numpy=6.283449>}
{'batch_loss': <tf.Tensor: shape=(), dtype=float32, numpy=5.5812426>}
{'batch_loss': <tf.Tensor: shape=(), dtype=float32, numpy=6.1390085>}
{'batch_loss': <tf.Tensor: shape=(), dtype=float32, numpy=5.708832>}
{'batch_loss': <tf.Tensor: shape=(), dtype=float32, numpy=6.718126>}
{'batch_loss': <tf.Tensor: shape=(), dtype=float32, numpy=7.1525917>}
{'batch_loss': <tf.Tensor: shape=(), dtype=float32, numpy=6.5865874>}
{'batch_loss': <tf.Tensor: shape=(), dtype=float32, numpy=6.7761626>}
{'batch_loss': <tf.Tensor: shape=(), dtype=float32, numpy=6.682444>}
{'batch_loss': <tf.Tensor: shape=(), dtype=float32, numpy=7.2880564>}
{'batch_loss': <tf.Tensor: shape=(), dtype=float32, numpy=6.746126>}
{'batch_loss': <tf.Tensor: shape=(), dtype=float32, numpy=6.7867675>}
{'batch_loss': <tf.Tensor: shape=(), dtype=float32, numpy=6.217748>}
{'batch_loss': <tf.Tensor: shape=(), dtype=float32, numpy=6.531383>}
{'batch_loss': <tf.Tensor: shape=(), dtype=float32, numpy=6.671504>}
{'batch_loss': <tf.Tensor: shape=(), dtype=float32, numpy=7.1893716>}
{'batch_loss': <tf.Tensor: shape=(), dtype=float32, numpy=6.383313>}
{'batch_loss': <tf.Tensor: shape=(), dtype=float32, numpy=7.0854106>}
{'batch_loss': <tf.Tensor: shape=(), dtype=float32, numpy=7.101944>}
{'batch_loss': <tf.Tensor: shape=(), dtype=float32, numpy=6.9572735>}
{'batch_loss': <tf.Tensor: shape=(), dtype=float32, numpy=6.959911>}
{'batch_loss': <tf.Tensor: shape=(), dtype=float32, numpy=7.179877>}
{'batch_loss': <tf.Tensor: shape=(), dtype=float32, numpy=6.6507993>}
{'batch_loss': <tf.Tensor: shape=(), dtype=float32, numpy=6.961537>}
{'batch_loss': <tf.Tensor: shape=(), dtype=float32, numpy=6.751628>}
{'batch_loss': <tf.Tensor: shape=(), dtype=float32, numpy=6.8240614>}
{'batch_loss': <tf.Tensor: shape=(), dtype=float32, numpy=6.8131366>}
{'batch_loss': <tf.Tensor: shape=(), dtype=float32, numpy=6.741834>}
{'batch_loss': <tf.Tensor: shape=(), dtype=float32, numpy=6.614531>}
{'batch_loss': <tf.Tensor: shape=(), dtype=float32, numpy=6.650607>}
{'batch_loss': <tf.Tensor: shape=(), dtype=float32, numpy=6.5491424>}
{'batch_loss': <tf.Tensor: shape=(), dtype=float32, numpy=6.423648>}
{'batch_loss': <tf.Tensor: shape=(), dtype=float32, numpy=6.8152194>}
{'batch_loss': <tf.Tensor: shape=(), dtype=float32, numpy=6.86764>}
{'batch_loss': <tf.Tensor: shape=(), dtype=float32, numpy=5.9670196>}
{'batch_loss': <tf.Tensor: shape=(), dtype=float32, numpy=6.2111144>}
{'batch_loss': <tf.Tensor: shape=(), dtype=float32, numpy=6.5335255>}
{'batch_loss': <tf.Tensor: shape=(), dtype=float32, numpy=6.315146>}
{'batch_loss': <tf.Tensor: shape=(), dtype=float32, numpy=6.5390797>}
{'batch_loss': <tf.Tensor: shape=(), dtype=float32, numpy=6.1746616>}
{'batch_loss': <tf.Tensor: shape=(), dtype=float32, numpy=6.1998425>}
{'batch_loss': <tf.Tensor: shape=(), dtype=float32, numpy=6.1824923>}
{'batch_loss': <tf.Tensor: shape=(), dtype=float32, numpy=6.4336324>}
{'batch_loss': <tf.Tensor: shape=(), dtype=float32, numpy=5.5458736>}
{'batch_loss': <tf.Tensor: shape=(), dtype=float32, numpy=6.9499>}
{'batch_loss': <tf.Tensor: shape=(), dtype=float32, numpy=6.6263494>}
{'batch_loss': <tf.Tensor: shape=(), dtype=float32, numpy=6.7992744>}
{'batch_loss': <tf.Tensor: shape=(), dtype=float32, numpy=6.4576697>}
{'batch_loss': <tf.Tensor: shape=(), dtype=float32, numpy=6.98711>}
{'batch_loss': <tf.Tensor: shape=(), dtype=float32, numpy=5.670286>}
{'batch_loss': <tf.Tensor: shape=(), dtype=float32, numpy=6.334671>}
{'batch_loss': <tf.Tensor: shape=(), dtype=float32, numpy=5.4163947>}
{'batch_loss': <tf.Tensor: shape=(), dtype=float32, numpy=5.223428>}
{'batch_loss': <tf.Tensor: shape=(), dtype=float32, numpy=5.1569304>}
{'batch_loss': <tf.Tensor: shape=(), dtype=float32, numpy=7.0662966>}
{'batch_loss': <tf.Tensor: shape=(), dtype=float32, numpy=6.7099605>}
{'batch_loss': <tf.Tensor: shape=(), dtype=float32, numpy=6.613085>}
{'batch_loss': <tf.Tensor: shape=(), dtype=float32, numpy=7.081623>}
{'batch_loss': <tf.Tensor: shape=(), dtype=float32, numpy=6.4414406>}
{'batch_loss': <tf.Tensor: shape=(), dtype=float32, numpy=7.1316853>}
{'batch_loss': <tf.Tensor: shape=(), dtype=float32, numpy=6.4011407>}
{'batch_loss': <tf.Tensor: shape=(), dtype=float32, numpy=6.199368>}
{'batch_loss': <tf.Tensor: shape=(), dtype=float32, numpy=6.3792925>}
{'batch_loss': <tf.Tensor: shape=(), dtype=float32, numpy=6.070679>}
{'batch_loss': <tf.Tensor: shape=(), dtype=float32, numpy=6.981633>}
{'batch_loss': <tf.Tensor: shape=(), dtype=float32, numpy=7.0802884>}
Step 2
{'batch_loss': <tf.Tensor: shape=(), dtype=float32, numpy=4.1566277>}
{'batch_loss': <tf.Tensor: shape=(), dtype=float32, numpy=3.8594146>}
{'batch_loss': <tf.Tensor: shape=(), dtype=float32, numpy=3.8793385>}
{'batch_loss': <tf.Tensor: shape=(), dtype=float32, numpy=5.791485>}
{'batch_loss': <tf.Tensor: shape=(), dtype=float32, numpy=5.225263>}
{'batch_loss': <tf.Tensor: shape=(), dtype=float32, numpy=5.2126946>}
{'batch_loss': <tf.Tensor: shape=(), dtype=float32, numpy=5.827134>}
{'batch_loss': <tf.Tensor: shape=(), dtype=float32, numpy=5.8733068>}
{'batch_loss': <tf.Tensor: shape=(), dtype=float32, numpy=2.9534588>}
{'batch_loss': <tf.Tensor: shape=(), dtype=float32, numpy=4.260575>}
{'batch_loss': <tf.Tensor: shape=(), dtype=float32, numpy=5.8154206>}
{'batch_loss': <tf.Tensor: shape=(), dtype=float32, numpy=5.6652284>}
{'batch_loss': <tf.Tensor: shape=(), dtype=float32, numpy=5.6632624>}
{'batch_loss': <tf.Tensor: shape=(), dtype=float32, numpy=4.94027>}
{'batch_loss': <tf.Tensor: shape=(), dtype=float32, numpy=4.957611>}
{'batch_loss': <tf.Tensor: shape=(), dtype=float32, numpy=4.7410617>}
{'batch_loss': <tf.Tensor: shape=(), dtype=float32, numpy=5.237014>}
{'batch_loss': <tf.Tensor: shape=(), dtype=float32, numpy=4.3057904>}
{'batch_loss': <tf.Tensor: shape=(), dtype=float32, numpy=5.253797>}
{'batch_loss': <tf.Tensor: shape=(), dtype=float32, numpy=5.3784027>}
{'batch_loss': <tf.Tensor: shape=(), dtype=float32, numpy=4.9278455>}
{'batch_loss': <tf.Tensor: shape=(), dtype=float32, numpy=5.9842873>}
{'batch_loss': <tf.Tensor: shape=(), dtype=float32, numpy=5.41134>}
{'batch_loss': <tf.Tensor: shape=(), dtype=float32, numpy=2.8214884>}
{'batch_loss': <tf.Tensor: shape=(), dtype=float32, numpy=5.4054394>}
{'batch_loss': <tf.Tensor: shape=(), dtype=float32, numpy=5.544781>}
{'batch_loss': <tf.Tensor: shape=(), dtype=float32, numpy=6.219723>}
{'batch_loss': <tf.Tensor: shape=(), dtype=float32, numpy=5.6383967>}
{'batch_loss': <tf.Tensor: shape=(), dtype=float32, numpy=5.545208>}
{'batch_loss': <tf.Tensor: shape=(), dtype=float32, numpy=5.4806604>}
{'batch_loss': <tf.Tensor: shape=(), dtype=float32, numpy=6.1038537>}
{'batch_loss': <tf.Tensor: shape=(), dtype=float32, numpy=5.1857014>}
{'batch_loss': <tf.Tensor: shape=(), dtype=float32, numpy=6.081804>}
{'batch_loss': <tf.Tensor: shape=(), dtype=float32, numpy=6.041722>}
{'batch_loss': <tf.Tensor: shape=(), dtype=float32, numpy=5.7603297>}
{'batch_loss': <tf.Tensor: shape=(), dtype=float32, numpy=2.9486413>}
{'batch_loss': <tf.Tensor: shape=(), dtype=float32, numpy=4.67587>}
{'batch_loss': <tf.Tensor: shape=(), dtype=float32, numpy=4.0453963>}
{'batch_loss': <tf.Tensor: shape=(), dtype=float32, numpy=5.987365>}
{'batch_loss': <tf.Tensor: shape=(), dtype=float32, numpy=5.5676975>}
{'batch_loss': <tf.Tensor: shape=(), dtype=float32, numpy=5.9226336>}
{'batch_loss': <tf.Tensor: shape=(), dtype=float32, numpy=5.1323323>}
{'batch_loss': <tf.Tensor: shape=(), dtype=float32, numpy=6.172789>}
{'batch_loss': <tf.Tensor: shape=(), dtype=float32, numpy=5.4277415>}
{'batch_loss': <tf.Tensor: shape=(), dtype=float32, numpy=6.1325912>}
{'batch_loss': <tf.Tensor: shape=(), dtype=float32, numpy=5.8031435>}
{'batch_loss': <tf.Tensor: shape=(), dtype=float32, numpy=5.8311114>}
{'batch_loss': <tf.Tensor: shape=(), dtype=float32, numpy=5.871028>}
{'batch_loss': <tf.Tensor: shape=(), dtype=float32, numpy=6.0240936>}
{'batch_loss': <tf.Tensor: shape=(), dtype=float32, numpy=5.714026>}
{'batch_loss': <tf.Tensor: shape=(), dtype=float32, numpy=5.552334>}
{'batch_loss': <tf.Tensor: shape=(), dtype=float32, numpy=5.449521>}
{'batch_loss': <tf.Tensor: shape=(), dtype=float32, numpy=3.5793114>}
{'batch_loss': <tf.Tensor: shape=(), dtype=float32, numpy=6.2318583>}
{'batch_loss': <tf.Tensor: shape=(), dtype=float32, numpy=5.4582796>}
{'batch_loss': <tf.Tensor: shape=(), dtype=float32, numpy=5.6605086>}
{'batch_loss': <tf.Tensor: shape=(), dtype=float32, numpy=6.331216>}
{'batch_loss': <tf.Tensor: shape=(), dtype=float32, numpy=5.4123073>}
{'batch_loss': <tf.Tensor: shape=(), dtype=float32, numpy=6.032239>}
{'batch_loss': <tf.Tensor: shape=(), dtype=float32, numpy=5.162473>}
{'batch_loss': <tf.Tensor: shape=(), dtype=float32, numpy=5.608471>}
{'batch_loss': <tf.Tensor: shape=(), dtype=float32, numpy=5.8457327>}
{'batch_loss': <tf.Tensor: shape=(), dtype=float32, numpy=5.0716424>}
{'batch_loss': <tf.Tensor: shape=(), dtype=float32, numpy=5.5817833>}
{'batch_loss': <tf.Tensor: shape=(), dtype=float32, numpy=5.8874574>}
{'batch_loss': <tf.Tensor: shape=(), dtype=float32, numpy=5.3823223>}
{'batch_loss': <tf.Tensor: shape=(), dtype=float32, numpy=6.2795877>}
{'batch_loss': <tf.Tensor: shape=(), dtype=float32, numpy=5.3409777>}
{'batch_loss': <tf.Tensor: shape=(), dtype=float32, numpy=5.5236516>}
{'batch_loss': <tf.Tensor: shape=(), dtype=float32, numpy=5.4413724>}
{'batch_loss': <tf.Tensor: shape=(), dtype=float32, numpy=4.710181>}
{'batch_loss': <tf.Tensor: shape=(), dtype=float32, numpy=5.152854>}
{'batch_loss': <tf.Tensor: shape=(), dtype=float32, numpy=4.6263113>}
{'batch_loss': <tf.Tensor: shape=(), dtype=float32, numpy=4.2865343>}
{'batch_loss': <tf.Tensor: shape=(), dtype=float32, numpy=5.175882>}
{'batch_loss': <tf.Tensor: shape=(), dtype=float32, numpy=5.6466637>}
{'batch_loss': <tf.Tensor: shape=(), dtype=float32, numpy=5.0519366>}
{'batch_loss': <tf.Tensor: shape=(), dtype=float32, numpy=5.309091>}
{'batch_loss': <tf.Tensor: shape=(), dtype=float32, numpy=5.022781>}
{'batch_loss': <tf.Tensor: shape=(), dtype=float32, numpy=5.97545>}
{'batch_loss': <tf.Tensor: shape=(), dtype=float32, numpy=6.454533>}
{'batch_loss': <tf.Tensor: shape=(), dtype=float32, numpy=5.942212>}
{'batch_loss': <tf.Tensor: shape=(), dtype=float32, numpy=5.989829>}
{'batch_loss': <tf.Tensor: shape=(), dtype=float32, numpy=5.911049>}
{'batch_loss': <tf.Tensor: shape=(), dtype=float32, numpy=6.646222>}
{'batch_loss': <tf.Tensor: shape=(), dtype=float32, numpy=6.0033236>}
{'batch_loss': <tf.Tensor: shape=(), dtype=float32, numpy=6.1026645>}
{'batch_loss': <tf.Tensor: shape=(), dtype=float32, numpy=5.522213>}
{'batch_loss': <tf.Tensor: shape=(), dtype=float32, numpy=5.8125973>}
{'batch_loss': <tf.Tensor: shape=(), dtype=float32, numpy=5.9973474>}
{'batch_loss': <tf.Tensor: shape=(), dtype=float32, numpy=6.6023593>}
{'batch_loss': <tf.Tensor: shape=(), dtype=float32, numpy=5.714859>}
{'batch_loss': <tf.Tensor: shape=(), dtype=float32, numpy=6.470196>}
{'batch_loss': <tf.Tensor: shape=(), dtype=float32, numpy=6.448266>}
{'batch_loss': <tf.Tensor: shape=(), dtype=float32, numpy=6.236465>}
{'batch_loss': <tf.Tensor: shape=(), dtype=float32, numpy=6.3317037>}
{'batch_loss': <tf.Tensor: shape=(), dtype=float32, numpy=6.6089444>}
{'batch_loss': <tf.Tensor: shape=(), dtype=float32, numpy=5.9567556>}
{'batch_loss': <tf.Tensor: shape=(), dtype=float32, numpy=6.3766747>}
{'batch_loss': <tf.Tensor: shape=(), dtype=float32, numpy=6.0955267>}
{'batch_loss': <tf.Tensor: shape=(), dtype=float32, numpy=6.2148876>}
{'batch_loss': <tf.Tensor: shape=(), dtype=float32, numpy=6.241047>}
{'batch_loss': <tf.Tensor: shape=(), dtype=float32, numpy=6.1480336>}
{'batch_loss': <tf.Tensor: shape=(), dtype=float32, numpy=6.0900693>}
{'batch_loss': <tf.Tensor: shape=(), dtype=float32, numpy=5.981683>}
{'batch_loss': <tf.Tensor: shape=(), dtype=float32, numpy=5.9203477>}
{'batch_loss': <tf.Tensor: shape=(), dtype=float32, numpy=5.918607>}
{'batch_loss': <tf.Tensor: shape=(), dtype=float32, numpy=6.2231765>}
{'batch_loss': <tf.Tensor: shape=(), dtype=float32, numpy=6.285468>}
{'batch_loss': <tf.Tensor: shape=(), dtype=float32, numpy=5.366184>}
{'batch_loss': <tf.Tensor: shape=(), dtype=float32, numpy=5.6020746>}
{'batch_loss': <tf.Tensor: shape=(), dtype=float32, numpy=5.8838897>}
{'batch_loss': <tf.Tensor: shape=(), dtype=float32, numpy=5.7389235>}
{'batch_loss': <tf.Tensor: shape=(), dtype=float32, numpy=6.051182>}
{'batch_loss': <tf.Tensor: shape=(), dtype=float32, numpy=5.648433>}
{'batch_loss': <tf.Tensor: shape=(), dtype=float32, numpy=5.594799>}
{'batch_loss': <tf.Tensor: shape=(), dtype=float32, numpy=5.583368>}
{'batch_loss': <tf.Tensor: shape=(), dtype=float32, numpy=5.850449>}
{'batch_loss': <tf.Tensor: shape=(), dtype=float32, numpy=5.0980754>}
{'batch_loss': <tf.Tensor: shape=(), dtype=float32, numpy=6.4473267>}
{'batch_loss': <tf.Tensor: shape=(), dtype=float32, numpy=6.1075788>}
{'batch_loss': <tf.Tensor: shape=(), dtype=float32, numpy=6.2687097>}
{'batch_loss': <tf.Tensor: shape=(), dtype=float32, numpy=6.056436>}
{'batch_loss': <tf.Tensor: shape=(), dtype=float32, numpy=6.5299883>}
{'batch_loss': <tf.Tensor: shape=(), dtype=float32, numpy=5.348888>}
{'batch_loss': <tf.Tensor: shape=(), dtype=float32, numpy=6.000552>}
{'batch_loss': <tf.Tensor: shape=(), dtype=float32, numpy=4.9965224>}
{'batch_loss': <tf.Tensor: shape=(), dtype=float32, numpy=4.9014864>}
{'batch_loss': <tf.Tensor: shape=(), dtype=float32, numpy=4.8155003>}
{'batch_loss': <tf.Tensor: shape=(), dtype=float32, numpy=6.643653>}
{'batch_loss': <tf.Tensor: shape=(), dtype=float32, numpy=6.317661>}
{'batch_loss': <tf.Tensor: shape=(), dtype=float32, numpy=6.2335277>}
{'batch_loss': <tf.Tensor: shape=(), dtype=float32, numpy=6.6940346>}
{'batch_loss': <tf.Tensor: shape=(), dtype=float32, numpy=6.0575047>}
{'batch_loss': <tf.Tensor: shape=(), dtype=float32, numpy=6.7077456>}
{'batch_loss': <tf.Tensor: shape=(), dtype=float32, numpy=5.9128127>}
{'batch_loss': <tf.Tensor: shape=(), dtype=float32, numpy=5.7425265>}
{'batch_loss': <tf.Tensor: shape=(), dtype=float32, numpy=5.897822>}
{'batch_loss': <tf.Tensor: shape=(), dtype=float32, numpy=5.517134>}
{'batch_loss': <tf.Tensor: shape=(), dtype=float32, numpy=6.544676>}
{'batch_loss': <tf.Tensor: shape=(), dtype=float32, numpy=6.700971>}
Step 3
{'batch_loss': <tf.Tensor: shape=(), dtype=float32, numpy=3.9433758>}
{'batch_loss': <tf.Tensor: shape=(), dtype=float32, numpy=3.7280698>}
{'batch_loss': <tf.Tensor: shape=(), dtype=float32, numpy=3.7285304>}
{'batch_loss': <tf.Tensor: shape=(), dtype=float32, numpy=5.5097084>}
{'batch_loss': <tf.Tensor: shape=(), dtype=float32, numpy=4.873749>}
{'batch_loss': <tf.Tensor: shape=(), dtype=float32, numpy=4.8655176>}
{'batch_loss': <tf.Tensor: shape=(), dtype=float32, numpy=5.5027885>}
{'batch_loss': <tf.Tensor: shape=(), dtype=float32, numpy=5.5295324>}
{'batch_loss': <tf.Tensor: shape=(), dtype=float32, numpy=2.9136803>}
{'batch_loss': <tf.Tensor: shape=(), dtype=float32, numpy=4.102388>}
{'batch_loss': <tf.Tensor: shape=(), dtype=float32, numpy=5.4607863>}
{'batch_loss': <tf.Tensor: shape=(), dtype=float32, numpy=5.429989>}
{'batch_loss': <tf.Tensor: shape=(), dtype=float32, numpy=5.379111>}
{'batch_loss': <tf.Tensor: shape=(), dtype=float32, numpy=4.6739373>}
{'batch_loss': <tf.Tensor: shape=(), dtype=float32, numpy=4.6995068>}
{'batch_loss': <tf.Tensor: shape=(), dtype=float32, numpy=4.5660253>}
{'batch_loss': <tf.Tensor: shape=(), dtype=float32, numpy=4.9475403>}
{'batch_loss': <tf.Tensor: shape=(), dtype=float32, numpy=4.0632157>}
{'batch_loss': <tf.Tensor: shape=(), dtype=float32, numpy=4.9927754>}
{'batch_loss': <tf.Tensor: shape=(), dtype=float32, numpy=5.1081553>}
{'batch_loss': <tf.Tensor: shape=(), dtype=float32, numpy=4.7392273>}
{'batch_loss': <tf.Tensor: shape=(), dtype=float32, numpy=5.643496>}
{'batch_loss': <tf.Tensor: shape=(), dtype=float32, numpy=5.1739225>}
{'batch_loss': <tf.Tensor: shape=(), dtype=float32, numpy=2.7939725>}
{'batch_loss': <tf.Tensor: shape=(), dtype=float32, numpy=5.16409>}
{'batch_loss': <tf.Tensor: shape=(), dtype=float32, numpy=5.285201>}
{'batch_loss': <tf.Tensor: shape=(), dtype=float32, numpy=5.957137>}
{'batch_loss': <tf.Tensor: shape=(), dtype=float32, numpy=5.316847>}
{'batch_loss': <tf.Tensor: shape=(), dtype=float32, numpy=5.295767>}
{'batch_loss': <tf.Tensor: shape=(), dtype=float32, numpy=5.2392945>}
{'batch_loss': <tf.Tensor: shape=(), dtype=float32, numpy=5.764341>}
{'batch_loss': <tf.Tensor: shape=(), dtype=float32, numpy=4.8697014>}
{'batch_loss': <tf.Tensor: shape=(), dtype=float32, numpy=5.806244>}
{'batch_loss': <tf.Tensor: shape=(), dtype=float32, numpy=5.8109174>}
{'batch_loss': <tf.Tensor: shape=(), dtype=float32, numpy=5.4652314>}
{'batch_loss': <tf.Tensor: shape=(), dtype=float32, numpy=2.9221632>}
{'batch_loss': <tf.Tensor: shape=(), dtype=float32, numpy=4.397962>}
{'batch_loss': <tf.Tensor: shape=(), dtype=float32, numpy=3.9232953>}
{'batch_loss': <tf.Tensor: shape=(), dtype=float32, numpy=5.7020645>}
{'batch_loss': <tf.Tensor: shape=(), dtype=float32, numpy=5.350414>}
{'batch_loss': <tf.Tensor: shape=(), dtype=float32, numpy=5.6227283>}
{'batch_loss': <tf.Tensor: shape=(), dtype=float32, numpy=4.891153>}
{'batch_loss': <tf.Tensor: shape=(), dtype=float32, numpy=5.930529>}
{'batch_loss': <tf.Tensor: shape=(), dtype=float32, numpy=5.2012753>}
{'batch_loss': <tf.Tensor: shape=(), dtype=float32, numpy=5.908813>}
{'batch_loss': <tf.Tensor: shape=(), dtype=float32, numpy=5.482881>}
{'batch_loss': <tf.Tensor: shape=(), dtype=float32, numpy=5.5615597>}
{'batch_loss': <tf.Tensor: shape=(), dtype=float32, numpy=5.6263933>}
{'batch_loss': <tf.Tensor: shape=(), dtype=float32, numpy=5.7992754>}
{'batch_loss': <tf.Tensor: shape=(), dtype=float32, numpy=5.4708967>}
{'batch_loss': <tf.Tensor: shape=(), dtype=float32, numpy=5.344451>}
{'batch_loss': <tf.Tensor: shape=(), dtype=float32, numpy=5.2925186>}
{'batch_loss': <tf.Tensor: shape=(), dtype=float32, numpy=3.455159>}
{'batch_loss': <tf.Tensor: shape=(), dtype=float32, numpy=6.0739264>}
{'batch_loss': <tf.Tensor: shape=(), dtype=float32, numpy=5.2709384>}
{'batch_loss': <tf.Tensor: shape=(), dtype=float32, numpy=5.514055>}
{'batch_loss': <tf.Tensor: shape=(), dtype=float32, numpy=6.157133>}
{'batch_loss': <tf.Tensor: shape=(), dtype=float32, numpy=5.1581244>}
{'batch_loss': <tf.Tensor: shape=(), dtype=float32, numpy=5.9015136>}
{'batch_loss': <tf.Tensor: shape=(), dtype=float32, numpy=4.912823>}
{'batch_loss': <tf.Tensor: shape=(), dtype=float32, numpy=5.367878>}
{'batch_loss': <tf.Tensor: shape=(), dtype=float32, numpy=5.5944843>}
{'batch_loss': <tf.Tensor: shape=(), dtype=float32, numpy=4.7710695>}
{'batch_loss': <tf.Tensor: shape=(), dtype=float32, numpy=5.3653355>}
{'batch_loss': <tf.Tensor: shape=(), dtype=float32, numpy=5.6935873>}
{'batch_loss': <tf.Tensor: shape=(), dtype=float32, numpy=5.181098>}
{'batch_loss': <tf.Tensor: shape=(), dtype=float32, numpy=6.144987>}
{'batch_loss': <tf.Tensor: shape=(), dtype=float32, numpy=5.1032166>}
{'batch_loss': <tf.Tensor: shape=(), dtype=float32, numpy=5.293978>}
{'batch_loss': <tf.Tensor: shape=(), dtype=float32, numpy=5.246948>}
{'batch_loss': <tf.Tensor: shape=(), dtype=float32, numpy=4.505462>}
{'batch_loss': <tf.Tensor: shape=(), dtype=float32, numpy=4.927335>}
{'batch_loss': <tf.Tensor: shape=(), dtype=float32, numpy=4.462166>}
{'batch_loss': <tf.Tensor: shape=(), dtype=float32, numpy=4.153643>}
{'batch_loss': <tf.Tensor: shape=(), dtype=float32, numpy=4.9467278>}
{'batch_loss': <tf.Tensor: shape=(), dtype=float32, numpy=5.473378>}
{'batch_loss': <tf.Tensor: shape=(), dtype=float32, numpy=4.9053392>}
{'batch_loss': <tf.Tensor: shape=(), dtype=float32, numpy=5.022467>}
{'batch_loss': <tf.Tensor: shape=(), dtype=float32, numpy=4.80691>}
{'batch_loss': <tf.Tensor: shape=(), dtype=float32, numpy=5.8002963>}
{'batch_loss': <tf.Tensor: shape=(), dtype=float32, numpy=6.295796>}
{'batch_loss': <tf.Tensor: shape=(), dtype=float32, numpy=5.787246>}
{'batch_loss': <tf.Tensor: shape=(), dtype=float32, numpy=5.794214>}
{'batch_loss': <tf.Tensor: shape=(), dtype=float32, numpy=5.692578>}
{'batch_loss': <tf.Tensor: shape=(), dtype=float32, numpy=6.502877>}
{'batch_loss': <tf.Tensor: shape=(), dtype=float32, numpy=5.7766914>}
{'batch_loss': <tf.Tensor: shape=(), dtype=float32, numpy=5.914973>}
{'batch_loss': <tf.Tensor: shape=(), dtype=float32, numpy=5.368399>}
{'batch_loss': <tf.Tensor: shape=(), dtype=float32, numpy=5.612784>}
{'batch_loss': <tf.Tensor: shape=(), dtype=float32, numpy=5.833181>}
{'batch_loss': <tf.Tensor: shape=(), dtype=float32, numpy=6.4698234>}
{'batch_loss': <tf.Tensor: shape=(), dtype=float32, numpy=5.5151772>}
{'batch_loss': <tf.Tensor: shape=(), dtype=float32, numpy=6.3221107>}
{'batch_loss': <tf.Tensor: shape=(), dtype=float32, numpy=6.2689443>}
{'batch_loss': <tf.Tensor: shape=(), dtype=float32, numpy=6.018351>}
{'batch_loss': <tf.Tensor: shape=(), dtype=float32, numpy=6.1712127>}
{'batch_loss': <tf.Tensor: shape=(), dtype=float32, numpy=6.4805064>}
{'batch_loss': <tf.Tensor: shape=(), dtype=float32, numpy=5.745474>}
{'batch_loss': <tf.Tensor: shape=(), dtype=float32, numpy=6.2359824>}
{'batch_loss': <tf.Tensor: shape=(), dtype=float32, numpy=5.8853493>}
{'batch_loss': <tf.Tensor: shape=(), dtype=float32, numpy=6.045429>}
{'batch_loss': <tf.Tensor: shape=(), dtype=float32, numpy=6.091977>}
{'batch_loss': <tf.Tensor: shape=(), dtype=float32, numpy=5.9555955>}
{'batch_loss': <tf.Tensor: shape=(), dtype=float32, numpy=5.9156976>}
{'batch_loss': <tf.Tensor: shape=(), dtype=float32, numpy=5.744851>}
{'batch_loss': <tf.Tensor: shape=(), dtype=float32, numpy=5.7413344>}
{'batch_loss': <tf.Tensor: shape=(), dtype=float32, numpy=5.741461>}
{'batch_loss': <tf.Tensor: shape=(), dtype=float32, numpy=6.040341>}
{'batch_loss': <tf.Tensor: shape=(), dtype=float32, numpy=6.1219997>}
{'batch_loss': <tf.Tensor: shape=(), dtype=float32, numpy=5.117001>}
{'batch_loss': <tf.Tensor: shape=(), dtype=float32, numpy=5.404356>}
{'batch_loss': <tf.Tensor: shape=(), dtype=float32, numpy=5.6268854>}
{'batch_loss': <tf.Tensor: shape=(), dtype=float32, numpy=5.5463166>}
{'batch_loss': <tf.Tensor: shape=(), dtype=float32, numpy=5.870841>}
{'batch_loss': <tf.Tensor: shape=(), dtype=float32, numpy=5.465971>}
{'batch_loss': <tf.Tensor: shape=(), dtype=float32, numpy=5.3764825>}
{'batch_loss': <tf.Tensor: shape=(), dtype=float32, numpy=5.3668804>}
{'batch_loss': <tf.Tensor: shape=(), dtype=float32, numpy=5.651899>}
{'batch_loss': <tf.Tensor: shape=(), dtype=float32, numpy=4.9437566>}
{'batch_loss': <tf.Tensor: shape=(), dtype=float32, numpy=6.2805915>}
{'batch_loss': <tf.Tensor: shape=(), dtype=float32, numpy=5.921548>}
{'batch_loss': <tf.Tensor: shape=(), dtype=float32, numpy=6.098657>}
{'batch_loss': <tf.Tensor: shape=(), dtype=float32, numpy=5.900097>}
{'batch_loss': <tf.Tensor: shape=(), dtype=float32, numpy=6.4038796>}
{'batch_loss': <tf.Tensor: shape=(), dtype=float32, numpy=5.246702>}
{'batch_loss': <tf.Tensor: shape=(), dtype=float32, numpy=5.846745>}
{'batch_loss': <tf.Tensor: shape=(), dtype=float32, numpy=4.868125>}
{'batch_loss': <tf.Tensor: shape=(), dtype=float32, numpy=4.766913>}
{'batch_loss': <tf.Tensor: shape=(), dtype=float32, numpy=4.714088>}
{'batch_loss': <tf.Tensor: shape=(), dtype=float32, numpy=6.4762526>}
{'batch_loss': <tf.Tensor: shape=(), dtype=float32, numpy=6.191276>}
{'batch_loss': <tf.Tensor: shape=(), dtype=float32, numpy=6.091994>}
{'batch_loss': <tf.Tensor: shape=(), dtype=float32, numpy=6.572377>}
{'batch_loss': <tf.Tensor: shape=(), dtype=float32, numpy=5.914633>}
{'batch_loss': <tf.Tensor: shape=(), dtype=float32, numpy=6.538543>}
{'batch_loss': <tf.Tensor: shape=(), dtype=float32, numpy=5.73366>}
{'batch_loss': <tf.Tensor: shape=(), dtype=float32, numpy=5.581341>}
{'batch_loss': <tf.Tensor: shape=(), dtype=float32, numpy=5.756099>}
{'batch_loss': <tf.Tensor: shape=(), dtype=float32, numpy=5.2565455>}
{'batch_loss': <tf.Tensor: shape=(), dtype=float32, numpy=6.431455>}
{'batch_loss': <tf.Tensor: shape=(), dtype=float32, numpy=6.5885286>}
Step 4
{'batch_loss': <tf.Tensor: shape=(), dtype=float32, numpy=3.8791103>}
{'batch_loss': <tf.Tensor: shape=(), dtype=float32, numpy=3.6887507>}
{'batch_loss': <tf.Tensor: shape=(), dtype=float32, numpy=3.6708074>}
{'batch_loss': <tf.Tensor: shape=(), dtype=float32, numpy=5.4654255>}
{'batch_loss': <tf.Tensor: shape=(), dtype=float32, numpy=4.753697>}
{'batch_loss': <tf.Tensor: shape=(), dtype=float32, numpy=4.7462144>}
{'batch_loss': <tf.Tensor: shape=(), dtype=float32, numpy=5.418754>}
{'batch_loss': <tf.Tensor: shape=(), dtype=float32, numpy=5.453922>}
{'batch_loss': <tf.Tensor: shape=(), dtype=float32, numpy=2.9236372>}
{'batch_loss': <tf.Tensor: shape=(), dtype=float32, numpy=4.0579953>}
{'batch_loss': <tf.Tensor: shape=(), dtype=float32, numpy=5.3728914>}
{'batch_loss': <tf.Tensor: shape=(), dtype=float32, numpy=5.3943973>}
{'batch_loss': <tf.Tensor: shape=(), dtype=float32, numpy=5.3246355>}
{'batch_loss': <tf.Tensor: shape=(), dtype=float32, numpy=4.5694613>}
{'batch_loss': <tf.Tensor: shape=(), dtype=float32, numpy=4.632234>}
{'batch_loss': <tf.Tensor: shape=(), dtype=float32, numpy=4.4957957>}
{'batch_loss': <tf.Tensor: shape=(), dtype=float32, numpy=4.8692317>}
{'batch_loss': <tf.Tensor: shape=(), dtype=float32, numpy=4.0008225>}
{'batch_loss': <tf.Tensor: shape=(), dtype=float32, numpy=4.929414>}
{'batch_loss': <tf.Tensor: shape=(), dtype=float32, numpy=5.007193>}
{'batch_loss': <tf.Tensor: shape=(), dtype=float32, numpy=4.665884>}
{'batch_loss': <tf.Tensor: shape=(), dtype=float32, numpy=5.5126224>}
{'batch_loss': <tf.Tensor: shape=(), dtype=float32, numpy=5.0959945>}
{'batch_loss': <tf.Tensor: shape=(), dtype=float32, numpy=2.7887406>}
{'batch_loss': <tf.Tensor: shape=(), dtype=float32, numpy=5.1049075>}
{'batch_loss': <tf.Tensor: shape=(), dtype=float32, numpy=5.213238>}
{'batch_loss': <tf.Tensor: shape=(), dtype=float32, numpy=5.898744>}
{'batch_loss': <tf.Tensor: shape=(), dtype=float32, numpy=5.237505>}
{'batch_loss': <tf.Tensor: shape=(), dtype=float32, numpy=5.2615995>}
{'batch_loss': <tf.Tensor: shape=(), dtype=float32, numpy=5.184554>}
{'batch_loss': <tf.Tensor: shape=(), dtype=float32, numpy=5.6292486>}
{'batch_loss': <tf.Tensor: shape=(), dtype=float32, numpy=4.8017535>}
{'batch_loss': <tf.Tensor: shape=(), dtype=float32, numpy=5.7533>}
{'batch_loss': <tf.Tensor: shape=(), dtype=float32, numpy=5.7739162>}
{'batch_loss': <tf.Tensor: shape=(), dtype=float32, numpy=5.3884315>}
{'batch_loss': <tf.Tensor: shape=(), dtype=float32, numpy=2.9085069>}
{'batch_loss': <tf.Tensor: shape=(), dtype=float32, numpy=4.296585>}
{'batch_loss': <tf.Tensor: shape=(), dtype=float32, numpy=3.8835838>}
{'batch_loss': <tf.Tensor: shape=(), dtype=float32, numpy=5.6348133>}
{'batch_loss': <tf.Tensor: shape=(), dtype=float32, numpy=5.3042874>}
{'batch_loss': <tf.Tensor: shape=(), dtype=float32, numpy=5.505666>}
{'batch_loss': <tf.Tensor: shape=(), dtype=float32, numpy=4.8099356>}
{'batch_loss': <tf.Tensor: shape=(), dtype=float32, numpy=5.859589>}
{'batch_loss': <tf.Tensor: shape=(), dtype=float32, numpy=5.1290913>}
{'batch_loss': <tf.Tensor: shape=(), dtype=float32, numpy=5.8538074>}
{'batch_loss': <tf.Tensor: shape=(), dtype=float32, numpy=5.3470116>}
{'batch_loss': <tf.Tensor: shape=(), dtype=float32, numpy=5.472491>}
{'batch_loss': <tf.Tensor: shape=(), dtype=float32, numpy=5.5502086>}
{'batch_loss': <tf.Tensor: shape=(), dtype=float32, numpy=5.73384>}
{'batch_loss': <tf.Tensor: shape=(), dtype=float32, numpy=5.411612>}
{'batch_loss': <tf.Tensor: shape=(), dtype=float32, numpy=5.302885>}
{'batch_loss': <tf.Tensor: shape=(), dtype=float32, numpy=5.241864>}
{'batch_loss': <tf.Tensor: shape=(), dtype=float32, numpy=3.4103587>}
{'batch_loss': <tf.Tensor: shape=(), dtype=float32, numpy=6.0376897>}
{'batch_loss': <tf.Tensor: shape=(), dtype=float32, numpy=5.227397>}
{'batch_loss': <tf.Tensor: shape=(), dtype=float32, numpy=5.4773293>}
{'batch_loss': <tf.Tensor: shape=(), dtype=float32, numpy=6.131987>}
{'batch_loss': <tf.Tensor: shape=(), dtype=float32, numpy=5.088173>}
{'batch_loss': <tf.Tensor: shape=(), dtype=float32, numpy=5.8978457>}
{'batch_loss': <tf.Tensor: shape=(), dtype=float32, numpy=4.847982>}
{'batch_loss': <tf.Tensor: shape=(), dtype=float32, numpy=5.2661047>}
{'batch_loss': <tf.Tensor: shape=(), dtype=float32, numpy=5.5054026>}
{'batch_loss': <tf.Tensor: shape=(), dtype=float32, numpy=4.6822314>}
{'batch_loss': <tf.Tensor: shape=(), dtype=float32, numpy=5.2831254>}
{'batch_loss': <tf.Tensor: shape=(), dtype=float32, numpy=5.625017>}
{'batch_loss': <tf.Tensor: shape=(), dtype=float32, numpy=5.136989>}
{'batch_loss': <tf.Tensor: shape=(), dtype=float32, numpy=6.141355>}
{'batch_loss': <tf.Tensor: shape=(), dtype=float32, numpy=5.0258813>}
{'batch_loss': <tf.Tensor: shape=(), dtype=float32, numpy=5.192457>}
{'batch_loss': <tf.Tensor: shape=(), dtype=float32, numpy=5.127476>}
{'batch_loss': <tf.Tensor: shape=(), dtype=float32, numpy=4.381556>}
{'batch_loss': <tf.Tensor: shape=(), dtype=float32, numpy=4.829659>}
{'batch_loss': <tf.Tensor: shape=(), dtype=float32, numpy=4.379121>}
{'batch_loss': <tf.Tensor: shape=(), dtype=float32, numpy=4.0531273>}
{'batch_loss': <tf.Tensor: shape=(), dtype=float32, numpy=4.836111>}
{'batch_loss': <tf.Tensor: shape=(), dtype=float32, numpy=5.3887653>}
{'batch_loss': <tf.Tensor: shape=(), dtype=float32, numpy=4.8009696>}
{'batch_loss': <tf.Tensor: shape=(), dtype=float32, numpy=4.880257>}
{'batch_loss': <tf.Tensor: shape=(), dtype=float32, numpy=4.682341>}
{'batch_loss': <tf.Tensor: shape=(), dtype=float32, numpy=5.723897>}
{'batch_loss': <tf.Tensor: shape=(), dtype=float32, numpy=6.2440834>}
{'batch_loss': <tf.Tensor: shape=(), dtype=float32, numpy=5.7131763>}
{'batch_loss': <tf.Tensor: shape=(), dtype=float32, numpy=5.7213883>}
{'batch_loss': <tf.Tensor: shape=(), dtype=float32, numpy=5.6096087>}
{'batch_loss': <tf.Tensor: shape=(), dtype=float32, numpy=6.452791>}
{'batch_loss': <tf.Tensor: shape=(), dtype=float32, numpy=5.6661735>}
{'batch_loss': <tf.Tensor: shape=(), dtype=float32, numpy=5.8411145>}
{'batch_loss': <tf.Tensor: shape=(), dtype=float32, numpy=5.310429>}
{'batch_loss': <tf.Tensor: shape=(), dtype=float32, numpy=5.5207734>}
{'batch_loss': <tf.Tensor: shape=(), dtype=float32, numpy=5.752959>}
{'batch_loss': <tf.Tensor: shape=(), dtype=float32, numpy=6.424716>}
{'batch_loss': <tf.Tensor: shape=(), dtype=float32, numpy=5.419403>}
{'batch_loss': <tf.Tensor: shape=(), dtype=float32, numpy=6.2700644>}
{'batch_loss': <tf.Tensor: shape=(), dtype=float32, numpy=6.198555>}
{'batch_loss': <tf.Tensor: shape=(), dtype=float32, numpy=5.929581>}
{'batch_loss': <tf.Tensor: shape=(), dtype=float32, numpy=6.115872>}
{'batch_loss': <tf.Tensor: shape=(), dtype=float32, numpy=6.4470797>}
{'batch_loss': <tf.Tensor: shape=(), dtype=float32, numpy=5.657104>}
{'batch_loss': <tf.Tensor: shape=(), dtype=float32, numpy=6.190652>}
{'batch_loss': <tf.Tensor: shape=(), dtype=float32, numpy=5.7816734>}
{'batch_loss': <tf.Tensor: shape=(), dtype=float32, numpy=5.978954>}
{'batch_loss': <tf.Tensor: shape=(), dtype=float32, numpy=6.0359526>}
{'batch_loss': <tf.Tensor: shape=(), dtype=float32, numpy=5.865721>}
{'batch_loss': <tf.Tensor: shape=(), dtype=float32, numpy=5.8195148>}
{'batch_loss': <tf.Tensor: shape=(), dtype=float32, numpy=5.6275644>}
{'batch_loss': <tf.Tensor: shape=(), dtype=float32, numpy=5.6740203>}
{'batch_loss': <tf.Tensor: shape=(), dtype=float32, numpy=5.6411886>}
{'batch_loss': <tf.Tensor: shape=(), dtype=float32, numpy=5.960457>}
{'batch_loss': <tf.Tensor: shape=(), dtype=float32, numpy=6.060546>}
{'batch_loss': <tf.Tensor: shape=(), dtype=float32, numpy=4.970423>}
{'batch_loss': <tf.Tensor: shape=(), dtype=float32, numpy=5.31355>}
{'batch_loss': <tf.Tensor: shape=(), dtype=float32, numpy=5.494817>}
{'batch_loss': <tf.Tensor: shape=(), dtype=float32, numpy=5.4537477>}
{'batch_loss': <tf.Tensor: shape=(), dtype=float32, numpy=5.7663994>}
{'batch_loss': <tf.Tensor: shape=(), dtype=float32, numpy=5.3743258>}
{'batch_loss': <tf.Tensor: shape=(), dtype=float32, numpy=5.270692>}
{'batch_loss': <tf.Tensor: shape=(), dtype=float32, numpy=5.2619653>}
{'batch_loss': <tf.Tensor: shape=(), dtype=float32, numpy=5.5594363>}
{'batch_loss': <tf.Tensor: shape=(), dtype=float32, numpy=4.8621774>}
{'batch_loss': <tf.Tensor: shape=(), dtype=float32, numpy=6.203791>}
{'batch_loss': <tf.Tensor: shape=(), dtype=float32, numpy=5.823035>}
{'batch_loss': <tf.Tensor: shape=(), dtype=float32, numpy=6.024797>}
{'batch_loss': <tf.Tensor: shape=(), dtype=float32, numpy=5.801988>}
{'batch_loss': <tf.Tensor: shape=(), dtype=float32, numpy=6.357206>}
{'batch_loss': <tf.Tensor: shape=(), dtype=float32, numpy=5.1847296>}
{'batch_loss': <tf.Tensor: shape=(), dtype=float32, numpy=5.7338247>}
{'batch_loss': <tf.Tensor: shape=(), dtype=float32, numpy=4.808966>}
{'batch_loss': <tf.Tensor: shape=(), dtype=float32, numpy=4.6710978>}
{'batch_loss': <tf.Tensor: shape=(), dtype=float32, numpy=4.652963>}
{'batch_loss': <tf.Tensor: shape=(), dtype=float32, numpy=6.3751826>}
{'batch_loss': <tf.Tensor: shape=(), dtype=float32, numpy=6.1245>}
{'batch_loss': <tf.Tensor: shape=(), dtype=float32, numpy=6.009273>}
{'batch_loss': <tf.Tensor: shape=(), dtype=float32, numpy=6.5120473>}
{'batch_loss': <tf.Tensor: shape=(), dtype=float32, numpy=5.831989>}
{'batch_loss': <tf.Tensor: shape=(), dtype=float32, numpy=6.4428935>}
{'batch_loss': <tf.Tensor: shape=(), dtype=float32, numpy=5.640869>}
{'batch_loss': <tf.Tensor: shape=(), dtype=float32, numpy=5.502346>}
{'batch_loss': <tf.Tensor: shape=(), dtype=float32, numpy=5.701809>}
{'batch_loss': <tf.Tensor: shape=(), dtype=float32, numpy=5.0953817>}
{'batch_loss': <tf.Tensor: shape=(), dtype=float32, numpy=6.397986>}
{'batch_loss': <tf.Tensor: shape=(), dtype=float32, numpy=6.5406723>}
Step 5
2509.6333112716675
[[3, 1964, 309, 946, 26914, 4]]
tf.Tensor(
[[26914 26914 26914 26914 26914 26914 26914 26914 26914 26914 26914 26914
  26914 26914 26914 26914 26914 26914 26914 26914 26914 26914 26914 26914
  26914 26914 26914 26914 26914 26914 26914 26914 26914 26914 26914 26914
  26914 26914 26914 26914 26914 26914 26914 26914 26914 26914 26914 26914
  26914 26914 26914 26914 26914 26914 26914 26914 26914 26914 26914 26914
  26914 26914 26914 26914 26914 26914 26914 26914 26914 26914 26914 26914
  26914 26914 26914 26914 26914 26914 26914 26914 26914 26914 26914 26914
  26914 26914 26914 26914 26914 26914 26914 26914 26914 26914 26914 26914
  26914 26914 26914 26914 26914 26914 26914 26914 26914 26914 26914 26914
  26914 26914 26914 26914 26914 26914 26914 26914 26914 26914 26914 26914
  26914 26914 26914 26914 26914 26914 26914 26914]], shape=(1, 128), dtype=int64)
................................................................................................................................
